- - [17/Aug/2020:09:23:48 +0000] "get /index.mipage" 200 61 22788 22788
- - [17/Aug/2020:09:23:48 +0000] "get /FontAwesome5/js/all.js" 200 46 1242204 1242204
- - [17/Aug/2020:09:23:48 +0000] "get /JQuery/jquery-3.4.1.min.js" 200 3 88147 88147
- - [17/Aug/2020:09:23:48 +0000] "get /JQuery/APL_JavaScript_Utils.js" 200 3 1338 1338
- - [17/Aug/2020:09:23:48 +0000] "get /Bootstrap4/popper.min.js" 200 6 21167 21167
- - [17/Aug/2020:09:23:48 +0000] "get /Bootstrap4/bootstrap.min.js" 200 9 58078 58078
- - [17/Aug/2020:09:23:48 +0000] "get /jBox/jBox.min.js" 200 5 37610 37610
- - [17/Aug/2020:09:23:48 +0000] "get /jBox/plugins/Confirm/jBox.Confirm.min.js" 200 4 1445 1445
- - [17/Aug/2020:09:23:48 +0000] "get /jBox/plugins/Notice/jBox.Notice.min.js" 200 4 1852 1852
- - [17/Aug/2020:09:23:48 +0000] "get /jBox/plugins/Image/jBox.Image.min.js" 200 4 4565 4565
- - [17/Aug/2020:09:23:48 +0000] "get /assets/lBox.js" 200 2 244 244
- - [17/Aug/2020:09:23:48 +0000] "get /Bootstrap4/bootstrap.min.css" 200 7 155764 155764
- - [17/Aug/2020:09:23:48 +0000] "get /jBox/jBox.css" 200 5 8701 8701
- - [17/Aug/2020:09:23:48 +0000] "get /jBox/plugins/Confirm/jBox.Confirm.css" 200 4 1053 1053
- - [17/Aug/2020:09:23:48 +0000] "get /jBox/plugins/Notice/jBox.Notice.css" 200 4 1325 1325
- - [17/Aug/2020:09:23:48 +0000] "get /jBox/plugins/Image/jBox.Image.css" 200 7 3390 3390
- - [17/Aug/2020:09:23:48 +0000] "get /jBox/themes/TooltipDark.css" 200 5 712 712
- - [17/Aug/2020:09:23:48 +0000] "get /assets/style.css" 200 2 62 62
- - [17/Aug/2020:09:23:48 +0000] "get /index.mipage" 200 116 23016 23016
- - [17/Aug/2020:11:15:40 +0000] "get /index.mipage" 200 78 22789 22789
- - [17/Aug/2020:11:15:40 +0000] "get /FontAwesome5/js/all.js" 200 36 1242204 1242204
- - [17/Aug/2020:11:15:40 +0000] "get /JQuery/jquery-3.4.1.min.js" 200 11 88147 88147
- - [17/Aug/2020:11:15:40 +0000] "get /JQuery/APL_JavaScript_Utils.js" 200 3 1338 1338
- - [17/Aug/2020:11:15:40 +0000] "get /Bootstrap4/popper.min.js" 200 4 21167 21167
- - [17/Aug/2020:11:15:40 +0000] "get /Bootstrap4/bootstrap.min.js" 200 6 58078 58078
- - [17/Aug/2020:11:15:41 +0000] "get /jBox/jBox.min.js" 200 4 37610 37610
- - [17/Aug/2020:11:15:41 +0000] "get /jBox/plugins/Confirm/jBox.Confirm.min.js" 200 4 1445 1445
- - [17/Aug/2020:11:15:41 +0000] "get /jBox/plugins/Notice/jBox.Notice.min.js" 200 3 1852 1852
- - [17/Aug/2020:11:15:41 +0000] "get /jBox/plugins/Image/jBox.Image.min.js" 200 4 4565 4565
- - [17/Aug/2020:11:15:41 +0000] "get /assets/lBox.js" 200 2 244 244
- - [17/Aug/2020:11:15:41 +0000] "get /Bootstrap4/bootstrap.min.css" 200 7 155764 155764
- - [17/Aug/2020:11:15:41 +0000] "get /jBox/jBox.css" 200 4 8701 8701
- - [17/Aug/2020:11:15:41 +0000] "get /jBox/plugins/Confirm/jBox.Confirm.css" 200 4 1053 1053
- - [17/Aug/2020:11:15:41 +0000] "get /jBox/plugins/Notice/jBox.Notice.css" 200 3 1325 1325
- - [17/Aug/2020:11:15:41 +0000] "get /jBox/plugins/Image/jBox.Image.css" 200 4 3390 3390
- - [17/Aug/2020:11:15:41 +0000] "get /jBox/themes/TooltipDark.css" 200 2 712 712
- - [17/Aug/2020:11:15:41 +0000] "get /assets/style.css" 200 2 62 62
- - [17/Aug/2020:11:15:41 +0000] "get /index.mipage" 200 94 23017 23017
- - [17/Aug/2020:11:15:41 +0000] "get /Bootstrap4/bootstrap.min.css" 200 3 155764 155764
- - [17/Aug/2020:11:15:41 +0000] "get /jBox/plugins/Confirm/jBox.Confirm.css" 200 2 1053 1053
- - [17/Aug/2020:11:15:41 +0000] "get /jBox/jBox.css" 200 2 8701 8701
- - [17/Aug/2020:11:15:41 +0000] "get /jBox/plugins/Notice/jBox.Notice.css" 200 4 1325 1325
- - [17/Aug/2020:11:15:41 +0000] "get /jBox/plugins/Image/jBox.Image.css" 200 3 3390 3390
- - [17/Aug/2020:11:15:41 +0000] "get /jBox/themes/TooltipDark.css" 200 2 712 712
- - [17/Aug/2020:11:15:41 +0000] "get /assets/style.css" 200 3 62 62
