- - [16/Aug/2020:07:32:37 +0000] "get /index.mipage" 200 72 17585 17585
- - [16/Aug/2020:07:32:38 +0000] "get /FontAwesome5/js/all.js" 200 67 1242204 1242204
- - [16/Aug/2020:07:32:38 +0000] "get /JQuery/jquery-3.4.1.min.js" 200 15 88147 88147
- - [16/Aug/2020:07:32:38 +0000] "get /JQuery/APL_JavaScript_Utils.js" 200 3 1338 1338
- - [16/Aug/2020:07:32:38 +0000] "get /Bootstrap4/popper.min.js" 200 6 21167 21167
- - [16/Aug/2020:07:32:38 +0000] "get /Bootstrap4/bootstrap.min.js" 200 8 58078 58078
- - [16/Aug/2020:07:32:38 +0000] "get /jBox/jBox.min.js" 200 7 37610 37610
- - [16/Aug/2020:07:32:38 +0000] "get /jBox/plugins/Confirm/jBox.Confirm.min.js" 200 5 1445 1445
- - [16/Aug/2020:07:32:38 +0000] "get /jBox/plugins/Notice/jBox.Notice.min.js" 200 4 1852 1852
- - [16/Aug/2020:07:32:38 +0000] "get /jBox/plugins/Image/jBox.Image.min.js" 200 4 4565 4565
- - [16/Aug/2020:07:32:38 +0000] "get /assets/lBox.js" 200 2 244 244
- - [16/Aug/2020:07:32:38 +0000] "get /Bootstrap4/bootstrap.min.css" 200 7 155764 155764
- - [16/Aug/2020:07:32:38 +0000] "get /jBox/jBox.css" 200 4 8701 8701
- - [16/Aug/2020:07:32:38 +0000] "get /jBox/plugins/Confirm/jBox.Confirm.css" 200 3 1053 1053
- - [16/Aug/2020:07:32:38 +0000] "get /jBox/plugins/Notice/jBox.Notice.css" 200 4 1325 1325
- - [16/Aug/2020:07:32:38 +0000] "get /jBox/plugins/Image/jBox.Image.css" 200 3 3390 3390
- - [16/Aug/2020:07:32:38 +0000] "get /jBox/themes/TooltipDark.css" 200 4 712 712
- - [16/Aug/2020:07:32:38 +0000] "get /assets/style.css" 200 4 62 62
- - [16/Aug/2020:07:32:38 +0000] "get /index.mipage" 200 76 17816 17816
- - [16/Aug/2020:07:32:38 +0000] "get /Bootstrap4/bootstrap.min.css" 200 2 155764 155764
- - [16/Aug/2020:07:32:38 +0000] "get /jBox/jBox.css" 200 2 8701 8701
- - [16/Aug/2020:07:32:38 +0000] "get /jBox/plugins/Confirm/jBox.Confirm.css" 200 2 1053 1053
- - [16/Aug/2020:07:32:38 +0000] "get /jBox/plugins/Notice/jBox.Notice.css" 200 2 1325 1325
- - [16/Aug/2020:07:32:38 +0000] "get /jBox/themes/TooltipDark.css" 200 2 712 712
- - [16/Aug/2020:07:32:38 +0000] "get /jBox/plugins/Image/jBox.Image.css" 200 2 3390 3390
- - [16/Aug/2020:07:32:38 +0000] "get /assets/style.css" 200 3 62 62
- - [16/Aug/2020:07:32:56 +0000] "post /index.mipage" 200 17 2243 2243
- - [16/Aug/2020:07:33:03 +0000] "post /index.mipage" 200 28 606 606
- - [16/Aug/2020:07:33:11 +0000] "post /index.mipage" 200 8 112 112
- - [16/Aug/2020:07:36:03 +0000] "post /index.mipage" 200 167443 555 555
- - [16/Aug/2020:07:36:07 +0000] "post /index.mipage" 200 58 112 112
- - [16/Aug/2020:07:36:17 +0000] "post /index.mipage" 200 7486 553 553
- - [16/Aug/2020:07:36:20 +0000] "post /index.mipage" 200 54 112 112
- - [16/Aug/2020:07:36:22 +0000] "post /index.mipage" 200 12 565 565
- - [16/Aug/2020:07:36:23 +0000] "post /index.mipage" 200 6 112 112
- - [16/Aug/2020:07:36:27 +0000] "post /index.mipage" 200 13 554 554
- - [16/Aug/2020:07:36:29 +0000] "post /index.mipage" 200 7 112 112
- - [16/Aug/2020:07:36:30 +0000] "post /index.mipage" 200 12 555 555
- - [16/Aug/2020:07:36:34 +0000] "post /index.mipage" 200 7 112 112
- - [16/Aug/2020:07:36:47 +0000] "post /index.mipage" 200 13 558 558
- - [16/Aug/2020:07:36:48 +0000] "post /index.mipage" 200 7 112 112
- - [16/Aug/2020:07:36:49 +0000] "post /index.mipage" 200 14 557 557
- - [16/Aug/2020:07:36:50 +0000] "post /index.mipage" 200 7 112 112
- - [16/Aug/2020:07:36:51 +0000] "post /index.mipage" 200 13 557 557
- - [16/Aug/2020:07:36:52 +0000] "post /index.mipage" 200 7 112 112
- - [16/Aug/2020:07:36:53 +0000] "post /index.mipage" 200 13 559 559
- - [16/Aug/2020:07:36:54 +0000] "post /index.mipage" 200 6 112 112
- - [16/Aug/2020:07:36:56 +0000] "post /index.mipage" 200 11 556 556
- - [16/Aug/2020:07:36:58 +0000] "post /index.mipage" 200 6 112 112
- - [16/Aug/2020:07:36:59 +0000] "post /index.mipage" 200 13 565 565
- - [16/Aug/2020:07:37:00 +0000] "post /index.mipage" 200 9 112 112
- - [16/Aug/2020:07:37:01 +0000] "post /index.mipage" 200 11 560 560
- - [16/Aug/2020:07:37:01 +0000] "post /index.mipage" 200 5 112 112
- - [16/Aug/2020:07:37:02 +0000] "post /index.mipage" 200 14 557 557
- - [16/Aug/2020:07:37:03 +0000] "post /index.mipage" 200 15 112 112
- - [16/Aug/2020:07:37:04 +0000] "post /index.mipage" 200 13 556 556
- - [16/Aug/2020:07:37:05 +0000] "post /index.mipage" 200 10 112 112
- - [16/Aug/2020:07:37:05 +0000] "post /index.mipage" 200 15 557 557
- - [16/Aug/2020:07:37:07 +0000] "post /index.mipage" 200 10 112 112
- - [16/Aug/2020:07:37:08 +0000] "post /index.mipage" 200 21 566 566
- - [16/Aug/2020:07:37:08 +0000] "post /index.mipage" 200 6 112 112
- - [16/Aug/2020:07:37:09 +0000] "post /index.mipage" 200 11 559 559
- - [16/Aug/2020:07:37:09 +0000] "post /index.mipage" 200 7 112 112
- - [16/Aug/2020:07:37:10 +0000] "post /index.mipage" 200 13 555 555
- - [16/Aug/2020:07:37:11 +0000] "post /index.mipage" 200 9 112 112
- - [16/Aug/2020:07:37:12 +0000] "post /index.mipage" 200 10 555 555
- - [16/Aug/2020:07:37:12 +0000] "post /index.mipage" 200 8 112 112
- - [16/Aug/2020:07:37:13 +0000] "post /index.mipage" 200 16 556 556
- - [16/Aug/2020:07:37:14 +0000] "post /index.mipage" 200 8 112 112
- - [16/Aug/2020:07:37:15 +0000] "post /index.mipage" 200 11 570 570
- - [16/Aug/2020:07:37:15 +0000] "post /index.mipage" 200 6 112 112
- - [16/Aug/2020:07:37:16 +0000] "post /index.mipage" 200 13 565 565
- - [16/Aug/2020:07:37:18 +0000] "post /index.mipage" 200 8 112 112
- - [16/Aug/2020:07:37:19 +0000] "post /index.mipage" 200 11 557 557
- - [16/Aug/2020:07:37:20 +0000] "post /index.mipage" 200 7 112 112
- - [16/Aug/2020:07:37:21 +0000] "post /index.mipage" 200 15 565 565
- - [16/Aug/2020:07:37:22 +0000] "post /index.mipage" 200 5 112 112
- - [16/Aug/2020:07:37:23 +0000] "post /index.mipage" 200 13 552 552
- - [16/Aug/2020:07:37:24 +0000] "post /index.mipage" 200 6 112 112
- - [16/Aug/2020:07:37:24 +0000] "post /index.mipage" 200 13 559 559
- - [16/Aug/2020:07:37:25 +0000] "post /index.mipage" 200 6 112 112
- - [16/Aug/2020:07:37:26 +0000] "post /index.mipage" 200 10 566 566
- - [16/Aug/2020:07:37:28 +0000] "post /index.mipage" 200 6 112 112
- - [16/Aug/2020:07:37:29 +0000] "post /index.mipage" 200 12 555 555
- - [16/Aug/2020:07:37:31 +0000] "post /index.mipage" 200 6 112 112
- - [16/Aug/2020:07:37:32 +0000] "post /index.mipage" 200 11 562 562
- - [16/Aug/2020:07:37:36 +0000] "post /index.mipage" 200 7 112 112
- - [16/Aug/2020:07:37:38 +0000] "post /index.mipage" 200 13 556 556
- - [16/Aug/2020:07:37:40 +0000] "post /index.mipage" 200 6 112 112
- - [16/Aug/2020:07:37:42 +0000] "post /index.mipage" 200 12 555 555
- - [16/Aug/2020:07:45:53 +0000] "get /index.mipage" 200 95 17585 17585
- - [16/Aug/2020:07:45:53 +0000] "get /FontAwesome5/js/all.js" 200 2 1242204 1242204
- - [16/Aug/2020:07:45:53 +0000] "get /JQuery/jquery-3.4.1.min.js" 200 2 88147 88147
- - [16/Aug/2020:07:45:53 +0000] "get /JQuery/APL_JavaScript_Utils.js" 200 3 1338 1338
- - [16/Aug/2020:07:45:53 +0000] "get /Bootstrap4/popper.min.js" 200 2 21167 21167
- - [16/Aug/2020:07:45:53 +0000] "get /Bootstrap4/bootstrap.min.js" 200 2 58078 58078
- - [16/Aug/2020:07:45:53 +0000] "get /jBox/jBox.min.js" 200 3 37610 37610
- - [16/Aug/2020:07:45:53 +0000] "get /jBox/plugins/Confirm/jBox.Confirm.min.js" 200 2 1445 1445
- - [16/Aug/2020:07:45:53 +0000] "get /jBox/plugins/Notice/jBox.Notice.min.js" 200 2 1852 1852
- - [16/Aug/2020:07:45:53 +0000] "get /jBox/plugins/Image/jBox.Image.min.js" 200 2 4565 4565
- - [16/Aug/2020:07:45:53 +0000] "get /assets/lBox.js" 200 2 244 244
- - [16/Aug/2020:07:45:53 +0000] "get /Bootstrap4/bootstrap.min.css" 200 3 155764 155764
- - [16/Aug/2020:07:45:53 +0000] "get /jBox/jBox.css" 200 4 8701 8701
- - [16/Aug/2020:07:45:53 +0000] "get /jBox/plugins/Confirm/jBox.Confirm.css" 200 2 1053 1053
- - [16/Aug/2020:07:45:53 +0000] "get /jBox/plugins/Notice/jBox.Notice.css" 200 2 1325 1325
- - [16/Aug/2020:07:45:53 +0000] "get /jBox/plugins/Image/jBox.Image.css" 200 2 3390 3390
- - [16/Aug/2020:07:45:53 +0000] "get /jBox/themes/TooltipDark.css" 200 2 712 712
- - [16/Aug/2020:07:45:53 +0000] "get /assets/style.css" 200 3 62 62
- - [16/Aug/2020:07:45:53 +0000] "get /index.mipage" 200 60 17813 17813
- - [16/Aug/2020:07:45:53 +0000] "get /Bootstrap4/bootstrap.min.css" 200 3 155764 155764
- - [16/Aug/2020:07:45:53 +0000] "get /jBox/jBox.css" 200 4 8701 8701
- - [16/Aug/2020:07:45:54 +0000] "get /jBox/plugins/Confirm/jBox.Confirm.css" 200 4 1053 1053
- - [16/Aug/2020:07:45:54 +0000] "get /jBox/plugins/Notice/jBox.Notice.css" 200 4 1325 1325
- - [16/Aug/2020:07:45:54 +0000] "get /jBox/plugins/Image/jBox.Image.css" 200 5 3390 3390
- - [16/Aug/2020:07:45:54 +0000] "get /jBox/themes/TooltipDark.css" 200 5 712 712
- - [16/Aug/2020:07:45:54 +0000] "get /assets/style.css" 200 2 62 62
- - [16/Aug/2020:07:46:01 +0000] "post /index.mipage" 200 23 2243 2243
- - [16/Aug/2020:08:01:01 +0000] "get /index.mipage" 200 67 17663 17663
- - [16/Aug/2020:08:01:01 +0000] "get /FontAwesome5/js/all.js" 200 4 1242204 1242204
- - [16/Aug/2020:08:01:01 +0000] "get /JQuery/jquery-3.4.1.min.js" 200 2 88147 88147
- - [16/Aug/2020:08:01:01 +0000] "get /JQuery/APL_JavaScript_Utils.js" 200 2 1338 1338
- - [16/Aug/2020:08:01:01 +0000] "get /Bootstrap4/popper.min.js" 200 3 21167 21167
- - [16/Aug/2020:08:01:01 +0000] "get /Bootstrap4/bootstrap.min.js" 200 5 58078 58078
- - [16/Aug/2020:08:01:01 +0000] "get /jBox/jBox.min.js" 200 2 37610 37610
- - [16/Aug/2020:08:01:01 +0000] "get /jBox/plugins/Confirm/jBox.Confirm.min.js" 200 4 1445 1445
- - [16/Aug/2020:08:01:01 +0000] "get /jBox/plugins/Notice/jBox.Notice.min.js" 200 2 1852 1852
- - [16/Aug/2020:08:01:01 +0000] "get /jBox/plugins/Image/jBox.Image.min.js" 200 3 4565 4565
- - [16/Aug/2020:08:01:01 +0000] "get /assets/lBox.js" 200 2 244 244
- - [16/Aug/2020:08:01:01 +0000] "get /Bootstrap4/bootstrap.min.css" 200 3 155764 155764
- - [16/Aug/2020:08:01:01 +0000] "get /jBox/jBox.css" 200 2 8701 8701
- - [16/Aug/2020:08:01:01 +0000] "get /jBox/plugins/Confirm/jBox.Confirm.css" 200 3 1053 1053
- - [16/Aug/2020:08:01:01 +0000] "get /jBox/plugins/Notice/jBox.Notice.css" 200 4 1325 1325
- - [16/Aug/2020:08:01:01 +0000] "get /jBox/plugins/Image/jBox.Image.css" 200 2 3390 3390
- - [16/Aug/2020:08:01:01 +0000] "get /jBox/themes/TooltipDark.css" 200 4 712 712
- - [16/Aug/2020:08:01:01 +0000] "get /assets/style.css" 200 3 62 62
- - [16/Aug/2020:08:01:02 +0000] "get /index.mipage" 200 126 17929 17929
- - [16/Aug/2020:08:02:00 +0000] "get /index.mipage" 200 119 17663 17663
- - [16/Aug/2020:08:02:00 +0000] "get /FontAwesome5/js/all.js" 200 4 1242204 1242204
- - [16/Aug/2020:08:02:00 +0000] "get /JQuery/jquery-3.4.1.min.js" 200 3 88147 88147
- - [16/Aug/2020:08:02:00 +0000] "get /JQuery/APL_JavaScript_Utils.js" 200 2 1338 1338
- - [16/Aug/2020:08:02:00 +0000] "get /Bootstrap4/popper.min.js" 200 2 21167 21167
- - [16/Aug/2020:08:02:00 +0000] "get /Bootstrap4/bootstrap.min.js" 200 3 58078 58078
- - [16/Aug/2020:08:02:00 +0000] "get /jBox/jBox.min.js" 200 2 37610 37610
- - [16/Aug/2020:08:02:00 +0000] "get /jBox/plugins/Confirm/jBox.Confirm.min.js" 200 3 1445 1445
- - [16/Aug/2020:08:02:00 +0000] "get /jBox/plugins/Notice/jBox.Notice.min.js" 200 3 1852 1852
- - [16/Aug/2020:08:02:00 +0000] "get /jBox/plugins/Image/jBox.Image.min.js" 200 5 4565 4565
- - [16/Aug/2020:08:02:00 +0000] "get /assets/lBox.js" 200 1 244 244
- - [16/Aug/2020:08:02:00 +0000] "get /Bootstrap4/bootstrap.min.css" 200 3 155764 155764
- - [16/Aug/2020:08:02:00 +0000] "get /jBox/plugins/Confirm/jBox.Confirm.css" 200 3 1053 1053
- - [16/Aug/2020:08:02:00 +0000] "get /jBox/jBox.css" 200 2 8701 8701
- - [16/Aug/2020:08:02:00 +0000] "get /jBox/plugins/Notice/jBox.Notice.css" 200 3 1325 1325
- - [16/Aug/2020:08:02:00 +0000] "get /jBox/plugins/Image/jBox.Image.css" 200 2 3390 3390
- - [16/Aug/2020:08:02:00 +0000] "get /jBox/themes/TooltipDark.css" 200 2 712 712
- - [16/Aug/2020:08:02:00 +0000] "get /assets/style.css" 200 3 62 62
- - [16/Aug/2020:08:02:01 +0000] "get /index.mipage" 200 100 17923 17923
- - [16/Aug/2020:08:13:30 +0000] "get /index.mipage" 200 108 17591 17591
- - [16/Aug/2020:08:13:30 +0000] "get /FontAwesome5/js/all.js" 200 2 1242204 1242204
- - [16/Aug/2020:08:13:30 +0000] "get /JQuery/jquery-3.4.1.min.js" 200 2 88147 88147
- - [16/Aug/2020:08:13:30 +0000] "get /JQuery/APL_JavaScript_Utils.js" 200 3 1338 1338
- - [16/Aug/2020:08:13:30 +0000] "get /Bootstrap4/popper.min.js" 200 2 21167 21167
- - [16/Aug/2020:08:13:30 +0000] "get /Bootstrap4/bootstrap.min.js" 200 3 58078 58078
- - [16/Aug/2020:08:13:30 +0000] "get /jBox/jBox.min.js" 200 2 37610 37610
- - [16/Aug/2020:08:13:30 +0000] "get /jBox/plugins/Confirm/jBox.Confirm.min.js" 200 2 1445 1445
- - [16/Aug/2020:08:13:30 +0000] "get /jBox/plugins/Notice/jBox.Notice.min.js" 200 3 1852 1852
- - [16/Aug/2020:08:13:30 +0000] "get /jBox/plugins/Image/jBox.Image.min.js" 200 2 4565 4565
- - [16/Aug/2020:08:13:30 +0000] "get /assets/lBox.js" 200 2 244 244
- - [16/Aug/2020:08:13:30 +0000] "get /Bootstrap4/bootstrap.min.css" 200 2 155764 155764
- - [16/Aug/2020:08:13:30 +0000] "get /jBox/jBox.css" 200 2 8701 8701
- - [16/Aug/2020:08:13:30 +0000] "get /jBox/plugins/Confirm/jBox.Confirm.css" 200 3 1053 1053
- - [16/Aug/2020:08:13:30 +0000] "get /jBox/plugins/Notice/jBox.Notice.css" 200 3 1325 1325
- - [16/Aug/2020:08:13:30 +0000] "get /jBox/plugins/Image/jBox.Image.css" 200 2 3390 3390
- - [16/Aug/2020:08:13:30 +0000] "get /jBox/themes/TooltipDark.css" 200 2 712 712
- - [16/Aug/2020:08:13:30 +0000] "get /assets/style.css" 200 2 62 62
- - [16/Aug/2020:08:13:31 +0000] "get /index.mipage" 200 100 17813 17813
- - [16/Aug/2020:08:13:31 +0000] "get /Bootstrap4/bootstrap.min.css" 200 4 155764 155764
- - [16/Aug/2020:08:13:31 +0000] "get /jBox/jBox.css" 200 2 8701 8701
- - [16/Aug/2020:08:13:31 +0000] "get /jBox/plugins/Confirm/jBox.Confirm.css" 200 3 1053 1053
- - [16/Aug/2020:08:13:31 +0000] "get /jBox/plugins/Notice/jBox.Notice.css" 200 3 1325 1325
- - [16/Aug/2020:08:13:31 +0000] "get /jBox/plugins/Image/jBox.Image.css" 200 2 3390 3390
- - [16/Aug/2020:08:13:31 +0000] "get /assets/style.css" 200 2 62 62
- - [16/Aug/2020:08:13:31 +0000] "get /jBox/themes/TooltipDark.css" 200 2 712 712
- - [16/Aug/2020:08:21:17 +0000] "get /index.mipage" 200 146340 17424 17424
- - [16/Aug/2020:08:21:17 +0000] "get /FontAwesome5/js/all.js" 200 3 1242204 1242204
- - [16/Aug/2020:08:21:17 +0000] "get /JQuery/jquery-3.4.1.min.js" 200 3 88147 88147
- - [16/Aug/2020:08:21:17 +0000] "get /JQuery/APL_JavaScript_Utils.js" 200 3 1338 1338
- - [16/Aug/2020:08:21:17 +0000] "get /Bootstrap4/popper.min.js" 200 3 21167 21167
- - [16/Aug/2020:08:21:17 +0000] "get /Bootstrap4/bootstrap.min.js" 200 3 58078 58078
- - [16/Aug/2020:08:21:17 +0000] "get /jBox/jBox.min.js" 200 3 37610 37610
- - [16/Aug/2020:08:21:17 +0000] "get /jBox/plugins/Confirm/jBox.Confirm.min.js" 200 3 1445 1445
- - [16/Aug/2020:08:21:17 +0000] "get /jBox/plugins/Notice/jBox.Notice.min.js" 200 4 1852 1852
- - [16/Aug/2020:08:21:17 +0000] "get /jBox/plugins/Image/jBox.Image.min.js" 200 2 4565 4565
- - [16/Aug/2020:08:21:17 +0000] "get /assets/lBox.js" 200 3 244 244
- - [16/Aug/2020:08:21:17 +0000] "get /Bootstrap4/bootstrap.min.css" 200 2 155764 155764
- - [16/Aug/2020:08:21:17 +0000] "get /jBox/jBox.css" 200 3 8701 8701
- - [16/Aug/2020:08:21:17 +0000] "get /jBox/plugins/Confirm/jBox.Confirm.css" 200 2 1053 1053
- - [16/Aug/2020:08:21:17 +0000] "get /jBox/plugins/Notice/jBox.Notice.css" 200 2 1325 1325
- - [16/Aug/2020:08:21:17 +0000] "get /jBox/plugins/Image/jBox.Image.css" 200 2 3390 3390
- - [16/Aug/2020:08:21:17 +0000] "get /jBox/themes/TooltipDark.css" 200 3 712 712
- - [16/Aug/2020:08:21:17 +0000] "get /assets/style.css" 200 2 62 62
- - [16/Aug/2020:08:21:22 +0000] "post /index.mipage" 200 59 2243 2243
- - [16/Aug/2020:08:26:46 +0000] "get /index.mipage" 200 110 17424 17424
- - [16/Aug/2020:08:26:47 +0000] "get /FontAwesome5/js/all.js" 200 3 1242204 1242204
- - [16/Aug/2020:08:26:47 +0000] "get /JQuery/jquery-3.4.1.min.js" 200 2 88147 88147
- - [16/Aug/2020:08:26:47 +0000] "get /JQuery/APL_JavaScript_Utils.js" 200 2 1338 1338
- - [16/Aug/2020:08:26:47 +0000] "get /Bootstrap4/popper.min.js" 200 3 21167 21167
- - [16/Aug/2020:08:26:47 +0000] "get /Bootstrap4/bootstrap.min.js" 200 2 58078 58078
- - [16/Aug/2020:08:26:47 +0000] "get /jBox/jBox.min.js" 200 2 37610 37610
- - [16/Aug/2020:08:26:47 +0000] "get /jBox/plugins/Confirm/jBox.Confirm.min.js" 200 3 1445 1445
- - [16/Aug/2020:08:26:47 +0000] "get /jBox/plugins/Notice/jBox.Notice.min.js" 200 2 1852 1852
- - [16/Aug/2020:08:26:47 +0000] "get /jBox/plugins/Image/jBox.Image.min.js" 200 2 4565 4565
- - [16/Aug/2020:08:26:47 +0000] "get /assets/lBox.js" 200 1 244 244
- - [16/Aug/2020:08:26:47 +0000] "get /Bootstrap4/bootstrap.min.css" 200 3 155764 155764
- - [16/Aug/2020:08:26:47 +0000] "get /jBox/jBox.css" 200 2 8701 8701
- - [16/Aug/2020:08:26:47 +0000] "get /jBox/plugins/Confirm/jBox.Confirm.css" 200 3 1053 1053
- - [16/Aug/2020:08:26:47 +0000] "get /jBox/plugins/Notice/jBox.Notice.css" 200 2 1325 1325
- - [16/Aug/2020:08:26:47 +0000] "get /jBox/plugins/Image/jBox.Image.css" 200 3 3390 3390
- - [16/Aug/2020:08:26:47 +0000] "get /jBox/themes/TooltipDark.css" 200 2 712 712
- - [16/Aug/2020:08:26:47 +0000] "get /assets/style.css" 200 1 62 62
- - [16/Aug/2020:08:26:47 +0000] "get /index.mipage" 200 60 17655 17655
- - [16/Aug/2020:08:26:47 +0000] "get /Bootstrap4/bootstrap.min.css" 200 2 155764 155764
- - [16/Aug/2020:08:26:47 +0000] "get /jBox/jBox.css" 200 2 8701 8701
- - [16/Aug/2020:08:26:47 +0000] "get /jBox/plugins/Image/jBox.Image.css" 200 2 3390 3390
- - [16/Aug/2020:08:26:47 +0000] "get /jBox/plugins/Confirm/jBox.Confirm.css" 200 2 1053 1053
- - [16/Aug/2020:08:26:47 +0000] "get /jBox/themes/TooltipDark.css" 200 2 712 712
- - [16/Aug/2020:08:26:47 +0000] "get /assets/style.css" 200 2 62 62
- - [16/Aug/2020:08:26:47 +0000] "get /jBox/plugins/Notice/jBox.Notice.css" 200 2 1325 1325
- - [16/Aug/2020:08:26:57 +0000] "post /index.mipage" 200 22 2243 2243
- - [16/Aug/2020:08:32:53 +0000] "post /index.mipage" 200 353429 706 706
- - [16/Aug/2020:08:39:23 +0000] "get /index.mipage" 200 11304 17428 17428
- - [16/Aug/2020:08:39:23 +0000] "get /FontAwesome5/js/all.js" 200 2 1242204 1242204
- - [16/Aug/2020:08:39:23 +0000] "get /JQuery/jquery-3.4.1.min.js" 200 2 88147 88147
- - [16/Aug/2020:08:39:23 +0000] "get /JQuery/APL_JavaScript_Utils.js" 200 2 1338 1338
- - [16/Aug/2020:08:39:23 +0000] "get /Bootstrap4/popper.min.js" 200 2 21167 21167
- - [16/Aug/2020:08:39:23 +0000] "get /Bootstrap4/bootstrap.min.js" 200 3 58078 58078
- - [16/Aug/2020:08:39:23 +0000] "get /jBox/jBox.min.js" 200 3 37610 37610
- - [16/Aug/2020:08:39:23 +0000] "get /jBox/plugins/Confirm/jBox.Confirm.min.js" 200 3 1445 1445
- - [16/Aug/2020:08:39:23 +0000] "get /jBox/plugins/Notice/jBox.Notice.min.js" 200 2 1852 1852
- - [16/Aug/2020:08:39:23 +0000] "get /jBox/plugins/Image/jBox.Image.min.js" 200 2 4565 4565
- - [16/Aug/2020:08:39:23 +0000] "get /assets/lBox.js" 200 2 244 244
- - [16/Aug/2020:08:39:23 +0000] "get /Bootstrap4/bootstrap.min.css" 200 3 155764 155764
- - [16/Aug/2020:08:39:23 +0000] "get /jBox/jBox.css" 200 2 8701 8701
- - [16/Aug/2020:08:39:23 +0000] "get /jBox/plugins/Confirm/jBox.Confirm.css" 200 2 1053 1053
- - [16/Aug/2020:08:39:23 +0000] "get /jBox/plugins/Notice/jBox.Notice.css" 200 3 1325 1325
- - [16/Aug/2020:08:39:23 +0000] "get /jBox/plugins/Image/jBox.Image.css" 200 2 3390 3390
- - [16/Aug/2020:08:39:23 +0000] "get /jBox/themes/TooltipDark.css" 200 2 712 712
- - [16/Aug/2020:08:39:23 +0000] "get /assets/style.css" 200 2 62 62
- - [16/Aug/2020:08:39:28 +0000] "post /index.mipage" 200 7 112 112
- - [16/Aug/2020:08:57:56 +0000] "get /index.mipage" 200 195215 17833 17833
- - [16/Aug/2020:08:57:57 +0000] "get /FontAwesome5/js/all.js" 200 8 1242204 1242204
- - [16/Aug/2020:08:57:57 +0000] "get /JQuery/jquery-3.4.1.min.js" 200 3 88147 88147
- - [16/Aug/2020:08:57:57 +0000] "get /JQuery/APL_JavaScript_Utils.js" 200 4 1338 1338
- - [16/Aug/2020:08:57:57 +0000] "get /Bootstrap4/popper.min.js" 200 3 21167 21167
- - [16/Aug/2020:08:57:57 +0000] "get /Bootstrap4/bootstrap.min.js" 200 4 58078 58078
- - [16/Aug/2020:08:57:57 +0000] "get /jBox/jBox.min.js" 200 3 37610 37610
- - [16/Aug/2020:08:57:57 +0000] "get /jBox/plugins/Confirm/jBox.Confirm.min.js" 200 3 1445 1445
- - [16/Aug/2020:08:57:57 +0000] "get /jBox/plugins/Notice/jBox.Notice.min.js" 200 3 1852 1852
- - [16/Aug/2020:08:57:57 +0000] "get /jBox/plugins/Image/jBox.Image.min.js" 200 3 4565 4565
- - [16/Aug/2020:08:57:57 +0000] "get /assets/lBox.js" 200 2 244 244
- - [16/Aug/2020:08:57:57 +0000] "get /Bootstrap4/bootstrap.min.css" 200 3 155764 155764
- - [16/Aug/2020:08:57:57 +0000] "get /jBox/jBox.css" 200 4 8701 8701
- - [16/Aug/2020:08:57:57 +0000] "get /jBox/plugins/Confirm/jBox.Confirm.css" 200 3 1053 1053
- - [16/Aug/2020:08:57:57 +0000] "get /jBox/plugins/Notice/jBox.Notice.css" 200 3 1325 1325
- - [16/Aug/2020:08:57:57 +0000] "get /jBox/plugins/Image/jBox.Image.css" 200 3 3390 3390
- - [16/Aug/2020:08:57:57 +0000] "get /jBox/themes/TooltipDark.css" 200 3 712 712
- - [16/Aug/2020:08:57:57 +0000] "get /assets/style.css" 200 2 62 62
- - [16/Aug/2020:08:58:31 +0000] "get /index.mipage" 200 141 17832 17832
- - [16/Aug/2020:08:58:31 +0000] "get /FontAwesome5/js/all.js" 200 2 1242204 1242204
- - [16/Aug/2020:08:58:31 +0000] "get /JQuery/jquery-3.4.1.min.js" 200 2 88147 88147
- - [16/Aug/2020:08:58:31 +0000] "get /JQuery/APL_JavaScript_Utils.js" 200 2 1338 1338
- - [16/Aug/2020:08:58:31 +0000] "get /Bootstrap4/popper.min.js" 200 2 21167 21167
- - [16/Aug/2020:08:58:31 +0000] "get /Bootstrap4/bootstrap.min.js" 200 2 58078 58078
- - [16/Aug/2020:08:58:31 +0000] "get /jBox/jBox.min.js" 200 2 37610 37610
- - [16/Aug/2020:08:58:31 +0000] "get /jBox/plugins/Confirm/jBox.Confirm.min.js" 200 2 1445 1445
- - [16/Aug/2020:08:58:31 +0000] "get /jBox/plugins/Notice/jBox.Notice.min.js" 200 3 1852 1852
- - [16/Aug/2020:08:58:31 +0000] "get /jBox/plugins/Image/jBox.Image.min.js" 200 2 4565 4565
- - [16/Aug/2020:08:58:31 +0000] "get /assets/lBox.js" 200 2 244 244
- - [16/Aug/2020:08:58:31 +0000] "get /Bootstrap4/bootstrap.min.css" 200 2 155764 155764
- - [16/Aug/2020:08:58:31 +0000] "get /jBox/jBox.css" 200 3 8701 8701
- - [16/Aug/2020:08:58:31 +0000] "get /jBox/plugins/Confirm/jBox.Confirm.css" 200 3 1053 1053
- - [16/Aug/2020:08:58:31 +0000] "get /jBox/plugins/Notice/jBox.Notice.css" 200 2 1325 1325
- - [16/Aug/2020:08:58:31 +0000] "get /jBox/plugins/Image/jBox.Image.css" 200 2 3390 3390
- - [16/Aug/2020:08:58:31 +0000] "get /jBox/themes/TooltipDark.css" 200 2 712 712
- - [16/Aug/2020:08:58:31 +0000] "get /assets/style.css" 200 2 62 62
- - [16/Aug/2020:08:58:31 +0000] "get /Bootstrap4/bootstrap.min.css" 200 2 155764 155764
- - [16/Aug/2020:08:58:31 +0000] "get /index.mipage" 200 69 18057 18057
- - [16/Aug/2020:08:58:31 +0000] "get /jBox/jBox.css" 200 3 8701 8701
- - [16/Aug/2020:08:58:31 +0000] "get /jBox/plugins/Confirm/jBox.Confirm.css" 200 2 1053 1053
- - [16/Aug/2020:08:58:31 +0000] "get /jBox/plugins/Notice/jBox.Notice.css" 200 3 1325 1325
- - [16/Aug/2020:08:58:31 +0000] "get /jBox/plugins/Image/jBox.Image.css" 200 3 3390 3390
- - [16/Aug/2020:08:58:31 +0000] "get /jBox/themes/TooltipDark.css" 200 2 712 712
- - [16/Aug/2020:08:58:31 +0000] "get /assets/style.css" 200 3 62 62
- - [16/Aug/2020:08:58:36 +0000] "post /index.mipage" 200 7 112 112
- - [16/Aug/2020:08:58:42 +0000] "post /index.mipage" 200 13 655 655
- - [16/Aug/2020:08:58:44 +0000] "post /index.mipage" 200 6 112 112
- - [16/Aug/2020:08:58:46 +0000] "post /index.mipage" 200 12 664 664
- - [16/Aug/2020:08:58:47 +0000] "post /index.mipage" 200 8 112 112
- - [16/Aug/2020:08:58:48 +0000] "post /index.mipage" 200 14 655 655
- - [16/Aug/2020:08:58:56 +0000] "post /index.mipage" 200 7 112 112
- - [16/Aug/2020:08:58:58 +0000] "post /index.mipage" 200 22 655 655
- - [16/Aug/2020:08:58:58 +0000] "post /index.mipage" 200 8 112 112
- - [16/Aug/2020:08:58:59 +0000] "post /index.mipage" 200 12 654 654
- - [16/Aug/2020:08:59:00 +0000] "post /index.mipage" 200 6 112 112
- - [16/Aug/2020:08:59:00 +0000] "post /index.mipage" 200 13 657 657
- - [16/Aug/2020:09:03:11 +0000] "get /index.mipage" 200 95 17996 17996
- - [16/Aug/2020:09:03:11 +0000] "get /FontAwesome5/js/all.js" 200 1 1242204 1242204
- - [16/Aug/2020:09:03:11 +0000] "get /JQuery/jquery-3.4.1.min.js" 200 3 88147 88147
- - [16/Aug/2020:09:03:11 +0000] "get /JQuery/APL_JavaScript_Utils.js" 200 3 1338 1338
- - [16/Aug/2020:09:03:11 +0000] "get /Bootstrap4/popper.min.js" 200 3 21167 21167
- - [16/Aug/2020:09:03:11 +0000] "get /Bootstrap4/bootstrap.min.js" 200 2 58078 58078
- - [16/Aug/2020:09:03:11 +0000] "get /jBox/jBox.min.js" 200 2 37610 37610
- - [16/Aug/2020:09:03:11 +0000] "get /jBox/plugins/Confirm/jBox.Confirm.min.js" 200 2 1445 1445
- - [16/Aug/2020:09:03:11 +0000] "get /jBox/plugins/Notice/jBox.Notice.min.js" 200 3 1852 1852
- - [16/Aug/2020:09:03:11 +0000] "get /jBox/plugins/Image/jBox.Image.min.js" 200 3 4565 4565
- - [16/Aug/2020:09:03:11 +0000] "get /assets/lBox.js" 200 2 244 244
- - [16/Aug/2020:09:03:11 +0000] "get /Bootstrap4/bootstrap.min.css" 200 2 155764 155764
- - [16/Aug/2020:09:03:11 +0000] "get /jBox/jBox.css" 200 4 8701 8701
- - [16/Aug/2020:09:03:11 +0000] "get /jBox/plugins/Confirm/jBox.Confirm.css" 200 3 1053 1053
- - [16/Aug/2020:09:03:11 +0000] "get /jBox/plugins/Notice/jBox.Notice.css" 200 3 1325 1325
- - [16/Aug/2020:09:03:11 +0000] "get /jBox/plugins/Image/jBox.Image.css" 200 2 3390 3390
- - [16/Aug/2020:09:03:11 +0000] "get /jBox/themes/TooltipDark.css" 200 2 712 712
- - [16/Aug/2020:09:03:11 +0000] "get /assets/style.css" 200 2 62 62
- - [16/Aug/2020:09:03:11 +0000] "get /index.mipage" 200 64 18221 18221
- - [16/Aug/2020:09:03:11 +0000] "get /Bootstrap4/bootstrap.min.css" 200 2 155764 155764
- - [16/Aug/2020:09:03:11 +0000] "get /jBox/jBox.css" 200 2 8701 8701
- - [16/Aug/2020:09:03:11 +0000] "get /jBox/plugins/Notice/jBox.Notice.css" 200 2 1325 1325
- - [16/Aug/2020:09:03:11 +0000] "get /jBox/plugins/Confirm/jBox.Confirm.css" 200 2 1053 1053
- - [16/Aug/2020:09:03:11 +0000] "get /jBox/plugins/Image/jBox.Image.css" 200 2 3390 3390
- - [16/Aug/2020:09:03:11 +0000] "get /jBox/themes/TooltipDark.css" 200 2 712 712
- - [16/Aug/2020:09:03:11 +0000] "get /assets/style.css" 200 1 62 62
- - [16/Aug/2020:09:03:16 +0000] "post /index.mipage" 200 5 112 112
- - [16/Aug/2020:09:03:27 +0000] "post /index.mipage" 200 5788 655 655
- - [16/Aug/2020:09:03:29 +0000] "post /index.mipage" 200 6 112 112
- - [16/Aug/2020:09:04:02 +0000] "post /index.mipage" 200 31595 655 655
- - [16/Aug/2020:09:04:02 +0000] "post /index.mipage" 200 12 2243 2243
- - [16/Aug/2020:09:05:14 +0000] "get /index.mipage" 200 82 17991 17991
- - [16/Aug/2020:09:05:14 +0000] "get /JQuery/jquery-3.4.1.min.js" 200 3 88147 88147
- - [16/Aug/2020:09:05:14 +0000] "get /FontAwesome5/js/all.js" 200 3 1242204 1242204
- - [16/Aug/2020:09:05:14 +0000] "get /JQuery/APL_JavaScript_Utils.js" 200 2 1338 1338
- - [16/Aug/2020:09:05:14 +0000] "get /Bootstrap4/popper.min.js" 200 3 21167 21167
- - [16/Aug/2020:09:05:14 +0000] "get /Bootstrap4/bootstrap.min.js" 200 2 58078 58078
- - [16/Aug/2020:09:05:14 +0000] "get /jBox/jBox.min.js" 200 3 37610 37610
- - [16/Aug/2020:09:05:14 +0000] "get /jBox/plugins/Confirm/jBox.Confirm.min.js" 200 3 1445 1445
- - [16/Aug/2020:09:05:14 +0000] "get /jBox/plugins/Notice/jBox.Notice.min.js" 200 2 1852 1852
- - [16/Aug/2020:09:05:14 +0000] "get /jBox/plugins/Image/jBox.Image.min.js" 200 2 4565 4565
- - [16/Aug/2020:09:05:14 +0000] "get /assets/lBox.js" 200 2 244 244
- - [16/Aug/2020:09:05:14 +0000] "get /Bootstrap4/bootstrap.min.css" 200 3 155764 155764
- - [16/Aug/2020:09:05:14 +0000] "get /jBox/jBox.css" 200 3 8701 8701
- - [16/Aug/2020:09:05:14 +0000] "get /jBox/plugins/Confirm/jBox.Confirm.css" 200 4 1053 1053
- - [16/Aug/2020:09:05:14 +0000] "get /jBox/plugins/Notice/jBox.Notice.css" 200 2 1325 1325
- - [16/Aug/2020:09:05:14 +0000] "get /jBox/plugins/Image/jBox.Image.css" 200 2 3390 3390
- - [16/Aug/2020:09:05:14 +0000] "get /jBox/themes/TooltipDark.css" 200 2 712 712
- - [16/Aug/2020:09:05:14 +0000] "get /assets/style.css" 200 2 62 62
- - [16/Aug/2020:09:05:14 +0000] "get /index.mipage" 200 67 18225 18225
- - [16/Aug/2020:09:05:14 +0000] "get /Bootstrap4/bootstrap.min.css" 200 2 155764 155764
- - [16/Aug/2020:09:05:14 +0000] "get /jBox/jBox.css" 200 2 8701 8701
- - [16/Aug/2020:09:05:14 +0000] "get /jBox/plugins/Confirm/jBox.Confirm.css" 200 2 1053 1053
- - [16/Aug/2020:09:05:14 +0000] "get /jBox/plugins/Notice/jBox.Notice.css" 200 3 1325 1325
- - [16/Aug/2020:09:05:14 +0000] "get /jBox/plugins/Image/jBox.Image.css" 200 2 3390 3390
- - [16/Aug/2020:09:05:14 +0000] "get /jBox/themes/TooltipDark.css" 200 3 712 712
- - [16/Aug/2020:09:05:14 +0000] "get /assets/style.css" 200 1 62 62
- - [16/Aug/2020:09:05:35 +0000] "post /index.mipage" 200 9 112 112
- - [16/Aug/2020:09:05:42 +0000] "post /index.mipage" 200 4480 655 655
- - [16/Aug/2020:09:05:45 +0000] "post /index.mipage" 200 7 112 112
- - [16/Aug/2020:09:06:08 +0000] "post /index.mipage" 200 21189 658 658
- - [16/Aug/2020:09:08:36 +0000] "get /index.mipage" 200 100 17993 17993
- - [16/Aug/2020:09:08:36 +0000] "get /FontAwesome5/js/all.js" 200 3 1242204 1242204
- - [16/Aug/2020:09:08:36 +0000] "get /JQuery/jquery-3.4.1.min.js" 200 2 88147 88147
- - [16/Aug/2020:09:08:36 +0000] "get /JQuery/APL_JavaScript_Utils.js" 200 2 1338 1338
- - [16/Aug/2020:09:08:36 +0000] "get /Bootstrap4/popper.min.js" 200 3 21167 21167
- - [16/Aug/2020:09:08:36 +0000] "get /Bootstrap4/bootstrap.min.js" 200 2 58078 58078
- - [16/Aug/2020:09:08:36 +0000] "get /jBox/jBox.min.js" 200 2 37610 37610
- - [16/Aug/2020:09:08:36 +0000] "get /jBox/plugins/Confirm/jBox.Confirm.min.js" 200 4 1445 1445
- - [16/Aug/2020:09:08:36 +0000] "get /jBox/plugins/Notice/jBox.Notice.min.js" 200 3 1852 1852
- - [16/Aug/2020:09:08:36 +0000] "get /jBox/plugins/Image/jBox.Image.min.js" 200 3 4565 4565
- - [16/Aug/2020:09:08:36 +0000] "get /assets/lBox.js" 200 2 244 244
- - [16/Aug/2020:09:08:36 +0000] "get /jBox/jBox.css" 200 2 8701 8701
- - [16/Aug/2020:09:08:36 +0000] "get /Bootstrap4/bootstrap.min.css" 200 3 155764 155764
- - [16/Aug/2020:09:08:36 +0000] "get /jBox/plugins/Confirm/jBox.Confirm.css" 200 2 1053 1053
- - [16/Aug/2020:09:08:36 +0000] "get /jBox/plugins/Notice/jBox.Notice.css" 200 2 1325 1325
- - [16/Aug/2020:09:08:36 +0000] "get /jBox/plugins/Image/jBox.Image.css" 200 2 3390 3390
- - [16/Aug/2020:09:08:36 +0000] "get /jBox/themes/TooltipDark.css" 200 2 712 712
- - [16/Aug/2020:09:08:36 +0000] "get /assets/style.css" 200 2 62 62
- - [16/Aug/2020:09:08:36 +0000] "get /index.mipage" 200 80 18218 18218
- - [16/Aug/2020:09:08:36 +0000] "get /Bootstrap4/bootstrap.min.css" 200 2 155764 155764
- - [16/Aug/2020:09:08:36 +0000] "get /jBox/jBox.css" 200 2 8701 8701
- - [16/Aug/2020:09:08:36 +0000] "get /jBox/plugins/Confirm/jBox.Confirm.css" 200 2 1053 1053
- - [16/Aug/2020:09:08:36 +0000] "get /jBox/plugins/Image/jBox.Image.css" 200 2 3390 3390
- - [16/Aug/2020:09:08:36 +0000] "get /jBox/plugins/Notice/jBox.Notice.css" 200 2 1325 1325
- - [16/Aug/2020:09:08:36 +0000] "get /jBox/themes/TooltipDark.css" 200 2 712 712
- - [16/Aug/2020:09:08:36 +0000] "get /assets/style.css" 200 1 62 62
- - [16/Aug/2020:09:14:50 +0000] "get /index.mipage" 200 81 23732 23732
- - [16/Aug/2020:09:14:50 +0000] "get /FontAwesome5/js/all.js" 200 3 1242204 1242204
- - [16/Aug/2020:09:14:50 +0000] "get /JQuery/jquery-3.4.1.min.js" 200 2 88147 88147
- - [16/Aug/2020:09:14:50 +0000] "get /JQuery/APL_JavaScript_Utils.js" 200 2 1338 1338
- - [16/Aug/2020:09:14:50 +0000] "get /Bootstrap4/popper.min.js" 200 2 21167 21167
- - [16/Aug/2020:09:14:50 +0000] "get /Bootstrap4/bootstrap.min.js" 200 3 58078 58078
- - [16/Aug/2020:09:14:50 +0000] "get /jBox/jBox.min.js" 200 3 37610 37610
- - [16/Aug/2020:09:14:50 +0000] "get /jBox/plugins/Confirm/jBox.Confirm.min.js" 200 3 1445 1445
- - [16/Aug/2020:09:14:50 +0000] "get /jBox/plugins/Notice/jBox.Notice.min.js" 200 3 1852 1852
- - [16/Aug/2020:09:14:50 +0000] "get /jBox/plugins/Image/jBox.Image.min.js" 200 3 4565 4565
- - [16/Aug/2020:09:14:50 +0000] "get /assets/lBox.js" 200 3 244 244
- - [16/Aug/2020:09:14:50 +0000] "get /Bootstrap4/bootstrap.min.css" 200 2 155764 155764
- - [16/Aug/2020:09:14:50 +0000] "get /jBox/jBox.css" 200 3 8701 8701
- - [16/Aug/2020:09:14:50 +0000] "get /jBox/plugins/Confirm/jBox.Confirm.css" 200 3 1053 1053
- - [16/Aug/2020:09:14:50 +0000] "get /jBox/plugins/Notice/jBox.Notice.css" 200 2 1325 1325
- - [16/Aug/2020:09:14:50 +0000] "get /jBox/plugins/Image/jBox.Image.css" 200 2 3390 3390
- - [16/Aug/2020:09:14:50 +0000] "get /jBox/themes/TooltipDark.css" 200 2 712 712
- - [16/Aug/2020:09:14:50 +0000] "get /assets/style.css" 200 2 62 62
- - [16/Aug/2020:09:14:50 +0000] "get /index.mipage" 200 66 23954 23954
- - [16/Aug/2020:09:14:50 +0000] "get /Bootstrap4/bootstrap.min.css" 200 2 155764 155764
- - [16/Aug/2020:09:14:50 +0000] "get /jBox/jBox.css" 200 3 8701 8701
- - [16/Aug/2020:09:14:50 +0000] "get /jBox/plugins/Confirm/jBox.Confirm.css" 200 2 1053 1053
- - [16/Aug/2020:09:14:50 +0000] "get /jBox/plugins/Notice/jBox.Notice.css" 200 3 1325 1325
- - [16/Aug/2020:09:14:50 +0000] "get /jBox/plugins/Image/jBox.Image.css" 200 2 3390 3390
- - [16/Aug/2020:09:14:50 +0000] "get /jBox/themes/TooltipDark.css" 200 2 712 712
- - [16/Aug/2020:09:14:50 +0000] "get /assets/style.css" 200 2 62 62
- - [16/Aug/2020:09:15:07 +0000] "post /index.mipage" 200 7 112 112
- - [16/Aug/2020:09:15:09 +0000] "post /index.mipage" 200 14 6555 6555
- - [16/Aug/2020:09:15:10 +0000] "post /index.mipage" 200 7 112 112
- - [16/Aug/2020:09:15:11 +0000] "post /index.mipage" 200 15 6544 6544
- - [16/Aug/2020:09:15:13 +0000] "post /index.mipage" 200 7 112 112
- - [16/Aug/2020:09:15:14 +0000] "post /index.mipage" 200 15 6550 6550
- - [16/Aug/2020:09:15:17 +0000] "post /index.mipage" 500 9 109 109
- - [16/Aug/2020:09:15:20 +0000] "post /index.mipage" 500 10 109 109
- - [16/Aug/2020:09:34:24 +0000] "get /index.mipage" 200 472524 22752 22752
- - [16/Aug/2020:09:34:46 +0000] "get /index.mipage" 200 94 22746 22746
- - [16/Aug/2020:09:34:46 +0000] "get /FontAwesome5/js/all.js" 200 3 1242204 1242204
- - [16/Aug/2020:09:34:46 +0000] "get /JQuery/jquery-3.4.1.min.js" 200 2 88147 88147
- - [16/Aug/2020:09:34:46 +0000] "get /JQuery/APL_JavaScript_Utils.js" 200 2 1338 1338
- - [16/Aug/2020:09:34:46 +0000] "get /Bootstrap4/popper.min.js" 200 2 21167 21167
- - [16/Aug/2020:09:34:46 +0000] "get /Bootstrap4/bootstrap.min.js" 200 3 58078 58078
- - [16/Aug/2020:09:34:46 +0000] "get /jBox/jBox.min.js" 200 2 37610 37610
- - [16/Aug/2020:09:34:46 +0000] "get /jBox/plugins/Confirm/jBox.Confirm.min.js" 200 3 1445 1445
- - [16/Aug/2020:09:34:46 +0000] "get /jBox/plugins/Notice/jBox.Notice.min.js" 200 3 1852 1852
- - [16/Aug/2020:09:34:46 +0000] "get /jBox/plugins/Image/jBox.Image.min.js" 200 2 4565 4565
- - [16/Aug/2020:09:34:46 +0000] "get /assets/lBox.js" 200 2 244 244
- - [16/Aug/2020:09:34:46 +0000] "get /Bootstrap4/bootstrap.min.css" 200 2 155764 155764
- - [16/Aug/2020:09:34:46 +0000] "get /jBox/jBox.css" 200 3 8701 8701
- - [16/Aug/2020:09:34:46 +0000] "get /jBox/plugins/Confirm/jBox.Confirm.css" 200 3 1053 1053
- - [16/Aug/2020:09:34:46 +0000] "get /jBox/plugins/Notice/jBox.Notice.css" 200 2 1325 1325
- - [16/Aug/2020:09:34:46 +0000] "get /jBox/plugins/Image/jBox.Image.css" 200 2 3390 3390
- - [16/Aug/2020:09:34:46 +0000] "get /jBox/themes/TooltipDark.css" 200 2 712 712
- - [16/Aug/2020:09:34:46 +0000] "get /assets/style.css" 200 2 62 62
- - [16/Aug/2020:09:34:46 +0000] "get /index.mipage" 200 81 22977 22977
- - [16/Aug/2020:09:34:46 +0000] "get /Bootstrap4/bootstrap.min.css" 200 3 155764 155764
- - [16/Aug/2020:09:34:46 +0000] "get /jBox/jBox.css" 200 2 8701 8701
- - [16/Aug/2020:09:34:46 +0000] "get /jBox/plugins/Notice/jBox.Notice.css" 200 3 1325 1325
- - [16/Aug/2020:09:34:46 +0000] "get /jBox/plugins/Confirm/jBox.Confirm.css" 200 3 1053 1053
- - [16/Aug/2020:09:34:46 +0000] "get /jBox/themes/TooltipDark.css" 200 3 712 712
- - [16/Aug/2020:09:34:46 +0000] "get /jBox/plugins/Image/jBox.Image.css" 200 2 3390 3390
- - [16/Aug/2020:09:34:46 +0000] "get /assets/style.css" 200 2 62 62
- - [16/Aug/2020:09:34:57 +0000] "post /index.mipage" 200 6 112 112
- - [16/Aug/2020:09:35:01 +0000] "post /index.mipage" 200 26 5537 5537
- - [16/Aug/2020:09:35:03 +0000] "post /index.mipage" 200 5 112 112
- - [16/Aug/2020:09:35:05 +0000] "post /index.mipage" 200 15 5536 5536
- - [16/Aug/2020:09:35:14 +0000] "post /index.mipage" 200 8 112 112
- - [16/Aug/2020:09:35:15 +0000] "post /index.mipage" 200 14 5536 5536
- - [16/Aug/2020:09:35:16 +0000] "post /index.mipage" 200 7 112 112
- - [16/Aug/2020:09:35:16 +0000] "post /index.mipage" 200 21 5536 5536
- - [16/Aug/2020:09:35:17 +0000] "post /index.mipage" 200 5 112 112
- - [16/Aug/2020:09:35:18 +0000] "post /index.mipage" 200 13 5537 5537
- - [16/Aug/2020:09:35:18 +0000] "post /index.mipage" 200 6 112 112
- - [16/Aug/2020:09:35:19 +0000] "post /index.mipage" 200 17 5541 5541
- - [16/Aug/2020:09:35:20 +0000] "post /index.mipage" 200 5 112 112
- - [16/Aug/2020:09:35:21 +0000] "post /index.mipage" 200 17 5547 5547
- - [16/Aug/2020:09:35:22 +0000] "post /index.mipage" 200 7 112 112
- - [16/Aug/2020:09:35:23 +0000] "post /index.mipage" 200 28 5537 5537
- - [16/Aug/2020:09:35:23 +0000] "post /index.mipage" 200 8 112 112
- - [16/Aug/2020:09:35:24 +0000] "post /index.mipage" 200 21 5541 5541
- - [16/Aug/2020:09:35:25 +0000] "post /index.mipage" 200 8 112 112
- - [16/Aug/2020:09:35:26 +0000] "post /index.mipage" 200 16 5538 5538
- - [16/Aug/2020:09:35:26 +0000] "post /index.mipage" 200 6 112 112
- - [16/Aug/2020:09:35:27 +0000] "post /index.mipage" 200 13 5537 5537
- - [16/Aug/2020:09:35:27 +0000] "post /index.mipage" 200 7 112 112
- - [16/Aug/2020:09:35:28 +0000] "post /index.mipage" 200 19 5535 5535
- - [16/Aug/2020:09:35:29 +0000] "post /index.mipage" 200 9 112 112
- - [16/Aug/2020:09:35:29 +0000] "post /index.mipage" 200 14 5552 5552
- - [16/Aug/2020:09:35:30 +0000] "post /index.mipage" 200 8 112 112
- - [16/Aug/2020:09:35:31 +0000] "post /index.mipage" 200 18 5536 5536
- - [16/Aug/2020:09:35:31 +0000] "post /index.mipage" 200 6 112 112
- - [16/Aug/2020:09:35:32 +0000] "post /index.mipage" 200 15 5536 5536
- - [16/Aug/2020:09:35:33 +0000] "post /index.mipage" 200 7 112 112
- - [16/Aug/2020:09:35:33 +0000] "post /index.mipage" 200 15 5537 5537
- - [16/Aug/2020:09:35:34 +0000] "post /index.mipage" 200 7 112 112
- - [16/Aug/2020:09:35:35 +0000] "post /index.mipage" 200 25 5546 5546
- - [16/Aug/2020:09:35:35 +0000] "post /index.mipage" 200 6 112 112
- - [16/Aug/2020:09:35:36 +0000] "post /index.mipage" 200 17 5539 5539
- - [16/Aug/2020:09:35:36 +0000] "post /index.mipage" 200 6 112 112
- - [16/Aug/2020:09:35:37 +0000] "post /index.mipage" 200 15 5545 5545
- - [16/Aug/2020:09:35:38 +0000] "post /index.mipage" 200 6 112 112
- - [16/Aug/2020:09:35:38 +0000] "post /index.mipage" 200 16 5537 5537
- - [16/Aug/2020:09:35:41 +0000] "post /index.mipage" 200 6 112 112
- - [16/Aug/2020:09:35:44 +0000] "post /index.mipage" 200 15 5539 5539
- - [16/Aug/2020:09:35:46 +0000] "post /index.mipage" 200 10 112 112
- - [16/Aug/2020:09:35:47 +0000] "post /index.mipage" 200 15 5538 5538
- - [16/Aug/2020:09:35:48 +0000] "post /index.mipage" 200 7 112 112
- - [16/Aug/2020:09:35:48 +0000] "post /index.mipage" 200 17 5546 5546
- - [16/Aug/2020:09:35:49 +0000] "post /index.mipage" 200 7 112 112
- - [16/Aug/2020:09:35:50 +0000] "post /index.mipage" 200 16 5535 5535
- - [16/Aug/2020:09:35:51 +0000] "post /index.mipage" 200 13 112 112
- - [16/Aug/2020:09:35:52 +0000] "post /index.mipage" 200 19 5546 5546
- - [16/Aug/2020:09:38:12 +0000] "post /index.mipage" 200 115847 2 2
- - [16/Aug/2020:09:38:16 +0000] "post /index.mipage" 200 6 112 112
- - [16/Aug/2020:09:38:18 +0000] "post /index.mipage" 200 17 5547 5547
- - [16/Aug/2020:09:47:54 +0000] "get /index.mipage" 200 159 22748 22748
- - [16/Aug/2020:09:47:54 +0000] "get /FontAwesome5/js/all.js" 200 3 1242204 1242204
- - [16/Aug/2020:09:47:54 +0000] "get /JQuery/jquery-3.4.1.min.js" 200 3 88147 88147
- - [16/Aug/2020:09:47:54 +0000] "get /JQuery/APL_JavaScript_Utils.js" 200 3 1338 1338
- - [16/Aug/2020:09:47:54 +0000] "get /Bootstrap4/popper.min.js" 200 3 21167 21167
- - [16/Aug/2020:09:47:54 +0000] "get /Bootstrap4/bootstrap.min.js" 200 3 58078 58078
- - [16/Aug/2020:09:47:54 +0000] "get /jBox/jBox.min.js" 200 2 37610 37610
- - [16/Aug/2020:09:47:54 +0000] "get /jBox/plugins/Confirm/jBox.Confirm.min.js" 200 2 1445 1445
- - [16/Aug/2020:09:47:54 +0000] "get /jBox/plugins/Notice/jBox.Notice.min.js" 200 2 1852 1852
- - [16/Aug/2020:09:47:54 +0000] "get /jBox/plugins/Image/jBox.Image.min.js" 200 3 4565 4565
- - [16/Aug/2020:09:47:54 +0000] "get /assets/lBox.js" 200 2 244 244
- - [16/Aug/2020:09:47:54 +0000] "get /jBox/jBox.css" 200 2 8701 8701
- - [16/Aug/2020:09:47:54 +0000] "get /Bootstrap4/bootstrap.min.css" 200 3 155764 155764
- - [16/Aug/2020:09:47:54 +0000] "get /jBox/plugins/Confirm/jBox.Confirm.css" 200 3 1053 1053
- - [16/Aug/2020:09:47:54 +0000] "get /jBox/plugins/Notice/jBox.Notice.css" 200 3 1325 1325
- - [16/Aug/2020:09:47:54 +0000] "get /jBox/plugins/Image/jBox.Image.css" 200 2 3390 3390
- - [16/Aug/2020:09:47:54 +0000] "get /jBox/themes/TooltipDark.css" 200 2 712 712
- - [16/Aug/2020:09:47:54 +0000] "get /assets/style.css" 200 2 62 62
- - [16/Aug/2020:09:47:54 +0000] "get /index.mipage" 200 85 22970 22970
- - [16/Aug/2020:09:47:54 +0000] "get /Bootstrap4/bootstrap.min.css" 200 3 155764 155764
- - [16/Aug/2020:09:47:54 +0000] "get /jBox/jBox.css" 200 3 8701 8701
- - [16/Aug/2020:09:47:54 +0000] "get /jBox/plugins/Confirm/jBox.Confirm.css" 200 2 1053 1053
- - [16/Aug/2020:09:47:54 +0000] "get /jBox/plugins/Notice/jBox.Notice.css" 200 3 1325 1325
- - [16/Aug/2020:09:47:54 +0000] "get /jBox/plugins/Image/jBox.Image.css" 200 2 3390 3390
- - [16/Aug/2020:09:47:54 +0000] "get /jBox/themes/TooltipDark.css" 200 3 712 712
- - [16/Aug/2020:09:47:54 +0000] "get /assets/style.css" 200 2 62 62
- - [16/Aug/2020:09:48:00 +0000] "post /index.mipage" 200 5 112 112
- - [16/Aug/2020:09:48:03 +0000] "post /index.mipage" 200 27 5534 5534
- - [16/Aug/2020:09:48:04 +0000] "post /index.mipage" 200 9 112 112
- - [16/Aug/2020:09:48:05 +0000] "post /index.mipage" 200 25 5537 5537
- - [16/Aug/2020:09:48:05 +0000] "post /index.mipage" 200 6 112 112
- - [16/Aug/2020:09:48:06 +0000] "post /index.mipage" 200 21 5537 5537
- - [16/Aug/2020:09:48:07 +0000] "post /index.mipage" 200 5 112 112
- - [16/Aug/2020:09:48:08 +0000] "post /index.mipage" 200 36 5537 5537
- - [16/Aug/2020:09:48:08 +0000] "post /index.mipage" 200 8 112 112
- - [16/Aug/2020:09:48:09 +0000] "post /index.mipage" 200 25 5545 5545
- - [16/Aug/2020:09:48:10 +0000] "post /index.mipage" 200 11 112 112
- - [16/Aug/2020:09:48:10 +0000] "post /index.mipage" 200 24 5541 5541
- - [16/Aug/2020:09:48:11 +0000] "post /index.mipage" 200 6 112 112
- - [16/Aug/2020:09:48:12 +0000] "post /index.mipage" 200 35 5537 5537
- - [16/Aug/2020:09:48:12 +0000] "post /index.mipage" 200 7 112 112
- - [16/Aug/2020:09:48:13 +0000] "post /index.mipage" 200 26 5537 5537
- - [16/Aug/2020:09:48:13 +0000] "post /index.mipage" 200 8 112 112
- - [16/Aug/2020:09:48:14 +0000] "post /index.mipage" 200 27 5541 5541
- - [16/Aug/2020:09:48:16 +0000] "post /index.mipage" 200 5 112 112
- - [16/Aug/2020:09:48:16 +0000] "post /index.mipage" 200 22 5540 5540
- - [16/Aug/2020:09:48:17 +0000] "post /index.mipage" 200 7 112 112
- - [16/Aug/2020:09:48:18 +0000] "post /index.mipage" 200 30 5537 5537
- - [16/Aug/2020:09:48:18 +0000] "post /index.mipage" 200 7 112 112
- - [16/Aug/2020:09:48:19 +0000] "post /index.mipage" 200 26 5538 5538
- - [16/Aug/2020:09:48:20 +0000] "post /index.mipage" 200 4 112 112
- - [16/Aug/2020:09:48:21 +0000] "post /index.mipage" 200 23 5537 5537
- - [16/Aug/2020:09:48:21 +0000] "post /index.mipage" 200 8 112 112
- - [16/Aug/2020:09:48:22 +0000] "post /index.mipage" 200 25 5547 5547
- - [16/Aug/2020:09:48:23 +0000] "post /index.mipage" 200 6 112 112
- - [16/Aug/2020:09:48:24 +0000] "post /index.mipage" 200 25 5551 5551
- - [16/Aug/2020:09:48:25 +0000] "post /index.mipage" 200 18 112 112
- - [16/Aug/2020:09:48:25 +0000] "post /index.mipage" 200 30 5539 5539
- - [16/Aug/2020:09:48:26 +0000] "post /index.mipage" 200 7 112 112
- - [16/Aug/2020:09:48:27 +0000] "post /index.mipage" 200 30 5536 5536
- - [16/Aug/2020:09:48:28 +0000] "post /index.mipage" 200 6 112 112
- - [16/Aug/2020:09:48:29 +0000] "post /index.mipage" 200 27 5537 5537
- - [16/Aug/2020:09:48:30 +0000] "post /index.mipage" 200 7 112 112
- - [16/Aug/2020:09:48:31 +0000] "post /index.mipage" 200 28 5537 5537
- - [16/Aug/2020:09:48:32 +0000] "post /index.mipage" 200 6 112 112
- - [16/Aug/2020:09:48:33 +0000] "post /index.mipage" 200 26 5538 5538
- - [16/Aug/2020:09:48:35 +0000] "post /index.mipage" 200 6 112 112
- - [16/Aug/2020:09:48:37 +0000] "post /index.mipage" 200 27 5546 5546
- - [16/Aug/2020:09:48:38 +0000] "post /index.mipage" 200 7 112 112
- - [16/Aug/2020:09:48:39 +0000] "post /index.mipage" 200 27 5535 5535
- - [16/Aug/2020:09:48:40 +0000] "post /index.mipage" 200 6 112 112
- - [16/Aug/2020:09:48:41 +0000] "post /index.mipage" 200 25 5546 5546
- - [16/Aug/2020:09:48:42 +0000] "post /index.mipage" 200 6 112 112
- - [16/Aug/2020:09:48:43 +0000] "post /index.mipage" 200 31 5537 5537
- - [16/Aug/2020:09:48:44 +0000] "post /index.mipage" 200 10 112 112
- - [16/Aug/2020:09:48:44 +0000] "post /index.mipage" 200 25 5538 5538
- - [16/Aug/2020:09:48:45 +0000] "post /index.mipage" 200 7 112 112
- - [16/Aug/2020:09:48:46 +0000] "post /index.mipage" 200 25 5546 5546
- - [16/Aug/2020:09:48:47 +0000] "post /index.mipage" 200 17 112 112
- - [16/Aug/2020:09:48:48 +0000] "post /index.mipage" 200 27 5535 5535
- - [16/Aug/2020:09:48:49 +0000] "post /index.mipage" 200 7 112 112
- - [16/Aug/2020:09:48:50 +0000] "post /index.mipage" 200 24 5546 5546
- - [16/Aug/2020:09:48:52 +0000] "post /index.mipage" 200 11 112 112
- - [16/Aug/2020:09:48:53 +0000] "post /index.mipage" 200 27 5537 5537
- - [16/Aug/2020:09:48:54 +0000] "post /index.mipage" 200 6 112 112
- - [16/Aug/2020:09:48:55 +0000] "post /index.mipage" 200 24 5538 5538
- - [16/Aug/2020:09:48:56 +0000] "post /index.mipage" 200 7 112 112
- - [16/Aug/2020:09:48:57 +0000] "post /index.mipage" 200 27 5546 5546
- - [16/Aug/2020:09:48:58 +0000] "post /index.mipage" 200 6 112 112
- - [16/Aug/2020:09:48:59 +0000] "post /index.mipage" 200 31 5546 5546
- - [16/Aug/2020:09:49:00 +0000] "post /index.mipage" 200 6 112 112
- - [16/Aug/2020:09:49:01 +0000] "post /index.mipage" 200 36 5538 5538
- - [16/Aug/2020:09:49:01 +0000] "post /index.mipage" 200 5 112 112
- - [16/Aug/2020:09:49:02 +0000] "post /index.mipage" 200 46 5546 5546
- - [16/Aug/2020:09:49:03 +0000] "post /index.mipage" 200 8 112 112
- - [16/Aug/2020:09:49:04 +0000] "post /index.mipage" 200 34 5546 5546
- - [16/Aug/2020:09:49:04 +0000] "post /index.mipage" 200 8 112 112
- - [16/Aug/2020:09:49:05 +0000] "post /index.mipage" 200 24 5538 5538
- - [16/Aug/2020:09:49:22 +0000] "post /index.mipage" 200 5 112 112
- - [16/Aug/2020:09:49:23 +0000] "post /index.mipage" 200 24 5546 5546
- - [16/Aug/2020:09:49:24 +0000] "post /index.mipage" 200 6 112 112
- - [16/Aug/2020:09:49:25 +0000] "post /index.mipage" 200 25 5546 5546
- - [16/Aug/2020:09:49:26 +0000] "post /index.mipage" 200 8 112 112
- - [16/Aug/2020:09:49:30 +0000] "post /index.mipage" 200 12 112 112
- - [16/Aug/2020:09:49:53 +0000] "get /index.mipage" 200 162 17591 17591
- - [16/Aug/2020:09:49:56 +0000] "get /FontAwesome5/js/all.js" 200 3056 1242204 1242204
- - [16/Aug/2020:11:25:11 +0000] "get /index.mipage" 200 125 17588 17588
- - [16/Aug/2020:11:25:14 +0000] "get /FontAwesome5/js/all.js" 200 3103 1242204 1242204
- - [16/Aug/2020:11:25:26 +0000] "get /index.mipage" 200 142 17588 17588
- - [16/Aug/2020:11:25:26 +0000] "get /FontAwesome5/js/all.js" 200 3 1242204 1242204
- - [16/Aug/2020:11:25:26 +0000] "get /JQuery/jquery-3.4.1.min.js" 200 9 88147 88147
- - [16/Aug/2020:11:25:26 +0000] "get /Bootstrap4/popper.min.js" 200 5 21167 21167
- - [16/Aug/2020:11:25:26 +0000] "get /JQuery/APL_JavaScript_Utils.js" 200 4 1338 1338
- - [16/Aug/2020:11:25:26 +0000] "get /Bootstrap4/bootstrap.min.js" 200 9 58078 58078
- - [16/Aug/2020:11:25:26 +0000] "get /jBox/jBox.min.js" 200 6 37610 37610
- - [16/Aug/2020:11:25:26 +0000] "get /jBox/plugins/Confirm/jBox.Confirm.min.js" 200 4 1445 1445
- - [16/Aug/2020:11:25:26 +0000] "get /jBox/plugins/Notice/jBox.Notice.min.js" 200 3 1852 1852
- - [16/Aug/2020:11:25:26 +0000] "get /jBox/plugins/Image/jBox.Image.min.js" 200 4 4565 4565
- - [16/Aug/2020:11:25:26 +0000] "get /assets/lBox.js" 200 4 244 244
- - [16/Aug/2020:11:25:26 +0000] "get /Bootstrap4/bootstrap.min.css" 200 6 155764 155764
- - [16/Aug/2020:11:25:26 +0000] "get /jBox/jBox.css" 200 5 8701 8701
- - [16/Aug/2020:11:25:26 +0000] "get /jBox/plugins/Confirm/jBox.Confirm.css" 200 3 1053 1053
- - [16/Aug/2020:11:25:26 +0000] "get /jBox/plugins/Notice/jBox.Notice.css" 200 4 1325 1325
- - [16/Aug/2020:11:25:26 +0000] "get /jBox/plugins/Image/jBox.Image.css" 200 5 3390 3390
- - [16/Aug/2020:11:25:26 +0000] "get /jBox/themes/TooltipDark.css" 200 3 712 712
- - [16/Aug/2020:11:25:26 +0000] "get /assets/style.css" 200 4 62 62
- - [16/Aug/2020:11:25:26 +0000] "get /index.mipage" 200 78 17816 17816
- - [16/Aug/2020:14:16:31 +0000] "get /index.mipage" 200 86 17631 17631
- - [16/Aug/2020:14:16:32 +0000] "get /FontAwesome5/js/all.js" 200 4 1242204 1242204
- - [16/Aug/2020:14:16:32 +0000] "get /JQuery/jquery-3.4.1.min.js" 200 3 88147 88147
- - [16/Aug/2020:14:16:32 +0000] "get /JQuery/APL_JavaScript_Utils.js" 200 3 1338 1338
- - [16/Aug/2020:14:16:32 +0000] "get /Bootstrap4/popper.min.js" 200 3 21167 21167
- - [16/Aug/2020:14:16:32 +0000] "get /Bootstrap4/bootstrap.min.js" 200 3 58078 58078
- - [16/Aug/2020:14:16:32 +0000] "get /jBox/jBox.min.js" 200 3 37610 37610
- - [16/Aug/2020:14:16:32 +0000] "get /jBox/plugins/Confirm/jBox.Confirm.min.js" 200 3 1445 1445
- - [16/Aug/2020:14:16:32 +0000] "get /jBox/plugins/Notice/jBox.Notice.min.js" 200 2 1852 1852
- - [16/Aug/2020:14:16:32 +0000] "get /jBox/plugins/Image/jBox.Image.min.js" 200 3 4565 4565
- - [16/Aug/2020:14:16:32 +0000] "get /assets/lBox.js" 200 2 244 244
- - [16/Aug/2020:14:16:32 +0000] "get /Bootstrap4/bootstrap.min.css" 200 3 155764 155764
- - [16/Aug/2020:14:16:32 +0000] "get /jBox/jBox.css" 200 2 8701 8701
- - [16/Aug/2020:14:16:32 +0000] "get /jBox/plugins/Confirm/jBox.Confirm.css" 200 3 1053 1053
- - [16/Aug/2020:14:16:32 +0000] "get /jBox/plugins/Notice/jBox.Notice.css" 200 4 1325 1325
- - [16/Aug/2020:14:16:32 +0000] "get /jBox/plugins/Image/jBox.Image.css" 200 3 3390 3390
- - [16/Aug/2020:14:16:32 +0000] "get /jBox/themes/TooltipDark.css" 200 3 712 712
- - [16/Aug/2020:14:16:32 +0000] "get /assets/style.css" 200 2 62 62
- - [16/Aug/2020:14:16:32 +0000] "get /index.mipage" 200 88 17859 17859
- - [16/Aug/2020:14:20:07 +0000] "get /index.mipage" 200 12997 17625 17625
- - [16/Aug/2020:14:20:07 +0000] "get /FontAwesome5/js/all.js" 200 3 1242204 1242204
- - [16/Aug/2020:14:20:08 +0000] "get /JQuery/jquery-3.4.1.min.js" 200 2 88147 88147
- - [16/Aug/2020:14:20:08 +0000] "get /JQuery/APL_JavaScript_Utils.js" 200 2 1338 1338
- - [16/Aug/2020:14:20:08 +0000] "get /Bootstrap4/popper.min.js" 200 2 21167 21167
- - [16/Aug/2020:14:20:08 +0000] "get /Bootstrap4/bootstrap.min.js" 200 2 58078 58078
- - [16/Aug/2020:14:20:08 +0000] "get /jBox/jBox.min.js" 200 3 37610 37610
- - [16/Aug/2020:14:20:08 +0000] "get /jBox/plugins/Confirm/jBox.Confirm.min.js" 200 3 1445 1445
- - [16/Aug/2020:14:20:08 +0000] "get /jBox/plugins/Image/jBox.Image.min.js" 200 2 4565 4565
- - [16/Aug/2020:14:20:08 +0000] "get /jBox/plugins/Notice/jBox.Notice.min.js" 200 4 1852 1852
- - [16/Aug/2020:14:20:08 +0000] "get /assets/lBox.js" 200 2 244 244
- - [16/Aug/2020:14:20:08 +0000] "get /Bootstrap4/bootstrap.min.css" 200 3 155764 155764
- - [16/Aug/2020:14:20:08 +0000] "get /jBox/jBox.css" 200 3 8701 8701
- - [16/Aug/2020:14:20:08 +0000] "get /jBox/plugins/Confirm/jBox.Confirm.css" 200 3 1053 1053
- - [16/Aug/2020:14:20:08 +0000] "get /jBox/plugins/Notice/jBox.Notice.css" 200 2 1325 1325
- - [16/Aug/2020:14:20:08 +0000] "get /jBox/plugins/Image/jBox.Image.css" 200 2 3390 3390
- - [16/Aug/2020:14:20:08 +0000] "get /jBox/themes/TooltipDark.css" 200 3 712 712
- - [16/Aug/2020:14:20:08 +0000] "get /assets/style.css" 200 3 62 62
- - [16/Aug/2020:14:20:14 +0000] "post /index.mipage" 200 34 2241 2241
- - [16/Aug/2020:14:44:41 +0000] "get /index.mipage" 200 6766 17625 17625
- - [16/Aug/2020:14:44:41 +0000] "get /FontAwesome5/js/all.js" 200 54 1242204 1242204
- - [16/Aug/2020:14:44:41 +0000] "get /JQuery/jquery-3.4.1.min.js" 200 4 88147 88147
- - [16/Aug/2020:14:44:41 +0000] "get /JQuery/APL_JavaScript_Utils.js" 200 3 1338 1338
- - [16/Aug/2020:14:44:41 +0000] "get /Bootstrap4/popper.min.js" 200 2 21167 21167
- - [16/Aug/2020:14:44:41 +0000] "get /Bootstrap4/bootstrap.min.js" 200 2 58078 58078
- - [16/Aug/2020:14:44:41 +0000] "get /jBox/jBox.min.js" 200 2 37610 37610
- - [16/Aug/2020:14:44:41 +0000] "get /jBox/plugins/Confirm/jBox.Confirm.min.js" 200 2 1445 1445
- - [16/Aug/2020:14:44:41 +0000] "get /jBox/plugins/Image/jBox.Image.min.js" 200 2 4565 4565
- - [16/Aug/2020:14:44:41 +0000] "get /jBox/plugins/Notice/jBox.Notice.min.js" 200 3 1852 1852
- - [16/Aug/2020:14:44:41 +0000] "get /assets/lBox.js" 200 2 244 244
- - [16/Aug/2020:14:44:41 +0000] "get /Bootstrap4/bootstrap.min.css" 200 2 155764 155764
- - [16/Aug/2020:14:44:41 +0000] "get /jBox/jBox.css" 200 3 8701 8701
- - [16/Aug/2020:14:44:41 +0000] "get /jBox/plugins/Confirm/jBox.Confirm.css" 200 2 1053 1053
- - [16/Aug/2020:14:44:41 +0000] "get /jBox/plugins/Notice/jBox.Notice.css" 200 2 1325 1325
- - [16/Aug/2020:14:44:41 +0000] "get /assets/style.css" 200 2 62 62
- - [16/Aug/2020:14:44:41 +0000] "get /jBox/plugins/Image/jBox.Image.css" 200 2 3390 3390
- - [16/Aug/2020:14:44:41 +0000] "get /jBox/themes/TooltipDark.css" 200 2 712 712
- - [16/Aug/2020:14:44:46 +0000] "post /index.mipage" 200 12 2241 2241
- - [16/Aug/2020:14:56:43 +0000] "get /index.mipage" 200 7088 17628 17628
- - [16/Aug/2020:14:56:43 +0000] "get /FontAwesome5/js/all.js" 200 3 1242204 1242204
- - [16/Aug/2020:14:56:43 +0000] "get /JQuery/jquery-3.4.1.min.js" 200 3 88147 88147
- - [16/Aug/2020:14:56:43 +0000] "get /JQuery/APL_JavaScript_Utils.js" 200 3 1338 1338
- - [16/Aug/2020:14:56:43 +0000] "get /Bootstrap4/popper.min.js" 200 2 21167 21167
- - [16/Aug/2020:14:56:43 +0000] "get /Bootstrap4/bootstrap.min.js" 200 2 58078 58078
- - [16/Aug/2020:14:56:43 +0000] "get /jBox/jBox.min.js" 200 2 37610 37610
- - [16/Aug/2020:14:56:43 +0000] "get /jBox/plugins/Confirm/jBox.Confirm.min.js" 200 3 1445 1445
- - [16/Aug/2020:14:56:43 +0000] "get /jBox/plugins/Notice/jBox.Notice.min.js" 200 3 1852 1852
- - [16/Aug/2020:14:56:43 +0000] "get /jBox/plugins/Image/jBox.Image.min.js" 200 3 4565 4565
- - [16/Aug/2020:14:56:43 +0000] "get /assets/lBox.js" 200 2 244 244
- - [16/Aug/2020:14:56:43 +0000] "get /Bootstrap4/bootstrap.min.css" 200 2 155764 155764
- - [16/Aug/2020:14:56:43 +0000] "get /jBox/jBox.css" 200 3 8701 8701
- - [16/Aug/2020:14:56:43 +0000] "get /jBox/plugins/Confirm/jBox.Confirm.css" 200 2 1053 1053
- - [16/Aug/2020:14:56:43 +0000] "get /jBox/plugins/Notice/jBox.Notice.css" 200 2 1325 1325
- - [16/Aug/2020:14:56:43 +0000] "get /jBox/plugins/Image/jBox.Image.css" 200 2 3390 3390
- - [16/Aug/2020:14:56:43 +0000] "get /jBox/themes/TooltipDark.css" 200 2 712 712
- - [16/Aug/2020:14:56:43 +0000] "get /assets/style.css" 200 2 62 62
- - [16/Aug/2020:14:56:50 +0000] "post /index.mipage" 200 12 2243 2243
- - [16/Aug/2020:14:58:10 +0000] "post /index.mipage" 200 77448 1487 1487
- - [16/Aug/2020:15:01:23 +0000] "get /index.mipage" 200 5859 17631 17631
- - [16/Aug/2020:15:01:23 +0000] "get /FontAwesome5/js/all.js" 200 3 1242204 1242204
- - [16/Aug/2020:15:01:23 +0000] "get /JQuery/jquery-3.4.1.min.js" 200 2 88147 88147
- - [16/Aug/2020:15:01:23 +0000] "get /JQuery/APL_JavaScript_Utils.js" 200 2 1338 1338
- - [16/Aug/2020:15:01:23 +0000] "get /Bootstrap4/popper.min.js" 200 2 21167 21167
- - [16/Aug/2020:15:01:23 +0000] "get /Bootstrap4/bootstrap.min.js" 200 2 58078 58078
- - [16/Aug/2020:15:01:23 +0000] "get /jBox/jBox.min.js" 200 2 37610 37610
- - [16/Aug/2020:15:01:23 +0000] "get /jBox/plugins/Confirm/jBox.Confirm.min.js" 200 3 1445 1445
- - [16/Aug/2020:15:01:23 +0000] "get /jBox/plugins/Notice/jBox.Notice.min.js" 200 3 1852 1852
- - [16/Aug/2020:15:01:23 +0000] "get /jBox/plugins/Image/jBox.Image.min.js" 200 3 4565 4565
- - [16/Aug/2020:15:01:23 +0000] "get /assets/lBox.js" 200 1 244 244
- - [16/Aug/2020:15:01:23 +0000] "get /jBox/jBox.css" 200 3 8701 8701
- - [16/Aug/2020:15:01:23 +0000] "get /Bootstrap4/bootstrap.min.css" 200 2 155764 155764
- - [16/Aug/2020:15:01:23 +0000] "get /jBox/plugins/Confirm/jBox.Confirm.css" 200 2 1053 1053
- - [16/Aug/2020:15:01:23 +0000] "get /jBox/plugins/Notice/jBox.Notice.css" 200 2 1325 1325
- - [16/Aug/2020:15:01:23 +0000] "get /jBox/plugins/Image/jBox.Image.css" 200 2 3390 3390
- - [16/Aug/2020:15:01:23 +0000] "get /assets/style.css" 200 1 62 62
- - [16/Aug/2020:15:01:23 +0000] "get /jBox/themes/TooltipDark.css" 200 2 712 712
- - [16/Aug/2020:15:01:28 +0000] "post /index.mipage" 200 17 2241 2241
- - [16/Aug/2020:15:01:31 +0000] "post /index.mipage" 200 15 1600 1600
- - [16/Aug/2020:15:25:49 +0000] "get /index.mipage" 200 8365 22793 22793
- - [16/Aug/2020:15:25:49 +0000] "get /FontAwesome5/js/all.js" 200 2 1242204 1242204
- - [16/Aug/2020:15:25:49 +0000] "get /JQuery/jquery-3.4.1.min.js" 200 2 88147 88147
- - [16/Aug/2020:15:25:49 +0000] "get /JQuery/APL_JavaScript_Utils.js" 200 2 1338 1338
- - [16/Aug/2020:15:25:49 +0000] "get /Bootstrap4/popper.min.js" 200 2 21167 21167
- - [16/Aug/2020:15:25:49 +0000] "get /Bootstrap4/bootstrap.min.js" 200 3 58078 58078
- - [16/Aug/2020:15:25:49 +0000] "get /jBox/jBox.min.js" 200 3 37610 37610
- - [16/Aug/2020:15:25:49 +0000] "get /jBox/plugins/Confirm/jBox.Confirm.min.js" 200 2 1445 1445
- - [16/Aug/2020:15:25:49 +0000] "get /jBox/plugins/Notice/jBox.Notice.min.js" 200 2 1852 1852
- - [16/Aug/2020:15:25:49 +0000] "get /Bootstrap4/bootstrap.min.css" 200 4 155764 155764
- - [16/Aug/2020:15:25:49 +0000] "get /jBox/plugins/Image/jBox.Image.min.js" 200 3 4565 4565
- - [16/Aug/2020:15:25:49 +0000] "get /assets/lBox.js" 200 2 244 244
- - [16/Aug/2020:15:25:49 +0000] "get /jBox/jBox.css" 200 3 8701 8701
- - [16/Aug/2020:15:25:49 +0000] "get /jBox/plugins/Notice/jBox.Notice.css" 200 3 1325 1325
- - [16/Aug/2020:15:25:49 +0000] "get /jBox/plugins/Confirm/jBox.Confirm.css" 200 3 1053 1053
- - [16/Aug/2020:15:25:49 +0000] "get /jBox/plugins/Image/jBox.Image.css" 200 2 3390 3390
- - [16/Aug/2020:15:25:49 +0000] "get /jBox/themes/TooltipDark.css" 200 3 712 712
- - [16/Aug/2020:15:25:49 +0000] "get /assets/style.css" 200 2 62 62
- - [16/Aug/2020:15:25:56 +0000] "post /index.mipage" 200 38 112 112
- - [16/Aug/2020:15:25:59 +0000] "post /index.mipage" 200 16 5536 5536
- - [16/Aug/2020:15:26:00 +0000] "post /index.mipage" 200 7 112 112
- - [16/Aug/2020:15:26:02 +0000] "post /index.mipage" 200 14 5534 5534
- - [16/Aug/2020:15:26:05 +0000] "post /index.mipage" 200 6 112 112
- - [16/Aug/2020:15:26:07 +0000] "post /index.mipage" 200 15 5535 5535
