- - [15/Aug/2020:09:14:40 +0000] "get /index.mipage" 200 247277 14140 14140
- - [15/Aug/2020:09:14:40 +0000] "get /FontAwesome5/js/all.js" 200 41 1242204 1242204
- - [15/Aug/2020:09:14:40 +0000] "get /JQuery/jquery-3.4.1.min.js" 200 11 88147 88147
- - [15/Aug/2020:09:14:40 +0000] "get /JQuery/APL_JavaScript_Utils.js" 200 4 1338 1338
- - [15/Aug/2020:09:14:40 +0000] "get /Bootstrap4/popper.min.js" 200 6 21167 21167
- - [15/Aug/2020:09:14:40 +0000] "get /Bootstrap4/bootstrap.min.js" 200 9 58078 58078
- - [15/Aug/2020:09:14:40 +0000] "get /jBox/jBox.min.js" 200 9 37610 37610
- - [15/Aug/2020:09:14:40 +0000] "get /jBox/plugins/Confirm/jBox.Confirm.min.js" 200 4 1445 1445
- - [15/Aug/2020:09:14:40 +0000] "get /jBox/plugins/Notice/jBox.Notice.min.js" 200 4 1852 1852
- - [15/Aug/2020:09:14:41 +0000] "get /assets/lBox.js" 200 1 0 0
- - [15/Aug/2020:09:14:41 +0000] "get /jBox/plugins/Image/jBox.Image.min.js" 200 4 4565 4565
- - [15/Aug/2020:09:14:41 +0000] "get /Bootstrap4/bootstrap.min.css" 200 9 155764 155764
- - [15/Aug/2020:09:14:41 +0000] "get /jBox/plugins/Confirm/jBox.Confirm.css" 200 4 1053 1053
- - [15/Aug/2020:09:14:41 +0000] "get /jBox/jBox.css" 200 4 8701 8701
- - [15/Aug/2020:09:14:41 +0000] "get /jBox/plugins/Notice/jBox.Notice.css" 200 4 1325 1325
- - [15/Aug/2020:09:14:41 +0000] "get /jBox/plugins/Image/jBox.Image.css" 200 6 3390 3390
- - [15/Aug/2020:09:14:41 +0000] "get /jBox/themes/TooltipDark.css" 200 8 712 712
- - [15/Aug/2020:09:14:41 +0000] "get /assets/style.css" 200 2 62 62
- - [15/Aug/2020:09:21:17 +0000] "get /index.mipage" 200 97623 13212 13212
- - [15/Aug/2020:09:21:17 +0000] "get /index.mipage" 200 91 13219 13219
- - [15/Aug/2020:09:21:20 +0000] "get /FontAwesome5/js/all.js" 200 3068 1242204 1242204
- - [15/Aug/2020:09:22:36 +0000] "get /index.mipage" 200 86 13216 13216
- - [15/Aug/2020:09:22:36 +0000] "get /FontAwesome5/js/all.js" 200 4 1242204 1242204
- - [15/Aug/2020:09:22:36 +0000] "get /JQuery/jquery-3.4.1.min.js" 200 3 88147 88147
- - [15/Aug/2020:09:22:36 +0000] "get /JQuery/APL_JavaScript_Utils.js" 200 2 1338 1338
- - [15/Aug/2020:09:22:36 +0000] "get /Bootstrap4/popper.min.js" 200 3 21167 21167
- - [15/Aug/2020:09:22:36 +0000] "get /Bootstrap4/bootstrap.min.js" 200 2 58078 58078
- - [15/Aug/2020:09:22:36 +0000] "get /jBox/jBox.min.js" 200 4 37610 37610
- - [15/Aug/2020:09:22:36 +0000] "get /jBox/plugins/Confirm/jBox.Confirm.min.js" 200 3 1445 1445
- - [15/Aug/2020:09:22:36 +0000] "get /jBox/plugins/Notice/jBox.Notice.min.js" 200 3 1852 1852
- - [15/Aug/2020:09:22:36 +0000] "get /jBox/plugins/Image/jBox.Image.min.js" 200 3 4565 4565
- - [15/Aug/2020:09:22:36 +0000] "get /assets/lBox.js" 200 3 0 0
- - [15/Aug/2020:09:22:36 +0000] "get /Bootstrap4/bootstrap.min.css" 200 2 155764 155764
- - [15/Aug/2020:09:22:36 +0000] "get /jBox/jBox.css" 200 3 8701 8701
- - [15/Aug/2020:09:22:36 +0000] "get /jBox/plugins/Confirm/jBox.Confirm.css" 200 3 1053 1053
- - [15/Aug/2020:09:22:36 +0000] "get /jBox/plugins/Notice/jBox.Notice.css" 200 5 1325 1325
- - [15/Aug/2020:09:22:36 +0000] "get /jBox/plugins/Image/jBox.Image.css" 200 3 3390 3390
- - [15/Aug/2020:09:22:36 +0000] "get /jBox/themes/TooltipDark.css" 200 4 712 712
- - [15/Aug/2020:09:22:36 +0000] "get /assets/style.css" 200 3 62 62
- - [15/Aug/2020:09:22:36 +0000] "get /index.mipage" 200 80 13407 13407
- - [15/Aug/2020:09:26:23 +0000] "get /index.mipage" 200 182 13231 13231
- - [15/Aug/2020:09:26:23 +0000] "get /FontAwesome5/js/all.js" 200 3 1242204 1242204
- - [15/Aug/2020:09:26:23 +0000] "get /JQuery/jquery-3.4.1.min.js" 200 2 88147 88147
- - [15/Aug/2020:09:26:23 +0000] "get /JQuery/APL_JavaScript_Utils.js" 200 5 1338 1338
- - [15/Aug/2020:09:26:23 +0000] "get /Bootstrap4/popper.min.js" 200 3 21167 21167
- - [15/Aug/2020:09:26:23 +0000] "get /Bootstrap4/bootstrap.min.js" 200 3 58078 58078
- - [15/Aug/2020:09:26:23 +0000] "get /jBox/jBox.min.js" 200 3 37610 37610
- - [15/Aug/2020:09:26:23 +0000] "get /jBox/plugins/Confirm/jBox.Confirm.min.js" 200 3 1445 1445
- - [15/Aug/2020:09:26:23 +0000] "get /jBox/plugins/Notice/jBox.Notice.min.js" 200 5 1852 1852
- - [15/Aug/2020:09:26:23 +0000] "get /jBox/plugins/Image/jBox.Image.min.js" 200 2 4565 4565
- - [15/Aug/2020:09:26:23 +0000] "get /assets/lBox.js" 200 3 0 0
- - [15/Aug/2020:09:26:23 +0000] "get /Bootstrap4/bootstrap.min.css" 200 6 155764 155764
- - [15/Aug/2020:09:26:23 +0000] "get /jBox/jBox.css" 200 5 8701 8701
- - [15/Aug/2020:09:26:23 +0000] "get /jBox/plugins/Confirm/jBox.Confirm.css" 200 3 1053 1053
- - [15/Aug/2020:09:26:23 +0000] "get /jBox/plugins/Notice/jBox.Notice.css" 200 3 1325 1325
- - [15/Aug/2020:09:26:23 +0000] "get /jBox/plugins/Image/jBox.Image.css" 200 2 3390 3390
- - [15/Aug/2020:09:26:23 +0000] "get /jBox/themes/TooltipDark.css" 200 4 712 712
- - [15/Aug/2020:09:26:23 +0000] "get /assets/style.css" 200 3 62 62
- - [15/Aug/2020:09:26:23 +0000] "get /index.mipage" 200 99 13419 13419
- - [15/Aug/2020:09:31:07 +0000] "get /index.mipage" 200 101 13228 13228
- - [15/Aug/2020:09:31:07 +0000] "get /FontAwesome5/js/all.js" 200 3 1242204 1242204
- - [15/Aug/2020:09:31:07 +0000] "get /JQuery/jquery-3.4.1.min.js" 200 3 88147 88147
- - [15/Aug/2020:09:31:07 +0000] "get /JQuery/APL_JavaScript_Utils.js" 200 3 1338 1338
- - [15/Aug/2020:09:31:07 +0000] "get /Bootstrap4/popper.min.js" 200 3 21167 21167
- - [15/Aug/2020:09:31:07 +0000] "get /Bootstrap4/bootstrap.min.js" 200 2 58078 58078
- - [15/Aug/2020:09:31:07 +0000] "get /jBox/jBox.min.js" 200 3 37610 37610
- - [15/Aug/2020:09:31:07 +0000] "get /jBox/plugins/Confirm/jBox.Confirm.min.js" 200 2 1445 1445
- - [15/Aug/2020:09:31:07 +0000] "get /jBox/plugins/Notice/jBox.Notice.min.js" 200 2 1852 1852
- - [15/Aug/2020:09:31:07 +0000] "get /jBox/plugins/Image/jBox.Image.min.js" 200 3 4565 4565
- - [15/Aug/2020:09:31:07 +0000] "get /assets/lBox.js" 200 2 0 0
- - [15/Aug/2020:09:31:07 +0000] "get /Bootstrap4/bootstrap.min.css" 200 3 155764 155764
- - [15/Aug/2020:09:31:07 +0000] "get /jBox/jBox.css" 200 3 8701 8701
- - [15/Aug/2020:09:31:07 +0000] "get /jBox/plugins/Confirm/jBox.Confirm.css" 200 3 1053 1053
- - [15/Aug/2020:09:31:07 +0000] "get /jBox/plugins/Notice/jBox.Notice.css" 200 5 1325 1325
- - [15/Aug/2020:09:31:07 +0000] "get /jBox/plugins/Image/jBox.Image.css" 200 3 3390 3390
- - [15/Aug/2020:09:31:07 +0000] "get /jBox/themes/TooltipDark.css" 200 3 712 712
- - [15/Aug/2020:09:31:07 +0000] "get /assets/style.css" 200 3 62 62
- - [15/Aug/2020:09:31:07 +0000] "get /index.mipage" 200 103 13416 13416
- - [15/Aug/2020:09:31:45 +0000] "post /index.mipage" 200 32884 50 50
- - [15/Aug/2020:09:49:36 +0000] "get /index.mipage" 200 149 13219 13219
- - [15/Aug/2020:09:49:36 +0000] "get /FontAwesome5/js/all.js" 200 3 1242204 1242204
- - [15/Aug/2020:09:49:36 +0000] "get /JQuery/jquery-3.4.1.min.js" 200 2 88147 88147
- - [15/Aug/2020:09:49:36 +0000] "get /JQuery/APL_JavaScript_Utils.js" 200 2 1338 1338
- - [15/Aug/2020:09:49:36 +0000] "get /Bootstrap4/popper.min.js" 200 2 21167 21167
- - [15/Aug/2020:09:49:36 +0000] "get /Bootstrap4/bootstrap.min.js" 200 3 58078 58078
- - [15/Aug/2020:09:49:36 +0000] "get /jBox/jBox.min.js" 200 2 37610 37610
- - [15/Aug/2020:09:49:36 +0000] "get /jBox/plugins/Confirm/jBox.Confirm.min.js" 200 3 1445 1445
- - [15/Aug/2020:09:49:36 +0000] "get /jBox/plugins/Notice/jBox.Notice.min.js" 200 3 1852 1852
- - [15/Aug/2020:09:49:36 +0000] "get /jBox/plugins/Image/jBox.Image.min.js" 200 3 4565 4565
- - [15/Aug/2020:09:49:36 +0000] "get /assets/lBox.js" 200 1 244 244
- - [15/Aug/2020:09:49:36 +0000] "get /jBox/jBox.css" 200 5 8701 8701
- - [15/Aug/2020:09:49:36 +0000] "get /jBox/plugins/Confirm/jBox.Confirm.css" 200 3 1053 1053
- - [15/Aug/2020:09:49:36 +0000] "get /Bootstrap4/bootstrap.min.css" 200 3 155764 155764
- - [15/Aug/2020:09:49:37 +0000] "get /jBox/plugins/Notice/jBox.Notice.css" 200 3 1325 1325
- - [15/Aug/2020:09:49:37 +0000] "get /jBox/plugins/Image/jBox.Image.css" 200 6 3390 3390
- - [15/Aug/2020:09:49:37 +0000] "get /jBox/themes/TooltipDark.css" 200 3 712 712
- - [15/Aug/2020:09:49:37 +0000] "get /assets/style.css" 200 3 62 62
- - [15/Aug/2020:09:49:37 +0000] "get /index.mipage" 200 93 13416 13416
- - [15/Aug/2020:09:49:41 +0000] "post /index.mipage" 200 35 50 50
- - [15/Aug/2020:09:50:27 +0000] "get /index.mipage" 200 76 13236 13236
- - [15/Aug/2020:09:50:27 +0000] "get /FontAwesome5/js/all.js" 200 2 1242204 1242204
- - [15/Aug/2020:09:50:27 +0000] "get /JQuery/jquery-3.4.1.min.js" 200 3 88147 88147
- - [15/Aug/2020:09:50:27 +0000] "get /JQuery/APL_JavaScript_Utils.js" 200 3 1338 1338
- - [15/Aug/2020:09:50:27 +0000] "get /Bootstrap4/popper.min.js" 200 2 21167 21167
- - [15/Aug/2020:09:50:27 +0000] "get /Bootstrap4/bootstrap.min.js" 200 3 58078 58078
- - [15/Aug/2020:09:50:27 +0000] "get /jBox/jBox.min.js" 200 3 37610 37610
- - [15/Aug/2020:09:50:27 +0000] "get /jBox/plugins/Confirm/jBox.Confirm.min.js" 200 3 1445 1445
- - [15/Aug/2020:09:50:27 +0000] "get /jBox/plugins/Notice/jBox.Notice.min.js" 200 3 1852 1852
- - [15/Aug/2020:09:50:27 +0000] "get /jBox/plugins/Image/jBox.Image.min.js" 200 3 4565 4565
- - [15/Aug/2020:09:50:27 +0000] "get /assets/lBox.js" 200 2 244 244
- - [15/Aug/2020:09:50:27 +0000] "get /Bootstrap4/bootstrap.min.css" 200 4 155764 155764
- - [15/Aug/2020:09:50:27 +0000] "get /jBox/jBox.css" 200 3 8701 8701
- - [15/Aug/2020:09:50:27 +0000] "get /jBox/plugins/Confirm/jBox.Confirm.css" 200 2 1053 1053
- - [15/Aug/2020:09:50:27 +0000] "get /jBox/plugins/Notice/jBox.Notice.css" 200 3 1325 1325
- - [15/Aug/2020:09:50:27 +0000] "get /jBox/plugins/Image/jBox.Image.css" 200 3 3390 3390
- - [15/Aug/2020:09:50:27 +0000] "get /jBox/themes/TooltipDark.css" 200 3 712 712
- - [15/Aug/2020:09:50:27 +0000] "get /assets/style.css" 200 3 62 62
- - [15/Aug/2020:09:50:27 +0000] "get /index.mipage" 200 83 13427 13427
- - [15/Aug/2020:09:50:32 +0000] "post /index.mipage" 200 32 50 50
- - [15/Aug/2020:09:56:15 +0000] "get /index.mipage" 200 71 13233 13233
- - [15/Aug/2020:09:56:15 +0000] "get /FontAwesome5/js/all.js" 200 2 1242204 1242204
- - [15/Aug/2020:09:56:15 +0000] "get /JQuery/APL_JavaScript_Utils.js" 200 2 1338 1338
- - [15/Aug/2020:09:56:15 +0000] "get /JQuery/jquery-3.4.1.min.js" 200 2 88147 88147
- - [15/Aug/2020:09:56:15 +0000] "get /Bootstrap4/popper.min.js" 200 2 21167 21167
- - [15/Aug/2020:09:56:15 +0000] "get /Bootstrap4/bootstrap.min.js" 200 3 58078 58078
- - [15/Aug/2020:09:56:15 +0000] "get /jBox/jBox.min.js" 200 3 37610 37610
- - [15/Aug/2020:09:56:15 +0000] "get /jBox/plugins/Confirm/jBox.Confirm.min.js" 200 4 1445 1445
- - [15/Aug/2020:09:56:15 +0000] "get /assets/lBox.js" 200 2 244 244
- - [15/Aug/2020:09:56:15 +0000] "get /jBox/plugins/Notice/jBox.Notice.min.js" 200 3 1852 1852
- - [15/Aug/2020:09:56:15 +0000] "get /Bootstrap4/bootstrap.min.css" 200 3 155764 155764
- - [15/Aug/2020:09:56:15 +0000] "get /jBox/plugins/Image/jBox.Image.min.js" 200 2 4565 4565
- - [15/Aug/2020:09:56:15 +0000] "get /jBox/jBox.css" 200 3 8701 8701
- - [15/Aug/2020:09:56:15 +0000] "get /jBox/plugins/Confirm/jBox.Confirm.css" 200 4 1053 1053
- - [15/Aug/2020:09:56:15 +0000] "get /jBox/plugins/Notice/jBox.Notice.css" 200 3 1325 1325
- - [15/Aug/2020:09:56:15 +0000] "get /jBox/plugins/Image/jBox.Image.css" 200 3 3390 3390
- - [15/Aug/2020:09:56:15 +0000] "get /jBox/themes/TooltipDark.css" 200 3 712 712
- - [15/Aug/2020:09:56:15 +0000] "get /assets/style.css" 200 4 62 62
- - [15/Aug/2020:09:56:15 +0000] "get /index.mipage" 200 82 13427 13427
- - [15/Aug/2020:09:56:22 +0000] "post /index.mipage" 200 8 50 50
- - [15/Aug/2020:10:08:41 +0000] "get /index.mipage" 200 31826 13267 13267
- - [15/Aug/2020:10:08:41 +0000] "get /index.mipage" 200 61 13485 13485
- - [15/Aug/2020:10:08:41 +0000] "get /FontAwesome5/js/all.js" 200 4 1242204 1242204
- - [15/Aug/2020:10:08:41 +0000] "get /JQuery/jquery-3.4.1.min.js" 200 4 88147 88147
- - [15/Aug/2020:10:08:42 +0000] "get /JQuery/APL_JavaScript_Utils.js" 200 3 1338 1338
- - [15/Aug/2020:10:08:42 +0000] "get /Bootstrap4/popper.min.js" 200 2 21167 21167
- - [15/Aug/2020:10:08:42 +0000] "get /Bootstrap4/bootstrap.min.js" 200 5 58078 58078
- - [15/Aug/2020:10:08:42 +0000] "get /jBox/jBox.min.js" 200 3 37610 37610
- - [15/Aug/2020:10:08:42 +0000] "get /jBox/plugins/Confirm/jBox.Confirm.min.js" 200 4 1445 1445
- - [15/Aug/2020:10:08:42 +0000] "get /jBox/plugins/Notice/jBox.Notice.min.js" 200 5 1852 1852
- - [15/Aug/2020:10:08:42 +0000] "get /jBox/plugins/Image/jBox.Image.min.js" 200 5 4565 4565
- - [15/Aug/2020:10:08:42 +0000] "get /assets/lBox.js" 200 3 244 244
- - [15/Aug/2020:10:08:42 +0000] "get /Bootstrap4/bootstrap.min.css" 200 2 155764 155764
- - [15/Aug/2020:10:08:42 +0000] "get /jBox/jBox.css" 200 3 8701 8701
- - [15/Aug/2020:10:08:42 +0000] "get /jBox/plugins/Notice/jBox.Notice.css" 200 3 1325 1325
- - [15/Aug/2020:10:08:42 +0000] "get /jBox/plugins/Confirm/jBox.Confirm.css" 200 4 1053 1053
- - [15/Aug/2020:10:08:42 +0000] "get /jBox/plugins/Image/jBox.Image.css" 200 3 3390 3390
- - [15/Aug/2020:10:08:42 +0000] "get /jBox/themes/TooltipDark.css" 200 3 712 712
- - [15/Aug/2020:10:08:42 +0000] "get /assets/style.css" 200 3 62 62
- - [15/Aug/2020:10:11:04 +0000] "get /index.mipage" 200 264 13320 13320
- - [15/Aug/2020:10:11:04 +0000] "get /FontAwesome5/js/all.js" 200 8 1242204 1242204
- - [15/Aug/2020:10:11:04 +0000] "get /JQuery/jquery-3.4.1.min.js" 200 9 88147 88147
- - [15/Aug/2020:10:11:04 +0000] "get /JQuery/APL_JavaScript_Utils.js" 200 9 1338 1338
- - [15/Aug/2020:10:11:04 +0000] "get /Bootstrap4/popper.min.js" 200 8 21167 21167
- - [15/Aug/2020:10:11:04 +0000] "get /Bootstrap4/bootstrap.min.js" 200 6 58078 58078
- - [15/Aug/2020:10:11:04 +0000] "get /jBox/jBox.min.js" 200 8 37610 37610
- - [15/Aug/2020:10:11:04 +0000] "get /jBox/plugins/Confirm/jBox.Confirm.min.js" 200 9 1445 1445
- - [15/Aug/2020:10:11:04 +0000] "get /jBox/plugins/Notice/jBox.Notice.min.js" 200 8 1852 1852
- - [15/Aug/2020:10:11:04 +0000] "get /jBox/plugins/Image/jBox.Image.min.js" 200 6 4565 4565
- - [15/Aug/2020:10:11:04 +0000] "get /assets/lBox.js" 200 6 244 244
- - [15/Aug/2020:10:11:04 +0000] "get /Bootstrap4/bootstrap.min.css" 200 7 155764 155764
- - [15/Aug/2020:10:11:04 +0000] "get /jBox/jBox.css" 200 8 8701 8701
- - [15/Aug/2020:10:11:05 +0000] "get /jBox/plugins/Confirm/jBox.Confirm.css" 200 6 1053 1053
- - [15/Aug/2020:10:11:05 +0000] "get /jBox/plugins/Notice/jBox.Notice.css" 200 6 1325 1325
- - [15/Aug/2020:10:11:05 +0000] "get /jBox/plugins/Image/jBox.Image.css" 200 7 3390 3390
- - [15/Aug/2020:10:11:05 +0000] "get /jBox/themes/TooltipDark.css" 200 8 712 712
- - [15/Aug/2020:10:11:05 +0000] "get /assets/style.css" 200 5 62 62
- - [15/Aug/2020:10:11:05 +0000] "get /index.mipage" 200 219 13541 13541
- - [15/Aug/2020:10:11:05 +0000] "get /Bootstrap4/bootstrap.min.css" 200 8 155764 155764
- - [15/Aug/2020:10:11:05 +0000] "get /jBox/jBox.css" 200 9 8701 8701
- - [15/Aug/2020:10:11:05 +0000] "get /jBox/plugins/Confirm/jBox.Confirm.css" 200 7 1053 1053
- - [15/Aug/2020:10:11:05 +0000] "get /jBox/plugins/Notice/jBox.Notice.css" 200 8 1325 1325
- - [15/Aug/2020:10:11:05 +0000] "get /jBox/plugins/Image/jBox.Image.css" 200 7 3390 3390
- - [15/Aug/2020:10:11:05 +0000] "get /jBox/themes/TooltipDark.css" 200 9 712 712
- - [15/Aug/2020:10:11:05 +0000] "get /assets/style.css" 200 7 62 62
- - [15/Aug/2020:10:11:23 +0000] "post /index.mipage" 200 6 50 50
- - [15/Aug/2020:10:16:26 +0000] "get /index.mipage" 200 54 13384 13384
- - [15/Aug/2020:10:16:27 +0000] "get /FontAwesome5/js/all.js" 200 3 1242204 1242204
- - [15/Aug/2020:10:16:27 +0000] "get /JQuery/jquery-3.4.1.min.js" 200 2 88147 88147
- - [15/Aug/2020:10:16:27 +0000] "get /JQuery/APL_JavaScript_Utils.js" 200 3 1338 1338
- - [15/Aug/2020:10:16:27 +0000] "get /Bootstrap4/popper.min.js" 200 3 21167 21167
- - [15/Aug/2020:10:16:27 +0000] "get /Bootstrap4/bootstrap.min.js" 200 4 58078 58078
- - [15/Aug/2020:10:16:27 +0000] "get /jBox/jBox.min.js" 200 4 37610 37610
- - [15/Aug/2020:10:16:27 +0000] "get /jBox/plugins/Confirm/jBox.Confirm.min.js" 200 3 1445 1445
- - [15/Aug/2020:10:16:27 +0000] "get /jBox/plugins/Notice/jBox.Notice.min.js" 200 3 1852 1852
- - [15/Aug/2020:10:16:27 +0000] "get /jBox/plugins/Image/jBox.Image.min.js" 200 2 4565 4565
- - [15/Aug/2020:10:16:27 +0000] "get /assets/lBox.js" 200 3 244 244
- - [15/Aug/2020:10:16:27 +0000] "get /Bootstrap4/bootstrap.min.css" 200 3 155764 155764
- - [15/Aug/2020:10:16:27 +0000] "get /jBox/jBox.css" 200 3 8701 8701
- - [15/Aug/2020:10:16:27 +0000] "get /jBox/plugins/Confirm/jBox.Confirm.css" 200 3 1053 1053
- - [15/Aug/2020:10:16:27 +0000] "get /jBox/plugins/Notice/jBox.Notice.css" 200 3 1325 1325
- - [15/Aug/2020:10:16:27 +0000] "get /jBox/plugins/Image/jBox.Image.css" 200 4 3390 3390
- - [15/Aug/2020:10:16:27 +0000] "get /jBox/themes/TooltipDark.css" 200 3 712 712
- - [15/Aug/2020:10:16:27 +0000] "get /assets/style.css" 200 3 62 62
- - [15/Aug/2020:10:16:27 +0000] "get /index.mipage" 200 79 13602 13602
- - [15/Aug/2020:10:16:40 +0000] "post /index.mipage" 200 26 50 50
- - [15/Aug/2020:10:17:20 +0000] "post /index.mipage" 200 29 50 50
- - [15/Aug/2020:11:01:47 +0000] "get /index.mipage" 200 78 13614 13614
- - [15/Aug/2020:11:01:47 +0000] "get /FontAwesome5/js/all.js" 200 35 1242204 1242204
- - [15/Aug/2020:11:01:47 +0000] "get /JQuery/jquery-3.4.1.min.js" 200 8 88147 88147
- - [15/Aug/2020:11:01:47 +0000] "get /JQuery/APL_JavaScript_Utils.js" 200 2 1338 1338
- - [15/Aug/2020:11:01:47 +0000] "get /Bootstrap4/popper.min.js" 200 5 21167 21167
- - [15/Aug/2020:11:01:47 +0000] "get /Bootstrap4/bootstrap.min.js" 200 7 58078 58078
- - [15/Aug/2020:11:01:47 +0000] "get /jBox/jBox.min.js" 200 6 37610 37610
- - [15/Aug/2020:11:01:47 +0000] "get /jBox/plugins/Confirm/jBox.Confirm.min.js" 200 2 1445 1445
- - [15/Aug/2020:11:01:47 +0000] "get /jBox/plugins/Notice/jBox.Notice.min.js" 200 5 1852 1852
- - [15/Aug/2020:11:01:47 +0000] "get /jBox/plugins/Image/jBox.Image.min.js" 200 5 4565 4565
- - [15/Aug/2020:11:01:47 +0000] "get /assets/lBox.js" 200 3 244 244
- - [15/Aug/2020:11:01:47 +0000] "get /Bootstrap4/bootstrap.min.css" 200 6 155764 155764
- - [15/Aug/2020:11:01:47 +0000] "get /jBox/plugins/Confirm/jBox.Confirm.css" 200 3 1053 1053
- - [15/Aug/2020:11:01:47 +0000] "get /jBox/jBox.css" 200 4 8701 8701
- - [15/Aug/2020:11:01:47 +0000] "get /jBox/plugins/Notice/jBox.Notice.css" 200 4 1325 1325
- - [15/Aug/2020:11:01:47 +0000] "get /jBox/plugins/Image/jBox.Image.css" 200 5 3390 3390
- - [15/Aug/2020:11:01:47 +0000] "get /jBox/themes/TooltipDark.css" 200 6 712 712
- - [15/Aug/2020:11:01:47 +0000] "get /assets/style.css" 200 15 62 62
- - [15/Aug/2020:11:01:47 +0000] "get /index.mipage" 200 81 13835 13835
- - [15/Aug/2020:11:02:52 +0000] "get /index.mipage" 500 199 474 474
- - [15/Aug/2020:11:02:52 +0000] "get /index.mipage" 500 49 474 474
- - [15/Aug/2020:11:03:24 +0000] "get /index.mipage" 200 76 13608 13608
- - [15/Aug/2020:11:03:24 +0000] "get /FontAwesome5/js/all.js" 200 3 1242204 1242204
- - [15/Aug/2020:11:03:24 +0000] "get /JQuery/jquery-3.4.1.min.js" 200 2 88147 88147
- - [15/Aug/2020:11:03:24 +0000] "get /Bootstrap4/popper.min.js" 200 3 21167 21167
- - [15/Aug/2020:11:03:24 +0000] "get /JQuery/APL_JavaScript_Utils.js" 200 3 1338 1338
- - [15/Aug/2020:11:03:24 +0000] "get /Bootstrap4/bootstrap.min.js" 200 3 58078 58078
- - [15/Aug/2020:11:03:24 +0000] "get /jBox/jBox.min.js" 200 3 37610 37610
- - [15/Aug/2020:11:03:24 +0000] "get /jBox/plugins/Confirm/jBox.Confirm.min.js" 200 4 1445 1445
- - [15/Aug/2020:11:03:24 +0000] "get /jBox/plugins/Notice/jBox.Notice.min.js" 200 4 1852 1852
- - [15/Aug/2020:11:03:24 +0000] "get /jBox/plugins/Image/jBox.Image.min.js" 200 3 4565 4565
- - [15/Aug/2020:11:03:24 +0000] "get /assets/lBox.js" 200 3 244 244
- - [15/Aug/2020:11:03:24 +0000] "get /Bootstrap4/bootstrap.min.css" 200 3 155764 155764
- - [15/Aug/2020:11:03:24 +0000] "get /jBox/jBox.css" 200 3 8701 8701
- - [15/Aug/2020:11:03:24 +0000] "get /jBox/plugins/Confirm/jBox.Confirm.css" 200 3 1053 1053
- - [15/Aug/2020:11:03:24 +0000] "get /jBox/plugins/Notice/jBox.Notice.css" 200 4 1325 1325
- - [15/Aug/2020:11:03:24 +0000] "get /jBox/plugins/Image/jBox.Image.css" 200 2 3390 3390
- - [15/Aug/2020:11:03:24 +0000] "get /jBox/themes/TooltipDark.css" 200 3 712 712
- - [15/Aug/2020:11:03:24 +0000] "get /assets/style.css" 200 2 62 62
- - [15/Aug/2020:11:03:25 +0000] "get /index.mipage" 200 84 13829 13829
- - [15/Aug/2020:11:03:33 +0000] "post /index.mipage" 200 25 50 50
- - [15/Aug/2020:11:10:10 +0000] "get /index.mipage" 200 91 13671 13671
- - [15/Aug/2020:11:10:10 +0000] "get /FontAwesome5/js/all.js" 200 4 1242204 1242204
- - [15/Aug/2020:11:10:10 +0000] "get /JQuery/jquery-3.4.1.min.js" 200 4 88147 88147
- - [15/Aug/2020:11:10:10 +0000] "get /JQuery/APL_JavaScript_Utils.js" 200 4 1338 1338
- - [15/Aug/2020:11:10:10 +0000] "get /Bootstrap4/popper.min.js" 200 4 21167 21167
- - [15/Aug/2020:11:10:10 +0000] "get /Bootstrap4/bootstrap.min.js" 200 4 58078 58078
- - [15/Aug/2020:11:10:10 +0000] "get /jBox/jBox.min.js" 200 3 37610 37610
- - [15/Aug/2020:11:10:10 +0000] "get /jBox/plugins/Confirm/jBox.Confirm.min.js" 200 3 1445 1445
- - [15/Aug/2020:11:10:10 +0000] "get /jBox/plugins/Notice/jBox.Notice.min.js" 200 4 1852 1852
- - [15/Aug/2020:11:10:10 +0000] "get /jBox/plugins/Image/jBox.Image.min.js" 200 2 4565 4565
- - [15/Aug/2020:11:10:10 +0000] "get /assets/lBox.js" 200 3 244 244
- - [15/Aug/2020:11:10:10 +0000] "get /Bootstrap4/bootstrap.min.css" 200 3 155764 155764
- - [15/Aug/2020:11:10:10 +0000] "get /jBox/jBox.css" 200 4 8701 8701
- - [15/Aug/2020:11:10:10 +0000] "get /jBox/plugins/Confirm/jBox.Confirm.css" 200 3 1053 1053
- - [15/Aug/2020:11:10:10 +0000] "get /jBox/plugins/Notice/jBox.Notice.css" 200 4 1325 1325
- - [15/Aug/2020:11:10:10 +0000] "get /jBox/plugins/Image/jBox.Image.css" 200 3 3390 3390
- - [15/Aug/2020:11:10:10 +0000] "get /jBox/themes/TooltipDark.css" 200 3 712 712
- - [15/Aug/2020:11:10:10 +0000] "get /assets/style.css" 200 5 62 62
- - [15/Aug/2020:11:10:10 +0000] "get /index.mipage" 200 123 13886 13886
- - [15/Aug/2020:11:12:59 +0000] "get /index.mipage" 200 59 13611 13611
- - [15/Aug/2020:11:12:59 +0000] "get /FontAwesome5/js/all.js" 200 3 1242204 1242204
- - [15/Aug/2020:11:12:59 +0000] "get /JQuery/jquery-3.4.1.min.js" 200 2 88147 88147
- - [15/Aug/2020:11:12:59 +0000] "get /Bootstrap4/popper.min.js" 200 3 21167 21167
- - [15/Aug/2020:11:12:59 +0000] "get /JQuery/APL_JavaScript_Utils.js" 200 3 1338 1338
- - [15/Aug/2020:11:12:59 +0000] "get /Bootstrap4/bootstrap.min.js" 200 3 58078 58078
- - [15/Aug/2020:11:12:59 +0000] "get /jBox/jBox.min.js" 200 4 37610 37610
- - [15/Aug/2020:11:12:59 +0000] "get /jBox/plugins/Confirm/jBox.Confirm.min.js" 200 3 1445 1445
- - [15/Aug/2020:11:12:59 +0000] "get /jBox/plugins/Notice/jBox.Notice.min.js" 200 2 1852 1852
- - [15/Aug/2020:11:13:00 +0000] "get /jBox/plugins/Image/jBox.Image.min.js" 200 2 4565 4565
- - [15/Aug/2020:11:13:00 +0000] "get /assets/lBox.js" 200 3 244 244
- - [15/Aug/2020:11:13:00 +0000] "get /Bootstrap4/bootstrap.min.css" 200 4 155764 155764
- - [15/Aug/2020:11:13:00 +0000] "get /jBox/jBox.css" 200 4 8701 8701
- - [15/Aug/2020:11:13:00 +0000] "get /jBox/plugins/Confirm/jBox.Confirm.css" 200 2 1053 1053
- - [15/Aug/2020:11:13:00 +0000] "get /jBox/plugins/Notice/jBox.Notice.css" 200 6 1325 1325
- - [15/Aug/2020:11:13:00 +0000] "get /jBox/plugins/Image/jBox.Image.css" 200 7 3390 3390
- - [15/Aug/2020:11:13:00 +0000] "get /jBox/themes/TooltipDark.css" 200 4 712 712
- - [15/Aug/2020:11:13:00 +0000] "get /assets/style.css" 200 3 62 62
- - [15/Aug/2020:11:13:00 +0000] "get /index.mipage" 200 90 13832 13832
- - [15/Aug/2020:11:20:19 +0000] "get /index.mipage" 200 76 13527 13527
- - [15/Aug/2020:11:20:19 +0000] "get /FontAwesome5/js/all.js" 200 3 1242204 1242204
- - [15/Aug/2020:11:20:19 +0000] "get /JQuery/jquery-3.4.1.min.js" 200 3 88147 88147
- - [15/Aug/2020:11:20:20 +0000] "get /JQuery/APL_JavaScript_Utils.js" 200 5 1338 1338
- - [15/Aug/2020:11:20:20 +0000] "get /Bootstrap4/popper.min.js" 200 2 21167 21167
- - [15/Aug/2020:11:20:20 +0000] "get /Bootstrap4/bootstrap.min.js" 200 2 58078 58078
- - [15/Aug/2020:11:20:20 +0000] "get /jBox/jBox.min.js" 200 10 37610 37610
- - [15/Aug/2020:11:20:20 +0000] "get /jBox/plugins/Confirm/jBox.Confirm.min.js" 200 2 1445 1445
- - [15/Aug/2020:11:20:20 +0000] "get /jBox/plugins/Notice/jBox.Notice.min.js" 200 5 1852 1852
- - [15/Aug/2020:11:20:20 +0000] "get /jBox/plugins/Image/jBox.Image.min.js" 200 4 4565 4565
- - [15/Aug/2020:11:20:20 +0000] "get /assets/lBox.js" 200 4 244 244
- - [15/Aug/2020:11:20:20 +0000] "get /Bootstrap4/bootstrap.min.css" 200 3 155764 155764
- - [15/Aug/2020:11:20:20 +0000] "get /jBox/jBox.css" 200 2 8701 8701
- - [15/Aug/2020:11:20:20 +0000] "get /jBox/plugins/Confirm/jBox.Confirm.css" 200 3 1053 1053
- - [15/Aug/2020:11:20:20 +0000] "get /jBox/plugins/Notice/jBox.Notice.css" 200 2 1325 1325
- - [15/Aug/2020:11:20:20 +0000] "get /jBox/plugins/Image/jBox.Image.css" 200 3 3390 3390
- - [15/Aug/2020:11:20:20 +0000] "get /jBox/themes/TooltipDark.css" 200 2 712 712
- - [15/Aug/2020:11:20:20 +0000] "get /assets/style.css" 200 3 62 62
- - [15/Aug/2020:11:20:20 +0000] "get /index.mipage" 200 85 13745 13745
- - [15/Aug/2020:11:20:20 +0000] "get /Bootstrap4/bootstrap.min.css" 200 3 155764 155764
- - [15/Aug/2020:11:20:20 +0000] "get /jBox/jBox.css" 200 3 8701 8701
- - [15/Aug/2020:11:20:20 +0000] "get /jBox/plugins/Notice/jBox.Notice.css" 200 3 1325 1325
- - [15/Aug/2020:11:20:20 +0000] "get /jBox/plugins/Confirm/jBox.Confirm.css" 200 3 1053 1053
- - [15/Aug/2020:11:20:20 +0000] "get /jBox/themes/TooltipDark.css" 200 2 712 712
- - [15/Aug/2020:11:20:20 +0000] "get /jBox/plugins/Image/jBox.Image.css" 200 3 3390 3390
- - [15/Aug/2020:11:20:20 +0000] "get /assets/style.css" 200 2 62 62
- - [15/Aug/2020:11:21:32 +0000] "get /index.mipage" 200 78 13506 13506
- - [15/Aug/2020:11:21:32 +0000] "get /FontAwesome5/js/all.js" 200 3 1242204 1242204
- - [15/Aug/2020:11:21:32 +0000] "get /JQuery/jquery-3.4.1.min.js" 200 3 88147 88147
- - [15/Aug/2020:11:21:32 +0000] "get /Bootstrap4/popper.min.js" 200 3 21167 21167
- - [15/Aug/2020:11:21:32 +0000] "get /JQuery/APL_JavaScript_Utils.js" 200 2 1338 1338
- - [15/Aug/2020:11:21:32 +0000] "get /Bootstrap4/bootstrap.min.js" 200 3 58078 58078
- - [15/Aug/2020:11:21:32 +0000] "get /jBox/jBox.min.js" 200 2 37610 37610
- - [15/Aug/2020:11:21:32 +0000] "get /jBox/plugins/Confirm/jBox.Confirm.min.js" 200 3 1445 1445
- - [15/Aug/2020:11:21:32 +0000] "get /jBox/plugins/Notice/jBox.Notice.min.js" 200 4 1852 1852
- - [15/Aug/2020:11:21:32 +0000] "get /jBox/plugins/Image/jBox.Image.min.js" 200 2 4565 4565
- - [15/Aug/2020:11:21:32 +0000] "get /assets/lBox.js" 200 3 244 244
- - [15/Aug/2020:11:21:32 +0000] "get /Bootstrap4/bootstrap.min.css" 200 3 155764 155764
- - [15/Aug/2020:11:21:32 +0000] "get /jBox/jBox.css" 200 3 8701 8701
- - [15/Aug/2020:11:21:32 +0000] "get /jBox/plugins/Confirm/jBox.Confirm.css" 200 2 1053 1053
- - [15/Aug/2020:11:21:32 +0000] "get /jBox/plugins/Notice/jBox.Notice.css" 200 5 1325 1325
- - [15/Aug/2020:11:21:32 +0000] "get /jBox/plugins/Image/jBox.Image.css" 200 4 3390 3390
- - [15/Aug/2020:11:21:32 +0000] "get /jBox/themes/TooltipDark.css" 200 4 712 712
- - [15/Aug/2020:11:21:32 +0000] "get /assets/style.css" 200 2 62 62
- - [15/Aug/2020:11:21:32 +0000] "get /index.mipage" 200 114 13727 13727
- - [15/Aug/2020:11:21:42 +0000] "post /index.mipage" 200 26 50 50
- - [15/Aug/2020:11:34:42 +0000] "get /index.mipage" 200 95 13371 13371
- - [15/Aug/2020:11:34:42 +0000] "get /FontAwesome5/js/all.js" 200 4 1242204 1242204
- - [15/Aug/2020:11:34:42 +0000] "get /JQuery/jquery-3.4.1.min.js" 200 2 88147 88147
- - [15/Aug/2020:11:34:42 +0000] "get /JQuery/APL_JavaScript_Utils.js" 200 2 1338 1338
- - [15/Aug/2020:11:34:42 +0000] "get /Bootstrap4/popper.min.js" 200 4 21167 21167
- - [15/Aug/2020:11:34:42 +0000] "get /Bootstrap4/bootstrap.min.js" 200 3 58078 58078
- - [15/Aug/2020:11:34:42 +0000] "get /jBox/jBox.min.js" 200 3 37610 37610
- - [15/Aug/2020:11:34:42 +0000] "get /jBox/plugins/Notice/jBox.Notice.min.js" 200 2 1852 1852
- - [15/Aug/2020:11:34:42 +0000] "get /jBox/plugins/Confirm/jBox.Confirm.min.js" 200 3 1445 1445
- - [15/Aug/2020:11:34:42 +0000] "get /assets/lBox.js" 200 3 244 244
- - [15/Aug/2020:11:34:42 +0000] "get /jBox/plugins/Image/jBox.Image.min.js" 200 2 4565 4565
- - [15/Aug/2020:11:34:42 +0000] "get /Bootstrap4/bootstrap.min.css" 200 4 155764 155764
- - [15/Aug/2020:11:34:42 +0000] "get /jBox/jBox.css" 200 3 8701 8701
- - [15/Aug/2020:11:34:42 +0000] "get /jBox/plugins/Confirm/jBox.Confirm.css" 200 2 1053 1053
- - [15/Aug/2020:11:34:42 +0000] "get /jBox/plugins/Notice/jBox.Notice.css" 200 4 1325 1325
- - [15/Aug/2020:11:34:42 +0000] "get /jBox/plugins/Image/jBox.Image.css" 200 3 3390 3390
- - [15/Aug/2020:11:34:42 +0000] "get /jBox/themes/TooltipDark.css" 200 5 712 712
- - [15/Aug/2020:11:34:42 +0000] "get /assets/style.css" 200 2 62 62
- - [15/Aug/2020:11:34:42 +0000] "get /index.mipage" 200 95 13589 13589
- - [15/Aug/2020:11:35:09 +0000] "post /index.mipage" 200 86 337 337
- - [15/Aug/2020:11:37:57 +0000] "post /index.mipage" 200 160468 363 363
- - [15/Aug/2020:11:37:57 +0000] "post /index.mipage" 200 16 50 50
- - [15/Aug/2020:11:41:36 +0000] "get /index.mipage" 200 61 13409 13409
- - [15/Aug/2020:11:41:36 +0000] "get /FontAwesome5/js/all.js" 200 3 1242204 1242204
- - [15/Aug/2020:11:41:36 +0000] "get /JQuery/jquery-3.4.1.min.js" 200 2 88147 88147
- - [15/Aug/2020:11:41:36 +0000] "get /JQuery/APL_JavaScript_Utils.js" 200 3 1338 1338
- - [15/Aug/2020:11:41:36 +0000] "get /Bootstrap4/popper.min.js" 200 2 21167 21167
- - [15/Aug/2020:11:41:36 +0000] "get /Bootstrap4/bootstrap.min.js" 200 3 58078 58078
- - [15/Aug/2020:11:41:36 +0000] "get /jBox/jBox.min.js" 200 3 37610 37610
- - [15/Aug/2020:11:41:36 +0000] "get /jBox/plugins/Confirm/jBox.Confirm.min.js" 200 3 1445 1445
- - [15/Aug/2020:11:41:36 +0000] "get /jBox/plugins/Notice/jBox.Notice.min.js" 200 2 1852 1852
- - [15/Aug/2020:11:41:36 +0000] "get /jBox/plugins/Image/jBox.Image.min.js" 200 3 4565 4565
- - [15/Aug/2020:11:41:36 +0000] "get /assets/lBox.js" 200 2 244 244
- - [15/Aug/2020:11:41:36 +0000] "get /Bootstrap4/bootstrap.min.css" 200 2 155764 155764
- - [15/Aug/2020:11:41:36 +0000] "get /jBox/jBox.css" 200 3 8701 8701
- - [15/Aug/2020:11:41:36 +0000] "get /jBox/plugins/Confirm/jBox.Confirm.css" 200 2 1053 1053
- - [15/Aug/2020:11:41:36 +0000] "get /jBox/plugins/Notice/jBox.Notice.css" 200 2 1325 1325
- - [15/Aug/2020:11:41:36 +0000] "get /jBox/plugins/Image/jBox.Image.css" 200 3 3390 3390
- - [15/Aug/2020:11:41:36 +0000] "get /jBox/themes/TooltipDark.css" 200 2 712 712
- - [15/Aug/2020:11:41:36 +0000] "get /assets/style.css" 200 2 62 62
- - [15/Aug/2020:11:41:37 +0000] "get /index.mipage" 200 61 13621 13621
- - [15/Aug/2020:11:41:37 +0000] "get /Bootstrap4/bootstrap.min.css" 200 3 155764 155764
- - [15/Aug/2020:11:41:37 +0000] "get /jBox/jBox.css" 200 3 8701 8701
- - [15/Aug/2020:11:41:37 +0000] "get /jBox/plugins/Confirm/jBox.Confirm.css" 200 3 1053 1053
- - [15/Aug/2020:11:41:37 +0000] "get /jBox/plugins/Notice/jBox.Notice.css" 200 3 1325 1325
- - [15/Aug/2020:11:41:37 +0000] "get /jBox/themes/TooltipDark.css" 200 3 712 712
- - [15/Aug/2020:11:41:37 +0000] "get /jBox/plugins/Image/jBox.Image.css" 200 2 3390 3390
- - [15/Aug/2020:11:41:37 +0000] "get /assets/style.css" 200 4 62 62
- - [15/Aug/2020:11:50:35 +0000] "get /index.mipage" 200 59 13413 13413
- - [15/Aug/2020:11:50:35 +0000] "get /FontAwesome5/js/all.js" 200 3 1242204 1242204
- - [15/Aug/2020:11:50:35 +0000] "get /JQuery/jquery-3.4.1.min.js" 200 2 88147 88147
- - [15/Aug/2020:11:50:35 +0000] "get /JQuery/APL_JavaScript_Utils.js" 200 2 1338 1338
- - [15/Aug/2020:11:50:35 +0000] "get /Bootstrap4/popper.min.js" 200 4 21167 21167
- - [15/Aug/2020:11:50:35 +0000] "get /Bootstrap4/bootstrap.min.js" 200 3 58078 58078
- - [15/Aug/2020:11:50:35 +0000] "get /jBox/jBox.min.js" 200 2 37610 37610
- - [15/Aug/2020:11:50:35 +0000] "get /jBox/plugins/Confirm/jBox.Confirm.min.js" 200 3 1445 1445
- - [15/Aug/2020:11:50:35 +0000] "get /jBox/plugins/Notice/jBox.Notice.min.js" 200 2 1852 1852
- - [15/Aug/2020:11:50:35 +0000] "get /jBox/plugins/Image/jBox.Image.min.js" 200 3 4565 4565
- - [15/Aug/2020:11:50:35 +0000] "get /assets/lBox.js" 200 2 244 244
- - [15/Aug/2020:11:50:35 +0000] "get /Bootstrap4/bootstrap.min.css" 200 3 155764 155764
- - [15/Aug/2020:11:50:35 +0000] "get /jBox/jBox.css" 200 3 8701 8701
- - [15/Aug/2020:11:50:35 +0000] "get /jBox/plugins/Confirm/jBox.Confirm.css" 200 2 1053 1053
- - [15/Aug/2020:11:50:35 +0000] "get /jBox/plugins/Notice/jBox.Notice.css" 200 3 1325 1325
- - [15/Aug/2020:11:50:35 +0000] "get /jBox/plugins/Image/jBox.Image.css" 200 4 3390 3390
- - [15/Aug/2020:11:50:35 +0000] "get /jBox/themes/TooltipDark.css" 200 3 712 712
- - [15/Aug/2020:11:50:35 +0000] "get /assets/style.css" 200 3 62 62
- - [15/Aug/2020:11:50:35 +0000] "get /index.mipage" 200 58 13637 13637
- - [15/Aug/2020:11:50:35 +0000] "get /Bootstrap4/bootstrap.min.css" 200 2 155764 155764
- - [15/Aug/2020:11:50:35 +0000] "get /jBox/jBox.css" 200 3 8701 8701
- - [15/Aug/2020:11:50:35 +0000] "get /jBox/plugins/Confirm/jBox.Confirm.css" 200 3 1053 1053
- - [15/Aug/2020:11:50:35 +0000] "get /jBox/plugins/Notice/jBox.Notice.css" 200 2 1325 1325
- - [15/Aug/2020:11:50:35 +0000] "get /jBox/plugins/Image/jBox.Image.css" 200 2 3390 3390
- - [15/Aug/2020:11:50:35 +0000] "get /jBox/themes/TooltipDark.css" 200 2 712 712
- - [15/Aug/2020:11:50:35 +0000] "get /assets/style.css" 200 2 62 62
- - [15/Aug/2020:11:52:43 +0000] "post /index.mipage" 200 105055 363 363
- - [15/Aug/2020:11:57:57 +0000] "get /index.mipage" 200 15203 9277 9277
- - [15/Aug/2020:11:57:57 +0000] "get /FontAwesome5/js/all.js" 200 4 1242204 1242204
- - [15/Aug/2020:11:57:57 +0000] "get /JQuery/jquery-3.4.1.min.js" 200 4 88147 88147
- - [15/Aug/2020:11:57:57 +0000] "get /JQuery/APL_JavaScript_Utils.js" 200 2 1338 1338
- - [15/Aug/2020:11:57:57 +0000] "get /Bootstrap4/popper.min.js" 200 4 21167 21167
- - [15/Aug/2020:11:57:57 +0000] "get /Bootstrap4/bootstrap.min.js" 200 3 58078 58078
- - [15/Aug/2020:11:57:57 +0000] "get /jBox/jBox.min.js" 200 5 37610 37610
- - [15/Aug/2020:11:57:57 +0000] "get /jBox/plugins/Confirm/jBox.Confirm.min.js" 200 6 1445 1445
- - [15/Aug/2020:11:57:57 +0000] "get /jBox/plugins/Image/jBox.Image.min.js" 200 5 4565 4565
- - [15/Aug/2020:11:57:57 +0000] "get /jBox/plugins/Notice/jBox.Notice.min.js" 200 3 1852 1852
- - [15/Aug/2020:11:57:57 +0000] "get /assets/lBox.js" 200 3 244 244
- - [15/Aug/2020:11:57:57 +0000] "get /Bootstrap4/bootstrap.min.css" 200 4 155764 155764
- - [15/Aug/2020:11:57:57 +0000] "get /jBox/jBox.css" 200 4 8701 8701
- - [15/Aug/2020:11:57:57 +0000] "get /jBox/plugins/Notice/jBox.Notice.css" 200 3 1325 1325
- - [15/Aug/2020:11:57:57 +0000] "get /jBox/plugins/Confirm/jBox.Confirm.css" 200 4 1053 1053
- - [15/Aug/2020:11:57:57 +0000] "get /jBox/plugins/Image/jBox.Image.css" 200 3 3390 3390
- - [15/Aug/2020:11:57:57 +0000] "get /jBox/themes/TooltipDark.css" 200 4 712 712
- - [15/Aug/2020:11:57:57 +0000] "get /assets/style.css" 200 3 62 62
- - [15/Aug/2020:12:05:28 +0000] "get /index.mipage" 200 70 13416 13416
- - [15/Aug/2020:12:05:28 +0000] "get /FontAwesome5/js/all.js" 200 3 1242204 1242204
- - [15/Aug/2020:12:05:28 +0000] "get /JQuery/jquery-3.4.1.min.js" 200 2 88147 88147
- - [15/Aug/2020:12:05:28 +0000] "get /Bootstrap4/popper.min.js" 200 2 21167 21167
- - [15/Aug/2020:12:05:28 +0000] "get /JQuery/APL_JavaScript_Utils.js" 200 2 1338 1338
- - [15/Aug/2020:12:05:28 +0000] "get /Bootstrap4/bootstrap.min.js" 200 2 58078 58078
- - [15/Aug/2020:12:05:28 +0000] "get /jBox/jBox.min.js" 200 2 37610 37610
- - [15/Aug/2020:12:05:28 +0000] "get /jBox/plugins/Confirm/jBox.Confirm.min.js" 200 3 1445 1445
- - [15/Aug/2020:12:05:28 +0000] "get /jBox/plugins/Notice/jBox.Notice.min.js" 200 3 1852 1852
- - [15/Aug/2020:12:05:28 +0000] "get /jBox/plugins/Image/jBox.Image.min.js" 200 3 4565 4565
- - [15/Aug/2020:12:05:28 +0000] "get /assets/lBox.js" 200 2 244 244
- - [15/Aug/2020:12:05:28 +0000] "get /Bootstrap4/bootstrap.min.css" 200 3 155764 155764
- - [15/Aug/2020:12:05:28 +0000] "get /jBox/jBox.css" 200 3 8701 8701
- - [15/Aug/2020:12:05:28 +0000] "get /jBox/plugins/Confirm/jBox.Confirm.css" 200 3 1053 1053
- - [15/Aug/2020:12:05:28 +0000] "get /jBox/plugins/Notice/jBox.Notice.css" 200 3 1325 1325
- - [15/Aug/2020:12:05:28 +0000] "get /jBox/plugins/Image/jBox.Image.css" 200 2 3390 3390
- - [15/Aug/2020:12:05:28 +0000] "get /jBox/themes/TooltipDark.css" 200 4 712 712
- - [15/Aug/2020:12:05:28 +0000] "get /assets/style.css" 200 2 62 62
- - [15/Aug/2020:12:05:29 +0000] "get /index.mipage" 200 65 13634 13634
- - [15/Aug/2020:12:05:29 +0000] "get /Bootstrap4/bootstrap.min.css" 200 5 155764 155764
- - [15/Aug/2020:12:05:29 +0000] "get /jBox/jBox.css" 200 4 8701 8701
- - [15/Aug/2020:12:05:29 +0000] "get /jBox/plugins/Confirm/jBox.Confirm.css" 200 5 1053 1053
- - [15/Aug/2020:12:05:29 +0000] "get /jBox/plugins/Image/jBox.Image.css" 200 5 3390 3390
- - [15/Aug/2020:12:05:29 +0000] "get /jBox/plugins/Notice/jBox.Notice.css" 200 3 1325 1325
- - [15/Aug/2020:12:05:29 +0000] "get /jBox/themes/TooltipDark.css" 200 3 712 712
- - [15/Aug/2020:12:05:29 +0000] "get /assets/style.css" 200 3 62 62
- - [15/Aug/2020:12:22:28 +0000] "post /index.mipage" 200 1001905 363 363
- - [15/Aug/2020:13:01:27 +0000] "get /index.mipage" 200 79 15485 15485
- - [15/Aug/2020:13:01:27 +0000] "get /FontAwesome5/js/all.js" 200 3 1242204 1242204
- - [15/Aug/2020:13:01:27 +0000] "get /JQuery/jquery-3.4.1.min.js" 200 2 88147 88147
- - [15/Aug/2020:13:01:27 +0000] "get /JQuery/APL_JavaScript_Utils.js" 200 3 1338 1338
- - [15/Aug/2020:13:01:27 +0000] "get /Bootstrap4/popper.min.js" 200 2 21167 21167
- - [15/Aug/2020:13:01:27 +0000] "get /Bootstrap4/bootstrap.min.js" 200 3 58078 58078
- - [15/Aug/2020:13:01:27 +0000] "get /jBox/jBox.min.js" 200 2 37610 37610
- - [15/Aug/2020:13:01:27 +0000] "get /jBox/plugins/Confirm/jBox.Confirm.min.js" 200 2 1445 1445
- - [15/Aug/2020:13:01:27 +0000] "get /jBox/plugins/Notice/jBox.Notice.min.js" 200 2 1852 1852
- - [15/Aug/2020:13:01:27 +0000] "get /jBox/plugins/Image/jBox.Image.min.js" 200 3 4565 4565
- - [15/Aug/2020:13:01:27 +0000] "get /assets/lBox.js" 200 1 244 244
- - [15/Aug/2020:13:01:27 +0000] "get /Bootstrap4/bootstrap.min.css" 200 3 155764 155764
- - [15/Aug/2020:13:01:27 +0000] "get /jBox/jBox.css" 200 3 8701 8701
- - [15/Aug/2020:13:01:27 +0000] "get /jBox/plugins/Confirm/jBox.Confirm.css" 200 2 1053 1053
- - [15/Aug/2020:13:01:27 +0000] "get /jBox/plugins/Notice/jBox.Notice.css" 200 2 1325 1325
- - [15/Aug/2020:13:01:27 +0000] "get /jBox/plugins/Image/jBox.Image.css" 200 3 3390 3390
- - [15/Aug/2020:13:01:27 +0000] "get /jBox/themes/TooltipDark.css" 200 3 712 712
- - [15/Aug/2020:13:01:27 +0000] "get /assets/style.css" 200 2 62 62
- - [15/Aug/2020:13:01:27 +0000] "get /index.mipage" 200 72 15709 15709
- - [15/Aug/2020:13:01:27 +0000] "get /Bootstrap4/bootstrap.min.css" 200 2 155764 155764
- - [15/Aug/2020:13:01:27 +0000] "get /jBox/jBox.css" 200 3 8701 8701
- - [15/Aug/2020:13:01:27 +0000] "get /jBox/plugins/Confirm/jBox.Confirm.css" 200 4 1053 1053
- - [15/Aug/2020:13:01:27 +0000] "get /jBox/plugins/Notice/jBox.Notice.css" 200 3 1325 1325
- - [15/Aug/2020:13:01:27 +0000] "get /jBox/plugins/Image/jBox.Image.css" 200 2 3390 3390
- - [15/Aug/2020:13:01:27 +0000] "get /jBox/themes/TooltipDark.css" 200 2 712 712
- - [15/Aug/2020:13:01:27 +0000] "get /assets/style.css" 200 3 62 62
- - [15/Aug/2020:13:01:48 +0000] "post /index.mipage" 200 9 2 2
- - [15/Aug/2020:13:27:42 +0000] "get /index.mipage" 200 66441 17566 17566
- - [15/Aug/2020:13:27:42 +0000] "get /FontAwesome5/js/all.js" 200 2 1242204 1242204
- - [15/Aug/2020:13:27:42 +0000] "get /JQuery/jquery-3.4.1.min.js" 200 3 88147 88147
- - [15/Aug/2020:13:27:42 +0000] "get /JQuery/APL_JavaScript_Utils.js" 200 2 1338 1338
- - [15/Aug/2020:13:27:42 +0000] "get /Bootstrap4/popper.min.js" 200 2 21167 21167
- - [15/Aug/2020:13:27:42 +0000] "get /Bootstrap4/bootstrap.min.js" 200 4 58078 58078
- - [15/Aug/2020:13:27:42 +0000] "get /jBox/jBox.min.js" 200 5 37610 37610
- - [15/Aug/2020:13:27:42 +0000] "get /jBox/plugins/Confirm/jBox.Confirm.min.js" 200 4 1445 1445
- - [15/Aug/2020:13:27:42 +0000] "get /jBox/plugins/Notice/jBox.Notice.min.js" 200 4 1852 1852
- - [15/Aug/2020:13:27:42 +0000] "get /jBox/plugins/Image/jBox.Image.min.js" 200 3 4565 4565
- - [15/Aug/2020:13:27:42 +0000] "get /assets/lBox.js" 200 3 244 244
- - [15/Aug/2020:13:27:42 +0000] "get /Bootstrap4/bootstrap.min.css" 200 4 155764 155764
- - [15/Aug/2020:13:27:42 +0000] "get /jBox/jBox.css" 200 3 8701 8701
- - [15/Aug/2020:13:27:42 +0000] "get /jBox/plugins/Confirm/jBox.Confirm.css" 200 2 1053 1053
- - [15/Aug/2020:13:27:42 +0000] "get /jBox/plugins/Notice/jBox.Notice.css" 200 3 1325 1325
- - [15/Aug/2020:13:27:42 +0000] "get /jBox/plugins/Image/jBox.Image.css" 200 2 3390 3390
- - [15/Aug/2020:13:27:42 +0000] "get /jBox/themes/TooltipDark.css" 200 3 712 712
- - [15/Aug/2020:13:27:42 +0000] "get /assets/style.css" 200 3 62 62
- - [15/Aug/2020:13:28:08 +0000] "post /index.mipage" 200 77 2 2
- - [15/Aug/2020:13:28:12 +0000] "post /index.mipage" 200 6 2 2
- - [15/Aug/2020:13:28:14 +0000] "post /index.mipage" 200 119 2 2
- - [15/Aug/2020:13:28:15 +0000] "get /index.mipage" 200 43 17784 17784
- - [15/Aug/2020:13:28:15 +0000] "get /Bootstrap4/bootstrap.min.css" 200 2 155764 155764
- - [15/Aug/2020:13:28:15 +0000] "get /jBox/jBox.css" 200 4 8701 8701
- - [15/Aug/2020:13:28:15 +0000] "get /jBox/plugins/Confirm/jBox.Confirm.css" 200 4 1053 1053
- - [15/Aug/2020:13:28:15 +0000] "get /jBox/plugins/Notice/jBox.Notice.css" 200 4 1325 1325
- - [15/Aug/2020:13:28:15 +0000] "get /jBox/plugins/Image/jBox.Image.css" 200 4 3390 3390
- - [15/Aug/2020:13:28:15 +0000] "get /jBox/themes/TooltipDark.css" 200 3 712 712
- - [15/Aug/2020:13:28:15 +0000] "get /assets/style.css" 200 2 62 62
- - [15/Aug/2020:13:37:48 +0000] "get /index.mipage" 200 97459 17580 17580
- - [15/Aug/2020:13:37:48 +0000] "get /FontAwesome5/js/all.js" 200 4 1242204 1242204
- - [15/Aug/2020:13:37:48 +0000] "get /JQuery/jquery-3.4.1.min.js" 200 3 88147 88147
- - [15/Aug/2020:13:37:48 +0000] "get /JQuery/APL_JavaScript_Utils.js" 200 3 1338 1338
- - [15/Aug/2020:13:37:48 +0000] "get /Bootstrap4/popper.min.js" 200 3 21167 21167
- - [15/Aug/2020:13:37:48 +0000] "get /Bootstrap4/bootstrap.min.js" 200 4 58078 58078
- - [15/Aug/2020:13:37:48 +0000] "get /jBox/jBox.min.js" 200 3 37610 37610
- - [15/Aug/2020:13:37:48 +0000] "get /jBox/plugins/Confirm/jBox.Confirm.min.js" 200 4 1445 1445
- - [15/Aug/2020:13:37:48 +0000] "get /jBox/plugins/Image/jBox.Image.min.js" 200 3 4565 4565
- - [15/Aug/2020:13:37:48 +0000] "get /jBox/plugins/Notice/jBox.Notice.min.js" 200 2 1852 1852
- - [15/Aug/2020:13:37:48 +0000] "get /assets/lBox.js" 200 3 244 244
- - [15/Aug/2020:13:37:48 +0000] "get /jBox/plugins/Confirm/jBox.Confirm.css" 200 4 1053 1053
- - [15/Aug/2020:13:37:48 +0000] "get /jBox/jBox.css" 200 3 8701 8701
- - [15/Aug/2020:13:37:48 +0000] "get /Bootstrap4/bootstrap.min.css" 200 3 155764 155764
- - [15/Aug/2020:13:37:48 +0000] "get /jBox/plugins/Notice/jBox.Notice.css" 200 3 1325 1325
- - [15/Aug/2020:13:37:48 +0000] "get /jBox/plugins/Image/jBox.Image.css" 200 2 3390 3390
- - [15/Aug/2020:13:37:49 +0000] "get /jBox/themes/TooltipDark.css" 200 5 712 712
- - [15/Aug/2020:13:37:49 +0000] "get /assets/style.css" 200 2 62 62
- - [15/Aug/2020:13:37:58 +0000] "post /index.mipage" 500 48 0 0
- - [15/Aug/2020:13:40:29 +0000] "get /index.mipage" 200 61 17572 17572
- - [15/Aug/2020:13:40:30 +0000] "get /FontAwesome5/js/all.js" 200 2 1242204 1242204
- - [15/Aug/2020:13:40:30 +0000] "get /JQuery/jquery-3.4.1.min.js" 200 2 88147 88147
- - [15/Aug/2020:13:40:30 +0000] "get /JQuery/APL_JavaScript_Utils.js" 200 2 1338 1338
- - [15/Aug/2020:13:40:30 +0000] "get /Bootstrap4/popper.min.js" 200 2 21167 21167
- - [15/Aug/2020:13:40:30 +0000] "get /Bootstrap4/bootstrap.min.js" 200 2 58078 58078
- - [15/Aug/2020:13:40:30 +0000] "get /jBox/jBox.min.js" 200 3 37610 37610
- - [15/Aug/2020:13:40:30 +0000] "get /jBox/plugins/Confirm/jBox.Confirm.min.js" 200 3 1445 1445
- - [15/Aug/2020:13:40:30 +0000] "get /jBox/plugins/Notice/jBox.Notice.min.js" 200 9 1852 1852
- - [15/Aug/2020:13:40:30 +0000] "get /jBox/plugins/Image/jBox.Image.min.js" 200 4 4565 4565
- - [15/Aug/2020:13:40:30 +0000] "get /assets/lBox.js" 200 4 244 244
- - [15/Aug/2020:13:40:30 +0000] "get /Bootstrap4/bootstrap.min.css" 200 5 155764 155764
- - [15/Aug/2020:13:40:30 +0000] "get /jBox/jBox.css" 200 3 8701 8701
- - [15/Aug/2020:13:40:30 +0000] "get /jBox/plugins/Confirm/jBox.Confirm.css" 200 2 1053 1053
- - [15/Aug/2020:13:40:30 +0000] "get /jBox/plugins/Notice/jBox.Notice.css" 200 2 1325 1325
- - [15/Aug/2020:13:40:30 +0000] "get /jBox/plugins/Image/jBox.Image.css" 200 3 3390 3390
- - [15/Aug/2020:13:40:30 +0000] "get /jBox/themes/TooltipDark.css" 200 2 712 712
- - [15/Aug/2020:13:40:30 +0000] "get /assets/style.css" 200 2 62 62
- - [15/Aug/2020:13:40:30 +0000] "get /index.mipage" 200 73 17793 17793
- - [15/Aug/2020:13:40:30 +0000] "get /Bootstrap4/bootstrap.min.css" 200 2 155764 155764
- - [15/Aug/2020:13:40:30 +0000] "get /jBox/jBox.css" 200 2 8701 8701
- - [15/Aug/2020:13:40:30 +0000] "get /jBox/plugins/Confirm/jBox.Confirm.css" 200 3 1053 1053
- - [15/Aug/2020:13:40:30 +0000] "get /jBox/plugins/Notice/jBox.Notice.css" 200 3 1325 1325
- - [15/Aug/2020:13:40:30 +0000] "get /jBox/plugins/Image/jBox.Image.css" 200 2 3390 3390
- - [15/Aug/2020:13:40:30 +0000] "get /jBox/themes/TooltipDark.css" 200 3 712 712
- - [15/Aug/2020:13:40:30 +0000] "get /assets/style.css" 200 1 62 62
- - [15/Aug/2020:13:40:58 +0000] "post /index.mipage" 200 20395 60 60
- - [15/Aug/2020:13:41:05 +0000] "post /index.mipage" 200 47 63 63
- - [15/Aug/2020:13:41:08 +0000] "post /index.mipage" 200 149 60 60
- - [15/Aug/2020:13:41:17 +0000] "post /index.mipage" 200 7 63 63
- - [15/Aug/2020:13:42:09 +0000] "post /index.mipage" 200 52 50 50
- - [15/Aug/2020:13:42:25 +0000] "post /index.mipage" 200 76 552 552
- - [15/Aug/2020:14:01:32 +0000] "post /index.mipage" 200 48 50 50
- - [15/Aug/2020:14:05:23 +0000] "get /index.mipage" 200 112 17589 17589
- - [15/Aug/2020:14:05:23 +0000] "get /FontAwesome5/js/all.js" 200 2 1242204 1242204
- - [15/Aug/2020:14:05:23 +0000] "get /JQuery/jquery-3.4.1.min.js" 200 3 88147 88147
- - [15/Aug/2020:14:05:23 +0000] "get /JQuery/APL_JavaScript_Utils.js" 200 4 1338 1338
- - [15/Aug/2020:14:05:23 +0000] "get /Bootstrap4/popper.min.js" 200 2 21167 21167
- - [15/Aug/2020:14:05:23 +0000] "get /Bootstrap4/bootstrap.min.js" 200 3 58078 58078
- - [15/Aug/2020:14:05:23 +0000] "get /jBox/jBox.min.js" 200 3 37610 37610
- - [15/Aug/2020:14:05:23 +0000] "get /jBox/plugins/Confirm/jBox.Confirm.min.js" 200 3 1445 1445
- - [15/Aug/2020:14:05:23 +0000] "get /jBox/plugins/Notice/jBox.Notice.min.js" 200 2 1852 1852
- - [15/Aug/2020:14:05:23 +0000] "get /jBox/plugins/Image/jBox.Image.min.js" 200 3 4565 4565
- - [15/Aug/2020:14:05:23 +0000] "get /assets/lBox.js" 200 2 244 244
- - [15/Aug/2020:14:05:23 +0000] "get /Bootstrap4/bootstrap.min.css" 200 3 155764 155764
- - [15/Aug/2020:14:05:23 +0000] "get /jBox/jBox.css" 200 3 8701 8701
- - [15/Aug/2020:14:05:23 +0000] "get /jBox/plugins/Confirm/jBox.Confirm.css" 200 2 1053 1053
- - [15/Aug/2020:14:05:23 +0000] "get /jBox/plugins/Notice/jBox.Notice.css" 200 3 1325 1325
- - [15/Aug/2020:14:05:23 +0000] "get /jBox/plugins/Image/jBox.Image.css" 200 3 3390 3390
- - [15/Aug/2020:14:05:23 +0000] "get /jBox/themes/TooltipDark.css" 200 2 712 712
- - [15/Aug/2020:14:05:23 +0000] "get /assets/style.css" 200 2 62 62
- - [15/Aug/2020:14:05:23 +0000] "get /index.mipage" 200 93 17804 17804
- - [15/Aug/2020:14:06:42 +0000] "post /index.mipage" 200 46560 2 2
- - [15/Aug/2020:14:06:52 +0000] "post /index.mipage" 200 115 552 552
- - [15/Aug/2020:14:07:03 +0000] "post /index.mipage" 200 9 63 63
- - [15/Aug/2020:14:07:07 +0000] "post /index.mipage" 200 141 60 60
- - [15/Aug/2020:14:10:48 +0000] "post /index.mipage" 500 254 474 474
- - [15/Aug/2020:14:11:55 +0000] "get /index.mipage" 200 68 17582 17582
- - [15/Aug/2020:14:11:55 +0000] "get /FontAwesome5/js/all.js" 200 4 1242204 1242204
- - [15/Aug/2020:14:11:55 +0000] "get /JQuery/jquery-3.4.1.min.js" 200 2 88147 88147
- - [15/Aug/2020:14:11:55 +0000] "get /JQuery/APL_JavaScript_Utils.js" 200 2 1338 1338
- - [15/Aug/2020:14:11:55 +0000] "get /Bootstrap4/popper.min.js" 200 2 21167 21167
- - [15/Aug/2020:14:11:55 +0000] "get /Bootstrap4/bootstrap.min.js" 200 3 58078 58078
- - [15/Aug/2020:14:11:55 +0000] "get /jBox/plugins/Confirm/jBox.Confirm.min.js" 200 2 1445 1445
- - [15/Aug/2020:14:11:55 +0000] "get /jBox/jBox.min.js" 200 3 37610 37610
- - [15/Aug/2020:14:11:55 +0000] "get /jBox/plugins/Image/jBox.Image.min.js" 200 3 4565 4565
- - [15/Aug/2020:14:11:55 +0000] "get /jBox/plugins/Notice/jBox.Notice.min.js" 200 2 1852 1852
- - [15/Aug/2020:14:11:55 +0000] "get /assets/lBox.js" 200 2 244 244
- - [15/Aug/2020:14:11:55 +0000] "get /Bootstrap4/bootstrap.min.css" 200 3 155764 155764
- - [15/Aug/2020:14:11:55 +0000] "get /jBox/jBox.css" 200 2 8701 8701
- - [15/Aug/2020:14:11:55 +0000] "get /jBox/plugins/Confirm/jBox.Confirm.css" 200 2 1053 1053
- - [15/Aug/2020:14:11:55 +0000] "get /jBox/plugins/Notice/jBox.Notice.css" 200 3 1325 1325
- - [15/Aug/2020:14:11:55 +0000] "get /jBox/plugins/Image/jBox.Image.css" 200 2 3390 3390
- - [15/Aug/2020:14:11:55 +0000] "get /jBox/themes/TooltipDark.css" 200 4 712 712
- - [15/Aug/2020:14:11:55 +0000] "get /assets/style.css" 200 3 62 62
- - [15/Aug/2020:14:11:56 +0000] "get /index.mipage" 200 78 17806 17806
- - [15/Aug/2020:14:12:21 +0000] "post /index.mipage" 200 110 552 552
- - [15/Aug/2020:15:04:20 +0000] "get /index.mipage" 200 101 17635 17635
- - [15/Aug/2020:15:04:20 +0000] "get /FontAwesome5/js/all.js" 200 4 1242204 1242204
- - [15/Aug/2020:15:04:20 +0000] "get /JQuery/jquery-3.4.1.min.js" 200 4 88147 88147
- - [15/Aug/2020:15:04:20 +0000] "get /Bootstrap4/popper.min.js" 200 4 21167 21167
- - [15/Aug/2020:15:04:20 +0000] "get /JQuery/APL_JavaScript_Utils.js" 200 5 1338 1338
- - [15/Aug/2020:15:04:20 +0000] "get /Bootstrap4/bootstrap.min.js" 200 4 58078 58078
- - [15/Aug/2020:15:04:20 +0000] "get /jBox/jBox.min.js" 200 4 37610 37610
- - [15/Aug/2020:15:04:20 +0000] "get /jBox/plugins/Confirm/jBox.Confirm.min.js" 200 6 1445 1445
- - [15/Aug/2020:15:04:20 +0000] "get /jBox/plugins/Notice/jBox.Notice.min.js" 200 4 1852 1852
- - [15/Aug/2020:15:04:20 +0000] "get /jBox/plugins/Image/jBox.Image.min.js" 200 6 4565 4565
- - [15/Aug/2020:15:04:20 +0000] "get /assets/lBox.js" 200 3 244 244
- - [15/Aug/2020:15:04:20 +0000] "get /Bootstrap4/bootstrap.min.css" 200 6 155764 155764
- - [15/Aug/2020:15:04:20 +0000] "get /jBox/jBox.css" 200 6 8701 8701
- - [15/Aug/2020:15:04:20 +0000] "get /jBox/plugins/Confirm/jBox.Confirm.css" 200 3 1053 1053
- - [15/Aug/2020:15:04:20 +0000] "get /jBox/plugins/Notice/jBox.Notice.css" 200 3 1325 1325
- - [15/Aug/2020:15:04:20 +0000] "get /jBox/plugins/Image/jBox.Image.css" 200 6 3390 3390
- - [15/Aug/2020:15:04:20 +0000] "get /jBox/themes/TooltipDark.css" 200 6 712 712
- - [15/Aug/2020:15:04:20 +0000] "get /assets/style.css" 200 3 62 62
- - [15/Aug/2020:15:04:20 +0000] "get /index.mipage" 200 142 17901 17901
- - [15/Aug/2020:15:04:34 +0000] "post /index.mipage" 200 149 612 612
- - [15/Aug/2020:15:06:50 +0000] "get /index.mipage" 200 167 17663 17663
- - [15/Aug/2020:15:06:50 +0000] "get /FontAwesome5/js/all.js" 200 6 1242204 1242204
- - [15/Aug/2020:15:06:50 +0000] "get /JQuery/jquery-3.4.1.min.js" 200 5 88147 88147
- - [15/Aug/2020:15:06:50 +0000] "get /JQuery/APL_JavaScript_Utils.js" 200 5 1338 1338
- - [15/Aug/2020:15:06:50 +0000] "get /Bootstrap4/popper.min.js" 200 5 21167 21167
- - [15/Aug/2020:15:06:50 +0000] "get /Bootstrap4/bootstrap.min.js" 200 6 58078 58078
- - [15/Aug/2020:15:06:50 +0000] "get /jBox/jBox.min.js" 200 7 37610 37610
- - [15/Aug/2020:15:06:50 +0000] "get /jBox/plugins/Confirm/jBox.Confirm.min.js" 200 7 1445 1445
- - [15/Aug/2020:15:06:50 +0000] "get /jBox/plugins/Notice/jBox.Notice.min.js" 200 5 1852 1852
- - [15/Aug/2020:15:06:50 +0000] "get /jBox/plugins/Image/jBox.Image.min.js" 200 7 4565 4565
- - [15/Aug/2020:15:06:50 +0000] "get /assets/lBox.js" 200 4 244 244
- - [15/Aug/2020:15:06:50 +0000] "get /Bootstrap4/bootstrap.min.css" 200 5 155764 155764
- - [15/Aug/2020:15:06:50 +0000] "get /jBox/jBox.css" 200 6 8701 8701
- - [15/Aug/2020:15:06:50 +0000] "get /jBox/plugins/Confirm/jBox.Confirm.css" 200 7 1053 1053
- - [15/Aug/2020:15:06:50 +0000] "get /jBox/plugins/Notice/jBox.Notice.css" 200 6 1325 1325
- - [15/Aug/2020:15:06:50 +0000] "get /jBox/plugins/Image/jBox.Image.css" 200 5 3390 3390
- - [15/Aug/2020:15:06:50 +0000] "get /jBox/themes/TooltipDark.css" 200 4 712 712
- - [15/Aug/2020:15:06:50 +0000] "get /assets/style.css" 200 5 62 62
- - [15/Aug/2020:15:06:51 +0000] "get /index.mipage" 200 207 17926 17926
- - [15/Aug/2020:15:07:08 +0000] "post /index.mipage" 200 175 612 612
- - [15/Aug/2020:15:08:31 +0000] "post /index.mipage" 200 77152 1899 1899
- - [15/Aug/2020:15:11:15 +0000] "get /index.mipage" 200 77 17663 17663
- - [15/Aug/2020:15:11:16 +0000] "get /FontAwesome5/js/all.js" 200 4 1242204 1242204
- - [15/Aug/2020:15:11:16 +0000] "get /JQuery/jquery-3.4.1.min.js" 200 3 88147 88147
- - [15/Aug/2020:15:11:16 +0000] "get /JQuery/APL_JavaScript_Utils.js" 200 3 1338 1338
- - [15/Aug/2020:15:11:16 +0000] "get /Bootstrap4/popper.min.js" 200 4 21167 21167
- - [15/Aug/2020:15:11:16 +0000] "get /Bootstrap4/bootstrap.min.js" 200 6 58078 58078
- - [15/Aug/2020:15:11:16 +0000] "get /jBox/jBox.min.js" 200 6 37610 37610
- - [15/Aug/2020:15:11:16 +0000] "get /jBox/plugins/Confirm/jBox.Confirm.min.js" 200 6 1445 1445
- - [15/Aug/2020:15:11:16 +0000] "get /jBox/plugins/Notice/jBox.Notice.min.js" 200 3 1852 1852
- - [15/Aug/2020:15:11:16 +0000] "get /jBox/plugins/Image/jBox.Image.min.js" 200 5 4565 4565
- - [15/Aug/2020:15:11:16 +0000] "get /assets/lBox.js" 200 3 244 244
- - [15/Aug/2020:15:11:16 +0000] "get /Bootstrap4/bootstrap.min.css" 200 6 155764 155764
- - [15/Aug/2020:15:11:16 +0000] "get /jBox/jBox.css" 200 4 8701 8701
- - [15/Aug/2020:15:11:16 +0000] "get /jBox/plugins/Confirm/jBox.Confirm.css" 200 6 1053 1053
- - [15/Aug/2020:15:11:16 +0000] "get /jBox/plugins/Notice/jBox.Notice.css" 200 4 1325 1325
- - [15/Aug/2020:15:11:16 +0000] "get /jBox/plugins/Image/jBox.Image.css" 200 4 3390 3390
- - [15/Aug/2020:15:11:16 +0000] "get /jBox/themes/TooltipDark.css" 200 4 712 712
- - [15/Aug/2020:15:11:16 +0000] "get /assets/style.css" 200 4 62 62
- - [15/Aug/2020:15:11:16 +0000] "get /index.mipage" 200 82 17926 17926
- - [15/Aug/2020:15:11:16 +0000] "get /Bootstrap4/bootstrap.min.css" 200 4 155764 155764
- - [15/Aug/2020:15:11:16 +0000] "get /jBox/jBox.css" 200 3 8701 8701
- - [15/Aug/2020:15:11:16 +0000] "get /jBox/plugins/Confirm/jBox.Confirm.css" 200 3 1053 1053
- - [15/Aug/2020:15:11:16 +0000] "get /jBox/plugins/Notice/jBox.Notice.css" 200 3 1325 1325
- - [15/Aug/2020:15:11:16 +0000] "get /jBox/themes/TooltipDark.css" 200 3 712 712
- - [15/Aug/2020:15:11:16 +0000] "get /assets/style.css" 200 2 62 62
- - [15/Aug/2020:15:11:16 +0000] "get /jBox/plugins/Image/jBox.Image.css" 200 3 3390 3390
- - [15/Aug/2020:15:11:28 +0000] "post /index.mipage" 200 119 612 612
- - [15/Aug/2020:15:12:15 +0000] "post /index.mipage" 200 42129 2094 2094
- - [15/Aug/2020:15:21:15 +0000] "get /index.mipage" 200 65 17657 17657
- - [15/Aug/2020:15:21:15 +0000] "get /FontAwesome5/js/all.js" 200 2 1242204 1242204
- - [15/Aug/2020:15:21:15 +0000] "get /JQuery/jquery-3.4.1.min.js" 200 2 88147 88147
- - [15/Aug/2020:15:21:15 +0000] "get /JQuery/APL_JavaScript_Utils.js" 200 3 1338 1338
- - [15/Aug/2020:15:21:15 +0000] "get /Bootstrap4/popper.min.js" 200 3 21167 21167
- - [15/Aug/2020:15:21:15 +0000] "get /Bootstrap4/bootstrap.min.js" 200 3 58078 58078
- - [15/Aug/2020:15:21:15 +0000] "get /jBox/jBox.min.js" 200 4 37610 37610
- - [15/Aug/2020:15:21:15 +0000] "get /jBox/plugins/Confirm/jBox.Confirm.min.js" 200 3 1445 1445
- - [15/Aug/2020:15:21:15 +0000] "get /jBox/plugins/Notice/jBox.Notice.min.js" 200 4 1852 1852
- - [15/Aug/2020:15:21:15 +0000] "get /jBox/plugins/Image/jBox.Image.min.js" 200 3 4565 4565
- - [15/Aug/2020:15:21:15 +0000] "get /assets/lBox.js" 200 2 244 244
- - [15/Aug/2020:15:21:15 +0000] "get /jBox/jBox.css" 200 4 8701 8701
- - [15/Aug/2020:15:21:15 +0000] "get /Bootstrap4/bootstrap.min.css" 200 4 155764 155764
- - [15/Aug/2020:15:21:15 +0000] "get /jBox/plugins/Confirm/jBox.Confirm.css" 200 4 1053 1053
- - [15/Aug/2020:15:21:15 +0000] "get /jBox/plugins/Notice/jBox.Notice.css" 200 4 1325 1325
- - [15/Aug/2020:15:21:15 +0000] "get /jBox/plugins/Image/jBox.Image.css" 200 4 3390 3390
- - [15/Aug/2020:15:21:15 +0000] "get /jBox/themes/TooltipDark.css" 200 3 712 712
- - [15/Aug/2020:15:21:15 +0000] "get /assets/style.css" 200 3 62 62
- - [15/Aug/2020:15:21:15 +0000] "get /index.mipage" 200 112 17926 17926
- - [15/Aug/2020:15:21:33 +0000] "post /index.mipage" 200 99 612 612
- - [15/Aug/2020:15:21:44 +0000] "post /index.mipage" 200 4763 255 255
- - [15/Aug/2020:15:23:49 +0000] "get /index.mipage" 200 182 17660 17660
- - [15/Aug/2020:15:23:49 +0000] "get /FontAwesome5/js/all.js" 200 3 1242204 1242204
- - [15/Aug/2020:15:23:49 +0000] "get /JQuery/jquery-3.4.1.min.js" 200 2 88147 88147
- - [15/Aug/2020:15:23:49 +0000] "get /JQuery/APL_JavaScript_Utils.js" 200 2 1338 1338
- - [15/Aug/2020:15:23:49 +0000] "get /Bootstrap4/popper.min.js" 200 3 21167 21167
- - [15/Aug/2020:15:23:49 +0000] "get /Bootstrap4/bootstrap.min.js" 200 2 58078 58078
- - [15/Aug/2020:15:23:49 +0000] "get /jBox/jBox.min.js" 200 2 37610 37610
- - [15/Aug/2020:15:23:49 +0000] "get /jBox/plugins/Confirm/jBox.Confirm.min.js" 200 2 1445 1445
- - [15/Aug/2020:15:23:49 +0000] "get /jBox/plugins/Notice/jBox.Notice.min.js" 200 3 1852 1852
- - [15/Aug/2020:15:23:49 +0000] "get /jBox/plugins/Image/jBox.Image.min.js" 200 2 4565 4565
- - [15/Aug/2020:15:23:49 +0000] "get /assets/lBox.js" 200 2 244 244
- - [15/Aug/2020:15:23:49 +0000] "get /Bootstrap4/bootstrap.min.css" 200 1 155764 155764
- - [15/Aug/2020:15:23:49 +0000] "get /jBox/jBox.css" 200 3 8701 8701
- - [15/Aug/2020:15:23:49 +0000] "get /jBox/plugins/Confirm/jBox.Confirm.css" 200 2 1053 1053
- - [15/Aug/2020:15:23:49 +0000] "get /jBox/plugins/Notice/jBox.Notice.css" 200 2 1325 1325
- - [15/Aug/2020:15:23:49 +0000] "get /jBox/plugins/Image/jBox.Image.css" 200 2 3390 3390
- - [15/Aug/2020:15:23:49 +0000] "get /jBox/themes/TooltipDark.css" 200 3 712 712
- - [15/Aug/2020:15:23:49 +0000] "get /assets/style.css" 200 2 62 62
- - [15/Aug/2020:15:23:49 +0000] "get /index.mipage" 200 73 17923 17923
- - [15/Aug/2020:15:23:49 +0000] "get /Bootstrap4/bootstrap.min.css" 200 3 155764 155764
- - [15/Aug/2020:15:23:49 +0000] "get /jBox/jBox.css" 200 3 8701 8701
- - [15/Aug/2020:15:23:49 +0000] "get /jBox/plugins/Confirm/jBox.Confirm.css" 200 3 1053 1053
- - [15/Aug/2020:15:23:49 +0000] "get /jBox/plugins/Notice/jBox.Notice.css" 200 2 1325 1325
- - [15/Aug/2020:15:23:49 +0000] "get /jBox/plugins/Image/jBox.Image.css" 200 3 3390 3390
- - [15/Aug/2020:15:23:49 +0000] "get /jBox/themes/TooltipDark.css" 200 2 712 712
- - [15/Aug/2020:15:23:49 +0000] "get /assets/style.css" 200 2 62 62
- - [15/Aug/2020:15:24:57 +0000] "get /index.mipage" 200 72 17660 17660
- - [15/Aug/2020:15:24:58 +0000] "get /FontAwesome5/js/all.js" 200 3 1242204 1242204
- - [15/Aug/2020:15:24:58 +0000] "get /JQuery/jquery-3.4.1.min.js" 200 3 88147 88147
- - [15/Aug/2020:15:24:58 +0000] "get /Bootstrap4/popper.min.js" 200 4 21167 21167
- - [15/Aug/2020:15:24:58 +0000] "get /JQuery/APL_JavaScript_Utils.js" 200 2 1338 1338
- - [15/Aug/2020:15:24:58 +0000] "get /Bootstrap4/bootstrap.min.js" 200 2 58078 58078
- - [15/Aug/2020:15:24:58 +0000] "get /jBox/jBox.min.js" 200 3 37610 37610
- - [15/Aug/2020:15:24:58 +0000] "get /jBox/plugins/Confirm/jBox.Confirm.min.js" 200 3 1445 1445
- - [15/Aug/2020:15:24:58 +0000] "get /jBox/plugins/Notice/jBox.Notice.min.js" 200 3 1852 1852
- - [15/Aug/2020:15:24:58 +0000] "get /jBox/plugins/Image/jBox.Image.min.js" 200 3 4565 4565
- - [15/Aug/2020:15:24:58 +0000] "get /assets/lBox.js" 200 2 244 244
- - [15/Aug/2020:15:24:58 +0000] "get /Bootstrap4/bootstrap.min.css" 200 3 155764 155764
- - [15/Aug/2020:15:24:58 +0000] "get /jBox/jBox.css" 200 2 8701 8701
- - [15/Aug/2020:15:24:58 +0000] "get /jBox/plugins/Confirm/jBox.Confirm.css" 200 2 1053 1053
- - [15/Aug/2020:15:24:58 +0000] "get /jBox/plugins/Notice/jBox.Notice.css" 200 3 1325 1325
- - [15/Aug/2020:15:24:58 +0000] "get /jBox/plugins/Image/jBox.Image.css" 200 2 3390 3390
- - [15/Aug/2020:15:24:58 +0000] "get /jBox/themes/TooltipDark.css" 200 3 712 712
- - [15/Aug/2020:15:24:58 +0000] "get /assets/style.css" 200 2 62 62
- - [15/Aug/2020:15:24:58 +0000] "get /index.mipage" 200 68 17926 17926
- - [15/Aug/2020:15:24:58 +0000] "get /Bootstrap4/bootstrap.min.css" 200 3 155764 155764
- - [15/Aug/2020:15:24:58 +0000] "get /jBox/jBox.css" 200 3 8701 8701
- - [15/Aug/2020:15:24:58 +0000] "get /jBox/plugins/Image/jBox.Image.css" 200 2 3390 3390
- - [15/Aug/2020:15:24:58 +0000] "get /jBox/plugins/Confirm/jBox.Confirm.css" 200 2 1053 1053
- - [15/Aug/2020:15:24:58 +0000] "get /jBox/plugins/Notice/jBox.Notice.css" 200 2 1325 1325
- - [15/Aug/2020:15:24:58 +0000] "get /assets/style.css" 200 2 62 62
- - [15/Aug/2020:15:24:58 +0000] "get /jBox/themes/TooltipDark.css" 200 2 712 712
- - [15/Aug/2020:15:36:00 +0000] "get /index.mipage" 200 176 17663 17663
- - [15/Aug/2020:15:36:01 +0000] "get /FontAwesome5/js/all.js" 200 78 1242204 1242204
- - [15/Aug/2020:15:36:01 +0000] "get /JQuery/jquery-3.4.1.min.js" 200 9 88147 88147
- - [15/Aug/2020:15:36:01 +0000] "get /JQuery/APL_JavaScript_Utils.js" 200 3 1338 1338
- - [15/Aug/2020:15:36:01 +0000] "get /Bootstrap4/popper.min.js" 200 4 21167 21167
- - [15/Aug/2020:15:36:01 +0000] "get /Bootstrap4/bootstrap.min.js" 200 6 58078 58078
- - [15/Aug/2020:15:36:01 +0000] "get /jBox/jBox.min.js" 200 7 37610 37610
- - [15/Aug/2020:15:36:01 +0000] "get /jBox/plugins/Confirm/jBox.Confirm.min.js" 200 6 1445 1445
- - [15/Aug/2020:15:36:01 +0000] "get /jBox/plugins/Notice/jBox.Notice.min.js" 200 5 1852 1852
- - [15/Aug/2020:15:36:01 +0000] "get /jBox/plugins/Image/jBox.Image.min.js" 200 5 4565 4565
- - [15/Aug/2020:15:36:01 +0000] "get /assets/lBox.js" 200 4 244 244
- - [15/Aug/2020:15:36:01 +0000] "get /Bootstrap4/bootstrap.min.css" 200 8 155764 155764
- - [15/Aug/2020:15:36:01 +0000] "get /jBox/jBox.css" 200 6 8701 8701
- - [15/Aug/2020:15:36:01 +0000] "get /jBox/plugins/Confirm/jBox.Confirm.css" 200 4 1053 1053
- - [15/Aug/2020:15:36:01 +0000] "get /jBox/plugins/Notice/jBox.Notice.css" 200 5 1325 1325
- - [15/Aug/2020:15:36:01 +0000] "get /jBox/plugins/Image/jBox.Image.css" 200 3 3390 3390
- - [15/Aug/2020:15:36:01 +0000] "get /jBox/themes/TooltipDark.css" 200 5 712 712
- - [15/Aug/2020:15:36:01 +0000] "get /assets/style.css" 200 10 62 62
- - [15/Aug/2020:15:36:01 +0000] "get /index.mipage" 200 77 17926 17926
- - [15/Aug/2020:15:51:20 +0000] "get /index.mipage" 200 115 17666 17666
- - [15/Aug/2020:15:51:20 +0000] "get /FontAwesome5/js/all.js" 200 2 1242204 1242204
- - [15/Aug/2020:15:51:20 +0000] "get /JQuery/jquery-3.4.1.min.js" 200 2 88147 88147
- - [15/Aug/2020:15:51:20 +0000] "get /JQuery/APL_JavaScript_Utils.js" 200 2 1338 1338
- - [15/Aug/2020:15:51:20 +0000] "get /Bootstrap4/popper.min.js" 200 3 21167 21167
- - [15/Aug/2020:15:51:20 +0000] "get /Bootstrap4/bootstrap.min.js" 200 2 58078 58078
- - [15/Aug/2020:15:51:20 +0000] "get /jBox/jBox.min.js" 200 2 37610 37610
- - [15/Aug/2020:15:51:20 +0000] "get /jBox/plugins/Confirm/jBox.Confirm.min.js" 200 2 1445 1445
- - [15/Aug/2020:15:51:20 +0000] "get /jBox/plugins/Notice/jBox.Notice.min.js" 200 2 1852 1852
- - [15/Aug/2020:15:51:20 +0000] "get /jBox/plugins/Image/jBox.Image.min.js" 200 3 4565 4565
- - [15/Aug/2020:15:51:20 +0000] "get /assets/lBox.js" 200 3 244 244
- - [15/Aug/2020:15:51:20 +0000] "get /Bootstrap4/bootstrap.min.css" 200 3 155764 155764
- - [15/Aug/2020:15:51:20 +0000] "get /jBox/jBox.css" 200 2 8701 8701
- - [15/Aug/2020:15:51:20 +0000] "get /jBox/plugins/Confirm/jBox.Confirm.css" 200 2 1053 1053
- - [15/Aug/2020:15:51:20 +0000] "get /jBox/plugins/Notice/jBox.Notice.css" 200 2 1325 1325
- - [15/Aug/2020:15:51:20 +0000] "get /jBox/plugins/Image/jBox.Image.css" 200 2 3390 3390
- - [15/Aug/2020:15:51:20 +0000] "get /jBox/themes/TooltipDark.css" 200 3 712 712
- - [15/Aug/2020:15:51:20 +0000] "get /assets/style.css" 200 2 62 62
- - [15/Aug/2020:15:51:20 +0000] "get /index.mipage" 200 63 17929 17929
- - [15/Aug/2020:15:51:20 +0000] "get /Bootstrap4/bootstrap.min.css" 200 2 155764 155764
- - [15/Aug/2020:15:51:20 +0000] "get /jBox/jBox.css" 200 2 8701 8701
- - [15/Aug/2020:15:51:20 +0000] "get /jBox/plugins/Confirm/jBox.Confirm.css" 200 2 1053 1053
- - [15/Aug/2020:15:51:20 +0000] "get /jBox/plugins/Notice/jBox.Notice.css" 200 2 1325 1325
- - [15/Aug/2020:15:51:20 +0000] "get /jBox/plugins/Image/jBox.Image.css" 200 2 3390 3390
- - [15/Aug/2020:15:51:20 +0000] "get /jBox/themes/TooltipDark.css" 200 2 712 712
- - [15/Aug/2020:15:51:20 +0000] "get /assets/style.css" 200 1 62 62
- - [15/Aug/2020:16:05:08 +0000] "get /index.mipage" 200 59 17654 17654
- - [15/Aug/2020:16:05:08 +0000] "get /FontAwesome5/js/all.js" 200 3 1242204 1242204
- - [15/Aug/2020:16:05:08 +0000] "get /JQuery/jquery-3.4.1.min.js" 200 3 88147 88147
- - [15/Aug/2020:16:05:08 +0000] "get /JQuery/APL_JavaScript_Utils.js" 200 3 1338 1338
- - [15/Aug/2020:16:05:08 +0000] "get /Bootstrap4/popper.min.js" 200 2 21167 21167
- - [15/Aug/2020:16:05:08 +0000] "get /Bootstrap4/bootstrap.min.js" 200 2 58078 58078
- - [15/Aug/2020:16:05:08 +0000] "get /jBox/jBox.min.js" 200 2 37610 37610
- - [15/Aug/2020:16:05:08 +0000] "get /jBox/plugins/Confirm/jBox.Confirm.min.js" 200 3 1445 1445
- - [15/Aug/2020:16:05:08 +0000] "get /jBox/plugins/Notice/jBox.Notice.min.js" 200 2 1852 1852
- - [15/Aug/2020:16:05:08 +0000] "get /jBox/plugins/Image/jBox.Image.min.js" 200 2 4565 4565
- - [15/Aug/2020:16:05:08 +0000] "get /assets/lBox.js" 200 3 244 244
- - [15/Aug/2020:16:05:08 +0000] "get /Bootstrap4/bootstrap.min.css" 200 2 155764 155764
- - [15/Aug/2020:16:05:08 +0000] "get /jBox/jBox.css" 200 1 8701 8701
- - [15/Aug/2020:16:05:08 +0000] "get /jBox/plugins/Confirm/jBox.Confirm.css" 200 2 1053 1053
- - [15/Aug/2020:16:05:08 +0000] "get /jBox/plugins/Notice/jBox.Notice.css" 200 3 1325 1325
- - [15/Aug/2020:16:05:08 +0000] "get /jBox/plugins/Image/jBox.Image.css" 200 2 3390 3390
- - [15/Aug/2020:16:05:08 +0000] "get /jBox/themes/TooltipDark.css" 200 2 712 712
- - [15/Aug/2020:16:05:08 +0000] "get /assets/style.css" 200 2 62 62
- - [15/Aug/2020:16:05:08 +0000] "get /index.mipage" 200 72 17926 17926
- - [15/Aug/2020:16:05:08 +0000] "get /Bootstrap4/bootstrap.min.css" 200 3 155764 155764
- - [15/Aug/2020:16:05:08 +0000] "get /jBox/jBox.css" 200 3 8701 8701
- - [15/Aug/2020:16:05:08 +0000] "get /jBox/plugins/Confirm/jBox.Confirm.css" 200 3 1053 1053
- - [15/Aug/2020:16:05:08 +0000] "get /jBox/plugins/Image/jBox.Image.css" 200 5 3390 3390
- - [15/Aug/2020:16:05:08 +0000] "get /jBox/plugins/Notice/jBox.Notice.css" 200 2 1325 1325
- - [15/Aug/2020:16:05:08 +0000] "get /jBox/themes/TooltipDark.css" 200 3 712 712
- - [15/Aug/2020:16:05:08 +0000] "get /assets/style.css" 200 3 62 62
- - [15/Aug/2020:16:07:35 +0000] "get /index.mipage" 200 82 17663 17663
- - [15/Aug/2020:16:07:35 +0000] "get /FontAwesome5/js/all.js" 200 4 1242204 1242204
- - [15/Aug/2020:16:07:35 +0000] "get /JQuery/jquery-3.4.1.min.js" 200 3 88147 88147
- - [15/Aug/2020:16:07:35 +0000] "get /JQuery/APL_JavaScript_Utils.js" 200 3 1338 1338
- - [15/Aug/2020:16:07:35 +0000] "get /Bootstrap4/popper.min.js" 200 2 21167 21167
- - [15/Aug/2020:16:07:35 +0000] "get /Bootstrap4/bootstrap.min.js" 200 2 58078 58078
- - [15/Aug/2020:16:07:35 +0000] "get /jBox/jBox.min.js" 200 2 37610 37610
- - [15/Aug/2020:16:07:35 +0000] "get /jBox/plugins/Confirm/jBox.Confirm.min.js" 200 2 1445 1445
- - [15/Aug/2020:16:07:35 +0000] "get /jBox/plugins/Notice/jBox.Notice.min.js" 200 2 1852 1852
- - [15/Aug/2020:16:07:35 +0000] "get /jBox/plugins/Image/jBox.Image.min.js" 200 2 4565 4565
- - [15/Aug/2020:16:07:35 +0000] "get /assets/lBox.js" 200 1 244 244
- - [15/Aug/2020:16:07:35 +0000] "get /Bootstrap4/bootstrap.min.css" 200 2 155764 155764
- - [15/Aug/2020:16:07:35 +0000] "get /jBox/jBox.css" 200 2 8701 8701
- - [15/Aug/2020:16:07:35 +0000] "get /jBox/plugins/Confirm/jBox.Confirm.css" 200 2 1053 1053
- - [15/Aug/2020:16:07:35 +0000] "get /jBox/plugins/Notice/jBox.Notice.css" 200 2 1325 1325
- - [15/Aug/2020:16:07:35 +0000] "get /jBox/plugins/Image/jBox.Image.css" 200 2 3390 3390
- - [15/Aug/2020:16:07:35 +0000] "get /jBox/themes/TooltipDark.css" 200 2 712 712
- - [15/Aug/2020:16:07:35 +0000] "get /assets/style.css" 200 1 62 62
- - [15/Aug/2020:16:07:35 +0000] "get /index.mipage" 200 65 17929 17929
- - [15/Aug/2020:16:07:35 +0000] "get /Bootstrap4/bootstrap.min.css" 200 3 155764 155764
- - [15/Aug/2020:16:07:35 +0000] "get /jBox/jBox.css" 200 2 8701 8701
- - [15/Aug/2020:16:07:35 +0000] "get /jBox/plugins/Confirm/jBox.Confirm.css" 200 2 1053 1053
- - [15/Aug/2020:16:07:35 +0000] "get /jBox/plugins/Notice/jBox.Notice.css" 200 2 1325 1325
- - [15/Aug/2020:16:07:35 +0000] "get /jBox/plugins/Image/jBox.Image.css" 200 2 3390 3390
- - [15/Aug/2020:16:07:35 +0000] "get /jBox/themes/TooltipDark.css" 200 2 712 712
- - [15/Aug/2020:16:07:35 +0000] "get /assets/style.css" 200 2 62 62
- - [15/Aug/2020:16:10:11 +0000] "get /index.mipage" 200 73 17663 17663
- - [15/Aug/2020:16:10:11 +0000] "get /FontAwesome5/js/all.js" 200 3 1242204 1242204
- - [15/Aug/2020:16:10:11 +0000] "get /JQuery/jquery-3.4.1.min.js" 200 2 88147 88147
- - [15/Aug/2020:16:10:11 +0000] "get /JQuery/APL_JavaScript_Utils.js" 200 2 1338 1338
- - [15/Aug/2020:16:10:11 +0000] "get /Bootstrap4/popper.min.js" 200 3 21167 21167
- - [15/Aug/2020:16:10:11 +0000] "get /Bootstrap4/bootstrap.min.js" 200 2 58078 58078
- - [15/Aug/2020:16:10:11 +0000] "get /jBox/jBox.min.js" 200 3 37610 37610
- - [15/Aug/2020:16:10:11 +0000] "get /jBox/plugins/Confirm/jBox.Confirm.min.js" 200 2 1445 1445
- - [15/Aug/2020:16:10:11 +0000] "get /jBox/plugins/Notice/jBox.Notice.min.js" 200 2 1852 1852
- - [15/Aug/2020:16:10:11 +0000] "get /jBox/plugins/Image/jBox.Image.min.js" 200 2 4565 4565
- - [15/Aug/2020:16:10:11 +0000] "get /assets/lBox.js" 200 2 244 244
- - [15/Aug/2020:16:10:11 +0000] "get /Bootstrap4/bootstrap.min.css" 200 2 155764 155764
- - [15/Aug/2020:16:10:11 +0000] "get /jBox/jBox.css" 200 4 8701 8701
- - [15/Aug/2020:16:10:11 +0000] "get /jBox/plugins/Confirm/jBox.Confirm.css" 200 3 1053 1053
- - [15/Aug/2020:16:10:11 +0000] "get /jBox/plugins/Notice/jBox.Notice.css" 200 2 1325 1325
- - [15/Aug/2020:16:10:11 +0000] "get /jBox/plugins/Image/jBox.Image.css" 200 4 3390 3390
- - [15/Aug/2020:16:10:11 +0000] "get /jBox/themes/TooltipDark.css" 200 3 712 712
- - [15/Aug/2020:16:10:11 +0000] "get /assets/style.css" 200 2 62 62
- - [15/Aug/2020:16:10:11 +0000] "get /index.mipage" 200 94 17926 17926
- - [15/Aug/2020:16:10:11 +0000] "get /Bootstrap4/bootstrap.min.css" 200 3 155764 155764
- - [15/Aug/2020:16:10:11 +0000] "get /jBox/jBox.css" 200 3 8701 8701
- - [15/Aug/2020:16:10:11 +0000] "get /jBox/plugins/Confirm/jBox.Confirm.css" 200 3 1053 1053
- - [15/Aug/2020:16:10:11 +0000] "get /jBox/plugins/Notice/jBox.Notice.css" 200 2 1325 1325
- - [15/Aug/2020:16:10:11 +0000] "get /jBox/plugins/Image/jBox.Image.css" 200 3 3390 3390
- - [15/Aug/2020:16:10:11 +0000] "get /jBox/themes/TooltipDark.css" 200 2 712 712
- - [15/Aug/2020:16:10:11 +0000] "get /assets/style.css" 200 1 62 62
- - [15/Aug/2020:16:12:49 +0000] "get /index.mipage" 200 56 17663 17663
- - [15/Aug/2020:16:12:49 +0000] "get /FontAwesome5/js/all.js" 200 3 1242204 1242204
- - [15/Aug/2020:16:12:49 +0000] "get /JQuery/jquery-3.4.1.min.js" 200 2 88147 88147
- - [15/Aug/2020:16:12:49 +0000] "get /JQuery/APL_JavaScript_Utils.js" 200 2 1338 1338
- - [15/Aug/2020:16:12:49 +0000] "get /Bootstrap4/popper.min.js" 200 2 21167 21167
- - [15/Aug/2020:16:12:49 +0000] "get /jBox/jBox.min.js" 200 2 37610 37610
- - [15/Aug/2020:16:12:49 +0000] "get /Bootstrap4/bootstrap.min.js" 200 3 58078 58078
- - [15/Aug/2020:16:12:49 +0000] "get /jBox/plugins/Confirm/jBox.Confirm.min.js" 200 2 1445 1445
- - [15/Aug/2020:16:12:49 +0000] "get /jBox/plugins/Notice/jBox.Notice.min.js" 200 2 1852 1852
- - [15/Aug/2020:16:12:49 +0000] "get /jBox/plugins/Image/jBox.Image.min.js" 200 2 4565 4565
- - [15/Aug/2020:16:12:49 +0000] "get /assets/lBox.js" 200 2 244 244
- - [15/Aug/2020:16:12:49 +0000] "get /Bootstrap4/bootstrap.min.css" 200 2 155764 155764
- - [15/Aug/2020:16:12:49 +0000] "get /jBox/jBox.css" 200 2 8701 8701
- - [15/Aug/2020:16:12:49 +0000] "get /jBox/plugins/Confirm/jBox.Confirm.css" 200 2 1053 1053
- - [15/Aug/2020:16:12:49 +0000] "get /jBox/plugins/Notice/jBox.Notice.css" 200 2 1325 1325
- - [15/Aug/2020:16:12:49 +0000] "get /jBox/plugins/Image/jBox.Image.css" 200 2 3390 3390
- - [15/Aug/2020:16:12:49 +0000] "get /jBox/themes/TooltipDark.css" 200 2 712 712
- - [15/Aug/2020:16:12:49 +0000] "get /assets/style.css" 200 1 62 62
- - [15/Aug/2020:16:12:49 +0000] "get /index.mipage" 200 66 17920 17920
- - [15/Aug/2020:16:12:49 +0000] "get /Bootstrap4/bootstrap.min.css" 200 3 155764 155764
- - [15/Aug/2020:16:12:49 +0000] "get /jBox/jBox.css" 200 3 8701 8701
- - [15/Aug/2020:16:12:49 +0000] "get /jBox/plugins/Confirm/jBox.Confirm.css" 200 2 1053 1053
- - [15/Aug/2020:16:12:49 +0000] "get /jBox/plugins/Notice/jBox.Notice.css" 200 2 1325 1325
- - [15/Aug/2020:16:12:49 +0000] "get /jBox/plugins/Image/jBox.Image.css" 200 5 3390 3390
- - [15/Aug/2020:16:12:49 +0000] "get /jBox/themes/TooltipDark.css" 200 2 712 712
- - [15/Aug/2020:16:12:49 +0000] "get /assets/style.css" 200 2 62 62
- - [15/Aug/2020:16:14:57 +0000] "get /index.mipage" 200 89 17588 17588
- - [15/Aug/2020:16:14:57 +0000] "get /FontAwesome5/js/all.js" 200 3 1242204 1242204
- - [15/Aug/2020:16:14:57 +0000] "get /JQuery/jquery-3.4.1.min.js" 200 3 88147 88147
- - [15/Aug/2020:16:14:57 +0000] "get /JQuery/APL_JavaScript_Utils.js" 200 2 1338 1338
- - [15/Aug/2020:16:14:57 +0000] "get /Bootstrap4/popper.min.js" 200 2 21167 21167
- - [15/Aug/2020:16:14:57 +0000] "get /Bootstrap4/bootstrap.min.js" 200 2 58078 58078
- - [15/Aug/2020:16:14:57 +0000] "get /jBox/jBox.min.js" 200 2 37610 37610
- - [15/Aug/2020:16:14:58 +0000] "get /jBox/plugins/Confirm/jBox.Confirm.min.js" 200 2 1445 1445
- - [15/Aug/2020:16:14:58 +0000] "get /jBox/plugins/Notice/jBox.Notice.min.js" 200 2 1852 1852
- - [15/Aug/2020:16:14:58 +0000] "get /jBox/plugins/Image/jBox.Image.min.js" 200 2 4565 4565
- - [15/Aug/2020:16:14:58 +0000] "get /assets/lBox.js" 200 2 244 244
- - [15/Aug/2020:16:14:58 +0000] "get /Bootstrap4/bootstrap.min.css" 200 2 155764 155764
- - [15/Aug/2020:16:14:58 +0000] "get /jBox/jBox.css" 200 2 8701 8701
- - [15/Aug/2020:16:14:58 +0000] "get /jBox/plugins/Confirm/jBox.Confirm.css" 200 3 1053 1053
- - [15/Aug/2020:16:14:58 +0000] "get /jBox/plugins/Notice/jBox.Notice.css" 200 3 1325 1325
- - [15/Aug/2020:16:14:58 +0000] "get /jBox/plugins/Image/jBox.Image.css" 200 3 3390 3390
- - [15/Aug/2020:16:14:58 +0000] "get /jBox/themes/TooltipDark.css" 200 2 712 712
- - [15/Aug/2020:16:14:58 +0000] "get /assets/style.css" 200 2 62 62
- - [15/Aug/2020:16:14:58 +0000] "get /index.mipage" 200 70 17816 17816
- - [15/Aug/2020:16:14:58 +0000] "get /Bootstrap4/bootstrap.min.css" 200 2 155764 155764
- - [15/Aug/2020:16:14:58 +0000] "get /jBox/jBox.css" 200 3 8701 8701
- - [15/Aug/2020:16:14:58 +0000] "get /jBox/plugins/Notice/jBox.Notice.css" 200 2 1325 1325
- - [15/Aug/2020:16:14:58 +0000] "get /jBox/plugins/Confirm/jBox.Confirm.css" 200 2 1053 1053
- - [15/Aug/2020:16:14:58 +0000] "get /jBox/plugins/Image/jBox.Image.css" 200 2 3390 3390
- - [15/Aug/2020:16:14:58 +0000] "get /jBox/themes/TooltipDark.css" 200 3 712 712
- - [15/Aug/2020:16:14:58 +0000] "get /assets/style.css" 200 2 62 62
- - [15/Aug/2020:16:15:12 +0000] "post /index.mipage" 200 5968 2205 2205
- - [15/Aug/2020:16:15:40 +0000] "post /index.mipage" 200 10084 0 0
- - [15/Aug/2020:16:31:47 +0000] "get /index.mipage" 200 90 17591 17591
- - [15/Aug/2020:16:31:47 +0000] "get /FontAwesome5/js/all.js" 200 3 1242204 1242204
- - [15/Aug/2020:16:31:47 +0000] "get /JQuery/jquery-3.4.1.min.js" 200 3 88147 88147
- - [15/Aug/2020:16:31:47 +0000] "get /JQuery/APL_JavaScript_Utils.js" 200 2 1338 1338
- - [15/Aug/2020:16:31:47 +0000] "get /Bootstrap4/popper.min.js" 200 4 21167 21167
- - [15/Aug/2020:16:31:47 +0000] "get /Bootstrap4/bootstrap.min.js" 200 2 58078 58078
- - [15/Aug/2020:16:31:47 +0000] "get /jBox/jBox.min.js" 200 2 37610 37610
- - [15/Aug/2020:16:31:47 +0000] "get /jBox/plugins/Confirm/jBox.Confirm.min.js" 200 2 1445 1445
- - [15/Aug/2020:16:31:47 +0000] "get /jBox/plugins/Notice/jBox.Notice.min.js" 200 3 1852 1852
- - [15/Aug/2020:16:31:47 +0000] "get /jBox/plugins/Image/jBox.Image.min.js" 200 3 4565 4565
- - [15/Aug/2020:16:31:47 +0000] "get /assets/lBox.js" 200 1 244 244
- - [15/Aug/2020:16:31:47 +0000] "get /Bootstrap4/bootstrap.min.css" 200 2 155764 155764
- - [15/Aug/2020:16:31:47 +0000] "get /jBox/jBox.css" 200 3 8701 8701
- - [15/Aug/2020:16:31:47 +0000] "get /jBox/plugins/Confirm/jBox.Confirm.css" 200 2 1053 1053
- - [15/Aug/2020:16:31:47 +0000] "get /jBox/plugins/Notice/jBox.Notice.css" 200 3 1325 1325
- - [15/Aug/2020:16:31:47 +0000] "get /jBox/plugins/Image/jBox.Image.css" 200 2 3390 3390
- - [15/Aug/2020:16:31:47 +0000] "get /jBox/themes/TooltipDark.css" 200 3 712 712
- - [15/Aug/2020:16:31:47 +0000] "get /assets/style.css" 200 2 62 62
- - [15/Aug/2020:16:31:47 +0000] "get /index.mipage" 200 62 17819 17819
- - [15/Aug/2020:16:31:47 +0000] "get /Bootstrap4/bootstrap.min.css" 200 3 155764 155764
- - [15/Aug/2020:16:31:47 +0000] "get /jBox/jBox.css" 200 3 8701 8701
- - [15/Aug/2020:16:31:47 +0000] "get /jBox/plugins/Confirm/jBox.Confirm.css" 200 2 1053 1053
- - [15/Aug/2020:16:31:47 +0000] "get /jBox/themes/TooltipDark.css" 200 3 712 712
- - [15/Aug/2020:16:31:47 +0000] "get /jBox/plugins/Notice/jBox.Notice.css" 200 2 1325 1325
- - [15/Aug/2020:16:31:47 +0000] "get /jBox/plugins/Image/jBox.Image.css" 200 2 3390 3390
- - [15/Aug/2020:16:31:47 +0000] "get /assets/style.css" 200 2 62 62
- - [15/Aug/2020:16:31:51 +0000] "post /index.mipage" 200 13 2217 2217
- - [15/Aug/2020:16:48:19 +0000] "get /index.mipage" 200 73 17585 17585
- - [15/Aug/2020:16:48:20 +0000] "get /FontAwesome5/js/all.js" 200 2 1242204 1242204
- - [15/Aug/2020:16:48:20 +0000] "get /JQuery/jquery-3.4.1.min.js" 200 3 88147 88147
- - [15/Aug/2020:16:48:20 +0000] "get /JQuery/APL_JavaScript_Utils.js" 200 2 1338 1338
- - [15/Aug/2020:16:48:20 +0000] "get /Bootstrap4/popper.min.js" 200 2 21167 21167
- - [15/Aug/2020:16:48:20 +0000] "get /Bootstrap4/bootstrap.min.js" 200 4 58078 58078
- - [15/Aug/2020:16:48:20 +0000] "get /jBox/jBox.min.js" 200 5 37610 37610
- - [15/Aug/2020:16:48:20 +0000] "get /jBox/plugins/Confirm/jBox.Confirm.min.js" 200 5 1445 1445
- - [15/Aug/2020:16:48:20 +0000] "get /jBox/plugins/Notice/jBox.Notice.min.js" 200 4 1852 1852
- - [15/Aug/2020:16:48:20 +0000] "get /jBox/plugins/Image/jBox.Image.min.js" 200 2 4565 4565
- - [15/Aug/2020:16:48:20 +0000] "get /assets/lBox.js" 200 2 244 244
- - [15/Aug/2020:16:48:20 +0000] "get /Bootstrap4/bootstrap.min.css" 200 3 155764 155764
- - [15/Aug/2020:16:48:20 +0000] "get /jBox/jBox.css" 200 3 8701 8701
- - [15/Aug/2020:16:48:20 +0000] "get /jBox/plugins/Confirm/jBox.Confirm.css" 200 3 1053 1053
- - [15/Aug/2020:16:48:20 +0000] "get /jBox/plugins/Notice/jBox.Notice.css" 200 3 1325 1325
- - [15/Aug/2020:16:48:20 +0000] "get /jBox/plugins/Image/jBox.Image.css" 200 2 3390 3390
- - [15/Aug/2020:16:48:20 +0000] "get /jBox/themes/TooltipDark.css" 200 3 712 712
- - [15/Aug/2020:16:48:20 +0000] "get /assets/style.css" 200 2 62 62
- - [15/Aug/2020:16:48:20 +0000] "get /index.mipage" 200 67 17816 17816
- - [15/Aug/2020:16:48:20 +0000] "get /Bootstrap4/bootstrap.min.css" 200 3 155764 155764
- - [15/Aug/2020:16:48:20 +0000] "get /jBox/jBox.css" 200 2 8701 8701
- - [15/Aug/2020:16:48:20 +0000] "get /jBox/plugins/Confirm/jBox.Confirm.css" 200 1 1053 1053
- - [15/Aug/2020:16:48:20 +0000] "get /jBox/plugins/Notice/jBox.Notice.css" 200 3 1325 1325
- - [15/Aug/2020:16:48:20 +0000] "get /jBox/themes/TooltipDark.css" 200 3 712 712
- - [15/Aug/2020:16:48:20 +0000] "get /jBox/plugins/Image/jBox.Image.css" 200 2 3390 3390
- - [15/Aug/2020:16:48:20 +0000] "get /assets/style.css" 200 1 62 62
- - [15/Aug/2020:16:48:27 +0000] "post /index.mipage" 200 24 2215 2215
- - [15/Aug/2020:16:49:54 +0000] "post /index.mipage" 200 79726 601 601
- - [15/Aug/2020:16:50:03 +0000] "post /index.mipage" 200 5 112 112
- - [15/Aug/2020:16:51:07 +0000] "get /index.mipage" 200 109 17591 17591
- - [15/Aug/2020:16:51:07 +0000] "get /JQuery/jquery-3.4.1.min.js" 200 3 88147 88147
- - [15/Aug/2020:16:51:07 +0000] "get /FontAwesome5/js/all.js" 200 2 1242204 1242204
- - [15/Aug/2020:16:51:07 +0000] "get /JQuery/APL_JavaScript_Utils.js" 200 3 1338 1338
- - [15/Aug/2020:16:51:07 +0000] "get /Bootstrap4/popper.min.js" 200 2 21167 21167
- - [15/Aug/2020:16:51:07 +0000] "get /Bootstrap4/bootstrap.min.js" 200 3 58078 58078
- - [15/Aug/2020:16:51:07 +0000] "get /jBox/jBox.min.js" 200 2 37610 37610
- - [15/Aug/2020:16:51:07 +0000] "get /jBox/plugins/Confirm/jBox.Confirm.min.js" 200 3 1445 1445
- - [15/Aug/2020:16:51:07 +0000] "get /jBox/plugins/Notice/jBox.Notice.min.js" 200 2 1852 1852
- - [15/Aug/2020:16:51:07 +0000] "get /jBox/plugins/Image/jBox.Image.min.js" 200 2 4565 4565
- - [15/Aug/2020:16:51:07 +0000] "get /assets/lBox.js" 200 2 244 244
- - [15/Aug/2020:16:51:07 +0000] "get /Bootstrap4/bootstrap.min.css" 200 2 155764 155764
- - [15/Aug/2020:16:51:07 +0000] "get /jBox/jBox.css" 200 3 8701 8701
- - [15/Aug/2020:16:51:07 +0000] "get /jBox/plugins/Confirm/jBox.Confirm.css" 200 2 1053 1053
- - [15/Aug/2020:16:51:07 +0000] "get /jBox/plugins/Notice/jBox.Notice.css" 200 3 1325 1325
- - [15/Aug/2020:16:51:07 +0000] "get /jBox/plugins/Image/jBox.Image.css" 200 2 3390 3390
- - [15/Aug/2020:16:51:07 +0000] "get /jBox/themes/TooltipDark.css" 200 3 712 712
- - [15/Aug/2020:16:51:07 +0000] "get /assets/style.css" 200 2 62 62
- - [15/Aug/2020:16:51:07 +0000] "get /index.mipage" 200 61 17819 17819
- - [15/Aug/2020:16:51:07 +0000] "get /jBox/jBox.css" 200 3 8701 8701
- - [15/Aug/2020:16:51:07 +0000] "get /Bootstrap4/bootstrap.min.css" 200 2 155764 155764
- - [15/Aug/2020:16:51:07 +0000] "get /jBox/plugins/Notice/jBox.Notice.css" 200 2 1325 1325
- - [15/Aug/2020:16:51:07 +0000] "get /jBox/plugins/Confirm/jBox.Confirm.css" 200 2 1053 1053
- - [15/Aug/2020:16:51:07 +0000] "get /jBox/plugins/Image/jBox.Image.css" 200 3 3390 3390
- - [15/Aug/2020:16:51:07 +0000] "get /assets/style.css" 200 2 62 62
- - [15/Aug/2020:16:51:07 +0000] "get /jBox/themes/TooltipDark.css" 200 3 712 712
- - [15/Aug/2020:16:51:12 +0000] "post /index.mipage" 200 15 2217 2217
- - [15/Aug/2020:16:51:16 +0000] "post /index.mipage" 200 15 609 609
- - [15/Aug/2020:16:51:19 +0000] "post /index.mipage" 200 9 112 112
- - [15/Aug/2020:16:51:24 +0000] "post /index.mipage" 200 12 175 175
- - [15/Aug/2020:16:51:26 +0000] "post /index.mipage" 200 5 112 112
- - [15/Aug/2020:16:51:27 +0000] "post /index.mipage" 200 12 172 172
- - [15/Aug/2020:16:51:29 +0000] "post /index.mipage" 200 7 112 112
- - [15/Aug/2020:16:51:30 +0000] "post /index.mipage" 200 13 172 172
- - [15/Aug/2020:16:51:32 +0000] "post /index.mipage" 200 5 112 112
- - [15/Aug/2020:16:51:33 +0000] "post /index.mipage" 200 16 173 173
